#
# A fatal error has been detected by the Java Runtime Environment:
#
#  SIGSEGV (0xb) at pc=0xb6663f08, pid=10766, tid=10767
#
# JRE version: OpenJDK Runtime Environment (9.0) (build 9-internal+0-2016-04-21-232257.buildd.src)
# Java VM: OpenJDK Server VM (9-internal+0-2016-04-21-232257.buildd.src, mixed mode, tiered, g1 gc, linux-x86)
# Problematic frame:
# C  [libjava.so+0x18f08]  JNU_GetEnv+0x18
#
# No core dump will be written. Core dumps have been disabled. To enable core dumping, try "ulimit -c unlimited" before starting Java again
#
# If you would like to submit a bug report, please visit:
#   http://bugreport.java.com/bugreport/crash.jsp
# The crash happened outside the Java Virtual Machine in native code.
# See problematic frame for where to report the bug.
#

---------------  S U M M A R Y ------------

Command Line: Quiz1

Host: Intel(R) Core(TM) i7-6500U CPU @ 2.50GHz, 4 cores, 15G, Ubuntu 16.04 LTS
Time: Wed Oct  5 10:52:30 2016 PDT elapsed time: 0 seconds (0d 0h 0m 0s)

---------------  T H R E A D  ---------------

Current thread (0xb650b400):  JavaThread "main" [_thread_in_native, id=10767, stack(0xb667c000,0xb66cd000)]

Stack: [0xb667c000,0xb66cd000],  sp=0xb66cb10c,  free space=316k
Native frames: (J=compiled Java code, j=interpreted, Vv=VM code, C=native code)
C  [libjava.so+0x18f08]  JNU_GetEnv+0x18
C  [libfontmanager.so+0x2faf5]
C  [libfreetype.so.6+0xf4dc]  FT_Stream_Seek+0x1c

Java frames: (J=compiled Java code, j=interpreted, Vv=VM code)
j  sun.font.FreetypeFontScaler.initNativeScaler(Lsun/font/Font2D;IIZI)J+0 java.desktop@9-internal
j  sun.font.FreetypeFontScaler.<init>(Lsun/font/Font2D;IZI)V+26 java.desktop@9-internal
v  ~StubRoutines::call_stub
j  jdk.internal.reflect.NativeConstructorAccessorImpl.newInstance0(Ljava/lang/reflect/Constructor;[Ljava/lang/Object;)Ljava/lang/Object;+0 java.base@9-internal
j  jdk.internal.reflect.NativeConstructorAccessorImpl.newInstance([Ljava/lang/Object;)Ljava/lang/Object;+85 java.base@9-internal
j  jdk.internal.reflect.DelegatingConstructorAccessorImpl.newInstance([Ljava/lang/Object;)Ljava/lang/Object;+5 java.base@9-internal
j  java.lang.reflect.Constructor.newInstance([Ljava/lang/Object;)Ljava/lang/Object;+65 java.base@9-internal
j  sun.font.FontScaler.getScaler(Lsun/font/Font2D;IZI)Lsun/font/FontScaler;+39 java.desktop@9-internal
j  sun.font.TrueTypeFont.getScaler()Lsun/font/FontScaler;+21 java.desktop@9-internal
j  sun.font.FileFontStrike.<init>(Lsun/font/FileFont;Lsun/font/FontStrikeDesc;)V+204 java.desktop@9-internal
j  sun.font.FileFont.createStrike(Lsun/font/FontStrikeDesc;)Lsun/font/FontStrike;+18 java.desktop@9-internal
j  sun.font.Font2D.getStrike(Lsun/font/FontStrikeDesc;Z)Lsun/font/FontStrike;+92 java.desktop@9-internal
j  sun.font.Font2D.getStrike(Lsun/font/FontStrikeDesc;)Lsun/font/FontStrike;+3 java.desktop@9-internal
j  sun.font.CompositeStrike.getStrikeForSlot(I)Lsun/font/PhysicalStrike;+23 java.desktop@9-internal
j  sun.font.CompositeStrike.getFontMetrics()Lsun/font/StrikeMetrics;+31 java.desktop@9-internal
j  sun.font.FontDesignMetrics.initMatrixAndMetrics()V+28 java.desktop@9-internal
j  sun.font.FontDesignMetrics.<init>(Ljava/awt/Font;Ljava/awt/font/FontRenderContext;)V+62 java.desktop@9-internal
j  sun.font.FontDesignMetrics.getMetrics(Ljava/awt/Font;Ljava/awt/font/FontRenderContext;)Lsun/font/FontDesignMetrics;+128 java.desktop@9-internal
j  sun.swing.SwingUtilities2.getFontMetrics(Ljavax/swing/JComponent;Ljava/awt/Font;)Ljava/awt/FontMetrics;+15 java.desktop@9-internal
j  javax.swing.JComponent.getFontMetrics(Ljava/awt/Font;)Ljava/awt/FontMetrics;+2 java.desktop@9-internal
j  javax.swing.plaf.basic.BasicLabelUI.getPreferredSize(Ljavax/swing/JComponent;)Ljava/awt/Dimension;+144 java.desktop@9-internal
j  javax.swing.JComponent.getPreferredSize()Ljava/awt/Dimension;+26 java.desktop@9-internal
j  java.awt.FlowLayout.layoutContainer(Ljava/awt/Container;)V+127 java.desktop@9-internal
j  java.awt.Container.layout()V+11 java.desktop@9-internal
j  java.awt.Container.doLayout()V+1 java.desktop@9-internal
j  java.awt.Container.validateTree()V+47 java.desktop@9-internal
j  java.awt.Container.validateTree()V+110 java.desktop@9-internal
j  java.awt.Container.validateTree()V+110 java.desktop@9-internal
j  java.awt.Container.validateTree()V+110 java.desktop@9-internal
j  java.awt.Container.validateTree()V+110 java.desktop@9-internal
j  java.awt.Container.validate()V+60 java.desktop@9-internal
j  java.awt.Container.validateUnconditionally()V+14 java.desktop@9-internal
j  java.awt.Window.pack()V+68 java.desktop@9-internal
j  Quiz1.main([Ljava/lang/String;)V+33
v  ~StubRoutines::call_stub

siginfo: si_signo: 11 (SIGSEGV), si_code: 1 (SEGV_MAPERR), si_addr: 0x00000000

Register to memory mapping:

EAX=0x00000000 is an unknown value
EBX=0x627ff000: <offset 0x000c4000> in /usr/lib/jvm/java-9-openjdk-i386/lib/i386/libfontmanager.so at 0x6273b000
ECX=0x00010002 is an unknown value
EDX=0x00000000 is an unknown value
ESP=0xb66cb10c is pointing into the stack for thread: 0xb650b400
EBP=0xb66cb128 is pointing into the stack for thread: 0xb650b400
ESI=0x00000000 is an unknown value
EDI=0x00000000 is an unknown value


Registers:
EAX=0x00000000, EBX=0x627ff000, ECX=0x00010002, EDX=0x00000000
ESP=0xb66cb10c, EBP=0xb66cb128, ESI=0x00000000, EDI=0x00000000
EIP=0xb6663f08, EFLAGS=0x00010246, CR2=0x0000000000000000

Top of Stack: (sp=0xb66cb10c)
0xb66cb10c:   00000000 b66cb158 b77b4f10 62701c9b
0xb66cb11c:   9b232100 00000000 62805038 b66cb158
0xb66cb12c:   6276aaf5 00000000 00010002 00001323
0xb66cb13c:   6286c7dc b77c4000 628052e8 626990b9
0xb66cb14c:   6286c528 00000000 00000000 62872fe8
0xb66cb15c:   6269a4dc 6286c528 00000000 00000000
0xb66cb16c:   00000000 b7772000 6273a000 6286c528
0xb66cb17c:   626ae2b8 6286c528 00000000 00000001 

Instructions: (pc=0xb6663f08)
0xb6663ee8:   ff eb f3 90 8d 74 26 00 55 89 e5 83 ec 1c 8b 45
0xb6663ef8:   08 65 8b 15 14 00 00 00 89 55 f4 31 d2 8b 4d 0c
0xb6663f08:   8b 10 51 8d 4d f0 51 50 ff 52 18 8b 45 f0 8b 4d
0xb6663f18:   f4 65 33 0d 14 00 00 00 75 02 c9 c3 e8 c7 5b 00 


---------------  P R O C E S S  ---------------

Java Threads: ( => current thread )
  0x6285d400 JavaThread "AWT-EventQueue-0" [_thread_blocked, id=10794, stack(0x62298000,0x622e9000)]
  0x6285b000 JavaThread "AWT-Shutdown" [_thread_blocked, id=10793, stack(0x622e9000,0x6233a000)]
  0x62826800 JavaThread "AWT-XAWT" daemon [_thread_in_native, id=10792, stack(0x6253a000,0x6258b000)]
  0x6280f800 JavaThread "Java2D Disposer" daemon [_thread_blocked, id=10791, stack(0x6294a000,0x6299b000)]
  0x635c0400 JavaThread "Service Thread" daemon [_thread_blocked, id=10789, stack(0x62d85000,0x62dd6000)]
  0x63573400 JavaThread "Common-Cleaner" daemon [_thread_blocked, id=10788, stack(0x62dd6000,0x62e27000)]
  0x63551400 JavaThread "Sweeper thread" daemon [_thread_blocked, id=10787, stack(0x62fe8000,0x63039000)]
  0x63550000 JavaThread "C1 CompilerThread2" daemon [_thread_blocked, id=10786, stack(0x63039000,0x630ba000)]
  0x6354e800 JavaThread "C2 CompilerThread1" daemon [_thread_in_native, id=10785, stack(0x630ba000,0x6313b000)]
  0x6354d000 JavaThread "C2 CompilerThread0" daemon [_thread_blocked, id=10784, stack(0x6313b000,0x631bc000)]
  0x6354b800 JavaThread "Signal Dispatcher" daemon [_thread_blocked, id=10783, stack(0x631bc000,0x6320d000)]
  0x6354a000 JavaThread "Reference Pending List Locker" daemon [_thread_blocked, id=10782, stack(0x6320d000,0x6325e000)]
  0x63537400 JavaThread "Finalizer" daemon [_thread_blocked, id=10781, stack(0x6345e000,0x634af000)]
  0x63536000 JavaThread "Reference Handler" daemon [_thread_blocked, id=10780, stack(0x634af000,0x63500000)]
=>0xb650b400 JavaThread "main" [_thread_in_native, id=10767, stack(0xb667c000,0xb66cd000)]

Other Threads:
  0x63531000 VMThread [stack: 0x63631000,0x636b2000] [id=10779]
  0x635c2000 WatcherThread [stack: 0x62d04000,0x62d85000] [id=10790]

Threads with active compile tasks:
C2 CompilerThread1 488       4       java.util.Properties::loadConvert (505 bytes)

VM state:not at safepoint (normal execution)

VM Mutex/Monitor currently owned by a thread: None

Heap:
 garbage-first heap   total 65536K, used 4096K [0x66400000, 0x66500100, 0xa6400000)
  region size 1024K, 5 young (5120K), 0 survivors (0K)
 Metaspace       used 6796K, capacity 7203K, committed 7320K, reserved 7472K
Heap Regions: E=young(eden), S=young(survivor), O=old, HS=humongous(starts), HC=humongous(continues), CS=collection set, F=free, A=archive, TS=gc time stamp, AC=allocation context, TAMS=top-at-mark-start (previous, next)
|   0|0x66400000, 0x66400000, 0x66500000|  0%| F|  |TS  0|AC  0|TAMS 0x66400000, 0x66400000|
|   1|0x66500000, 0x66500000, 0x66600000|  0%| F|  |TS  0|AC  0|TAMS 0x66500000, 0x66500000|
|   2|0x66600000, 0x66600000, 0x66700000|  0%| F|  |TS  0|AC  0|TAMS 0x66600000, 0x66600000|
|   3|0x66700000, 0x66700000, 0x66800000|  0%| F|  |TS  0|AC  0|TAMS 0x66700000, 0x66700000|
|   4|0x66800000, 0x66800000, 0x66900000|  0%| F|  |TS  0|AC  0|TAMS 0x66800000, 0x66800000|
|   5|0x66900000, 0x66900000, 0x66a00000|  0%| F|  |TS  0|AC  0|TAMS 0x66900000, 0x66900000|
|   6|0x66a00000, 0x66a00000, 0x66b00000|  0%| F|  |TS  0|AC  0|TAMS 0x66a00000, 0x66a00000|
|   7|0x66b00000, 0x66b00000, 0x66c00000|  0%| F|  |TS  0|AC  0|TAMS 0x66b00000, 0x66b00000|
|   8|0x66c00000, 0x66c00000, 0x66d00000|  0%| F|  |TS  0|AC  0|TAMS 0x66c00000, 0x66c00000|
|   9|0x66d00000, 0x66d00000, 0x66e00000|  0%| F|  |TS  0|AC  0|TAMS 0x66d00000, 0x66d00000|
|  10|0x66e00000, 0x66e00000, 0x66f00000|  0%| F|  |TS  0|AC  0|TAMS 0x66e00000, 0x66e00000|
|  11|0x66f00000, 0x66f00000, 0x67000000|  0%| F|  |TS  0|AC  0|TAMS 0x66f00000, 0x66f00000|
|  12|0x67000000, 0x67000000, 0x67100000|  0%| F|  |TS  0|AC  0|TAMS 0x67000000, 0x67000000|
|  13|0x67100000, 0x67100000, 0x67200000|  0%| F|  |TS  0|AC  0|TAMS 0x67100000, 0x67100000|
|  14|0x67200000, 0x67200000, 0x67300000|  0%| F|  |TS  0|AC  0|TAMS 0x67200000, 0x67200000|
|  15|0x67300000, 0x67300000, 0x67400000|  0%| F|  |TS  0|AC  0|TAMS 0x67300000, 0x67300000|
|  16|0x67400000, 0x67400000, 0x67500000|  0%| F|  |TS  0|AC  0|TAMS 0x67400000, 0x67400000|
|  17|0x67500000, 0x67500000, 0x67600000|  0%| F|  |TS  0|AC  0|TAMS 0x67500000, 0x67500000|
|  18|0x67600000, 0x67600000, 0x67700000|  0%| F|  |TS  0|AC  0|TAMS 0x67600000, 0x67600000|
|  19|0x67700000, 0x67700000, 0x67800000|  0%| F|  |TS  0|AC  0|TAMS 0x67700000, 0x67700000|
|  20|0x67800000, 0x67800000, 0x67900000|  0%| F|  |TS  0|AC  0|TAMS 0x67800000, 0x67800000|
|  21|0x67900000, 0x67900000, 0x67a00000|  0%| F|  |TS  0|AC  0|TAMS 0x67900000, 0x67900000|
|  22|0x67a00000, 0x67a00000, 0x67b00000|  0%| F|  |TS  0|AC  0|TAMS 0x67a00000, 0x67a00000|
|  23|0x67b00000, 0x67b00000, 0x67c00000|  0%| F|  |TS  0|AC  0|TAMS 0x67b00000, 0x67b00000|
|  24|0x67c00000, 0x67c00000, 0x67d00000|  0%| F|  |TS  0|AC  0|TAMS 0x67c00000, 0x67c00000|
|  25|0x67d00000, 0x67d00000, 0x67e00000|  0%| F|  |TS  0|AC  0|TAMS 0x67d00000, 0x67d00000|
|  26|0x67e00000, 0x67e00000, 0x67f00000|  0%| F|  |TS  0|AC  0|TAMS 0x67e00000, 0x67e00000|
|  27|0x67f00000, 0x67f00000, 0x68000000|  0%| F|  |TS  0|AC  0|TAMS 0x67f00000, 0x67f00000|
|  28|0x68000000, 0x68000000, 0x68100000|  0%| F|  |TS  0|AC  0|TAMS 0x68000000, 0x68000000|
|  29|0x68100000, 0x68100000, 0x68200000|  0%| F|  |TS  0|AC  0|TAMS 0x68100000, 0x68100000|
|  30|0x68200000, 0x68200000, 0x68300000|  0%| F|  |TS  0|AC  0|TAMS 0x68200000, 0x68200000|
|  31|0x68300000, 0x68300000, 0x68400000|  0%| F|  |TS  0|AC  0|TAMS 0x68300000, 0x68300000|
|  32|0x68400000, 0x68400000, 0x68500000|  0%| F|  |TS  0|AC  0|TAMS 0x68400000, 0x68400000|
|  33|0x68500000, 0x68500000, 0x68600000|  0%| F|  |TS  0|AC  0|TAMS 0x68500000, 0x68500000|
|  34|0x68600000, 0x68600000, 0x68700000|  0%| F|  |TS  0|AC  0|TAMS 0x68600000, 0x68600000|
|  35|0x68700000, 0x68700000, 0x68800000|  0%| F|  |TS  0|AC  0|TAMS 0x68700000, 0x68700000|
|  36|0x68800000, 0x68800000, 0x68900000|  0%| F|  |TS  0|AC  0|TAMS 0x68800000, 0x68800000|
|  37|0x68900000, 0x68900000, 0x68a00000|  0%| F|  |TS  0|AC  0|TAMS 0x68900000, 0x68900000|
|  38|0x68a00000, 0x68a00000, 0x68b00000|  0%| F|  |TS  0|AC  0|TAMS 0x68a00000, 0x68a00000|
|  39|0x68b00000, 0x68b00000, 0x68c00000|  0%| F|  |TS  0|AC  0|TAMS 0x68b00000, 0x68b00000|
|  40|0x68c00000, 0x68c00000, 0x68d00000|  0%| F|  |TS  0|AC  0|TAMS 0x68c00000, 0x68c00000|
|  41|0x68d00000, 0x68d00000, 0x68e00000|  0%| F|  |TS  0|AC  0|TAMS 0x68d00000, 0x68d00000|
|  42|0x68e00000, 0x68e00000, 0x68f00000|  0%| F|  |TS  0|AC  0|TAMS 0x68e00000, 0x68e00000|
|  43|0x68f00000, 0x68f00000, 0x69000000|  0%| F|  |TS  0|AC  0|TAMS 0x68f00000, 0x68f00000|
|  44|0x69000000, 0x69000000, 0x69100000|  0%| F|  |TS  0|AC  0|TAMS 0x69000000, 0x69000000|
|  45|0x69100000, 0x69100000, 0x69200000|  0%| F|  |TS  0|AC  0|TAMS 0x69100000, 0x69100000|
|  46|0x69200000, 0x69200000, 0x69300000|  0%| F|  |TS  0|AC  0|TAMS 0x69200000, 0x69200000|
|  47|0x69300000, 0x69300000, 0x69400000|  0%| F|  |TS  0|AC  0|TAMS 0x69300000, 0x69300000|
|  48|0x69400000, 0x69400000, 0x69500000|  0%| F|  |TS  0|AC  0|TAMS 0x69400000, 0x69400000|
|  49|0x69500000, 0x69500000, 0x69600000|  0%| F|  |TS  0|AC  0|TAMS 0x69500000, 0x69500000|
|  50|0x69600000, 0x69600000, 0x69700000|  0%| F|  |TS  0|AC  0|TAMS 0x69600000, 0x69600000|
|  51|0x69700000, 0x69700000, 0x69800000|  0%| F|  |TS  0|AC  0|TAMS 0x69700000, 0x69700000|
|  52|0x69800000, 0x69800000, 0x69900000|  0%| F|  |TS  0|AC  0|TAMS 0x69800000, 0x69800000|
|  53|0x69900000, 0x69900000, 0x69a00000|  0%| F|  |TS  0|AC  0|TAMS 0x69900000, 0x69900000|
|  54|0x69a00000, 0x69a00000, 0x69b00000|  0%| F|  |TS  0|AC  0|TAMS 0x69a00000, 0x69a00000|
|  55|0x69b00000, 0x69b00000, 0x69c00000|  0%| F|  |TS  0|AC  0|TAMS 0x69b00000, 0x69b00000|
|  56|0x69c00000, 0x69c00000, 0x69d00000|  0%| F|  |TS  0|AC  0|TAMS 0x69c00000, 0x69c00000|
|  57|0x69d00000, 0x69d00000, 0x69e00000|  0%| F|  |TS  0|AC  0|TAMS 0x69d00000, 0x69d00000|
|  58|0x69e00000, 0x69e00000, 0x69f00000|  0%| F|  |TS  0|AC  0|TAMS 0x69e00000, 0x69e00000|
|  59|0x69f00000, 0x69ffdc38, 0x6a000000| 99%| E|  |TS  0|AC  0|TAMS 0x69f00000, 0x69f00000|
|  60|0x6a000000, 0x6a100000, 0x6a100000|100%| E|CS|TS  0|AC  0|TAMS 0x6a000000, 0x6a000000|
|  61|0x6a100000, 0x6a200000, 0x6a200000|100%| E|CS|TS  0|AC  0|TAMS 0x6a100000, 0x6a100000|
|  62|0x6a200000, 0x6a300000, 0x6a300000|100%| E|CS|TS  0|AC  0|TAMS 0x6a200000, 0x6a200000|
|  63|0x6a300000, 0x6a400000, 0x6a400000|100%| E|CS|TS  0|AC  0|TAMS 0x6a300000, 0x6a300000|

Card table byte_map: [0x65e00000,0x66000000] byte_map_base: 0x65ace000

Marking Bits (Prev, Next): (CMBitMap*) 0xb657ddd4, (CMBitMap*) 0xb657ddf0
 Prev Bits: [0x64c00000, 0x65c00000)
 Next Bits: [0x63c00000, 0x64c00000)

Polling page: 0xb777c000

CodeHeap 'non-nmethods': size=5412Kb used=754Kb max_used=775Kb free=4657Kb
 bounds [0xa732c000, 0xa756c000, 0xa7875000]
CodeHeap 'profiled nmethods': size=120172Kb used=672Kb max_used=672Kb free=119500Kb
 bounds [0xa7875000, 0xa7ab5000, 0xaedd0000]
CodeHeap 'non-profiled nmethods': size=120176Kb used=123Kb max_used=123Kb free=120053Kb
 bounds [0xaedd0000, 0xaf010000, 0xb632c000]
 total_blobs=892 nmethods=503 adapters=184
 compilation: enabled

Compilation events (10 events):
Event: 0.291 Thread 0x63550000  503       3       java.lang.Character::toLowerCase (9 bytes)
Event: 0.292 Thread 0x63550000 nmethod 503 0xa791bd08 code [0xa791be40, 0xa791bfb8]
Event: 0.292 Thread 0x63550000  504       3       java.lang.CharacterDataLatin1::toLowerCase (39 bytes)
Event: 0.292 Thread 0x63550000 nmethod 504 0xa791c088 code [0xa791c1a0, 0xa791c360]
Event: 0.292 Thread 0x63550000  501       3       java.lang.invoke.MemberName::isField (7 bytes)
Event: 0.292 Thread 0x63550000 nmethod 501 0xa791c508 code [0xa791c620, 0xa791c7e0]
Event: 0.292 Thread 0x63550000  502       3       java.lang.invoke.DirectMethodHandle::maybeCompile (18 bytes)
Event: 0.292 Thread 0x63550000 nmethod 502 0xa791c908 code [0xa791ca40, 0xa791cbf8]
Event: 0.293 Thread 0x63550000  505       3       java.nio.HeapByteBuffer::_get (7 bytes)
Event: 0.294 Thread 0x63550000 nmethod 505 0xa791cd08 code [0xa791ce20, 0xa791cf20]

GC Heap History (0 events):
No events

Deoptimization events (5 events):
Event: 0.081 Thread 0xb650b400 Uncommon trap: reason=unstable_if action=reinterpret pc=0xaedd1900 method=java.lang.String.hashCode()I @ 12
Event: 0.198 Thread 0xb650b400 Uncommon trap: reason=unstable_if action=reinterpret pc=0xaedd7d64 method=java.util.HashMap.putVal(ILjava/lang/Object;Ljava/lang/Object;ZZ)Ljava/lang/Object; @ 181
Event: 0.256 Thread 0xb650b400 Uncommon trap: reason=class_check action=maybe_recompile pc=0xaedd6664 method=java.util.HashMap.putVal(ILjava/lang/Object;Ljava/lang/Object;ZZ)Ljava/lang/Object; @ 253
Event: 0.257 Thread 0xb650b400 Uncommon trap: reason=unstable_if action=reinterpret pc=0xaedd69c8 method=java.util.HashMap.putVal(ILjava/lang/Object;Ljava/lang/Object;ZZ)Ljava/lang/Object; @ 181
Event: 0.258 Thread 0xb650b400 Uncommon trap: reason=unstable_fused_if action=reinterpret pc=0xaede1c38 method=jdk.internal.org.objectweb.asm.ByteVector.putUTF8(Ljava/lang/String;)Ljdk/internal/org/objectweb/asm/ByteVector; @ 91

Classes redefined (0 events):
No events

Internal exceptions (5 events):
Event: 0.146 Thread 0xb650b400 Exception <a 'java/lang/ClassNotFoundException'{0x6a2f35e8}: sun/awt/resources/awtProvider> (0x6a2f35e8) thrown at [/build/openjdk-9-w1JaeN/openjdk-9-9~b115/src/hotspot/src/share/vm/classfile/systemDictionary.cpp, line 226]
Event: 0.155 Thread 0xb650b400 Exception <a 'java/io/FileNotFoundException'{0x6a12b460}> (0x6a12b460) thrown at [/build/openjdk-9-w1JaeN/openjdk-9-9~b115/src/hotspot/src/share/vm/prims/jni.cpp, line 606]
Event: 0.156 Thread 0xb650b400 Exception <a 'java/io/FileNotFoundException'{0x6a1332e8}> (0x6a1332e8) thrown at [/build/openjdk-9-w1JaeN/openjdk-9-9~b115/src/hotspot/src/share/vm/prims/jni.cpp, line 606]
Event: 0.233 Thread 0xb650b400 Exception <a 'java/lang/ClassNotFoundException'{0x6a0cd398}: com/sun/swing/internal/plaf/metal/resources/metalProvider> (0x6a0cd398) thrown at [/build/openjdk-9-w1JaeN/openjdk-9-9~b115/src/hotspot/src/share/vm/classfile/systemDictionary.cpp, line 226]
Event: 0.234 Thread 0xb650b400 Exception <a 'java/lang/ClassNotFoundException'{0x6a0d0948}: com/sun/swing/internal/plaf/basic/resources/basicProvider> (0x6a0d0948) thrown at [/build/openjdk-9-w1JaeN/openjdk-9-9~b115/src/hotspot/src/share/vm/classfile/systemDictionary.cpp, line 226]

Events (10 events):
Event: 0.294 loading class sun/nio/cs/UTF_16$Decoder
Event: 0.294 loading class sun/nio/cs/UnicodeDecoder
Event: 0.294 loading class sun/nio/cs/UnicodeDecoder done
Event: 0.294 loading class sun/nio/cs/UTF_16$Decoder done
Event: 0.294 loading class sun/font/FileFontStrike
Event: 0.294 loading class sun/font/FileFontStrike done
Event: 0.294 loading class sun/font/FontScaler
Event: 0.294 loading class sun/font/FontScaler done
Event: 0.295 loading class sun/font/FreetypeFontScaler
Event: 0.295 loading class sun/font/FreetypeFontScaler done


Dynamic libraries:
08048000-08049000 r-xp 00000000 08:12 5123523    /usr/lib/jvm/java-9-openjdk-i386/bin/java
08049000-0804a000 r--p 00000000 08:12 5123523    /usr/lib/jvm/java-9-openjdk-i386/bin/java
0804a000-0804b000 rw-p 00001000 08:12 5123523    /usr/lib/jvm/java-9-openjdk-i386/bin/java
0936d000-0938e000 rw-p 00000000 00:00 0          [heap]
62298000-6229c000 ---p 00000000 00:00 0 
6229c000-622e9000 rw-p 00000000 00:00 0 
622e9000-622ed000 ---p 00000000 00:00 0 
622ed000-6241a000 rw-p 00000000 00:00 0 
6241a000-6243a000 ---p 00000000 00:00 0 
6243a000-6253a000 rw-p 00000000 00:00 0 
6253a000-6253e000 ---p 00000000 00:00 0 
6253e000-6268b000 rw-p 00000000 00:00 0 
6268b000-62736000 r-xp 00000000 08:12 5116962    /usr/lib/i386-linux-gnu/libfreetype.so.6.12.1
62736000-6273a000 r--p 000aa000 08:12 5116962    /usr/lib/i386-linux-gnu/libfreetype.so.6.12.1
6273a000-6273b000 rw-p 000ae000 08:12 5116962    /usr/lib/i386-linux-gnu/libfreetype.so.6.12.1
6273b000-627fd000 r-xp 00000000 08:12 5255733    /usr/lib/jvm/java-9-openjdk-i386/lib/i386/libfontmanager.so
627fd000-627ff000 r--p 000c1000 08:12 5255733    /usr/lib/jvm/java-9-openjdk-i386/lib/i386/libfontmanager.so
627ff000-62800000 rw-p 000c3000 08:12 5255733    /usr/lib/jvm/java-9-openjdk-i386/lib/i386/libfontmanager.so
62800000-62876000 rw-p 00000000 00:00 0 
62876000-62900000 ---p 00000000 00:00 0 
6294a000-6294e000 ---p 00000000 00:00 0 
6294e000-6299b000 rw-p 00000000 00:00 0 
6299b000-62ae1000 r-xp 00000000 08:12 5117841    /usr/lib/i386-linux-gnu/libX11.so.6.3.0
62ae1000-62ae2000 ---p 00146000 08:12 5117841    /usr/lib/i386-linux-gnu/libX11.so.6.3.0
62ae2000-62ae3000 r--p 00146000 08:12 5117841    /usr/lib/i386-linux-gnu/libX11.so.6.3.0
62ae3000-62ae5000 rw-p 00147000 08:12 5117841    /usr/lib/i386-linux-gnu/libX11.so.6.3.0
62ae5000-62ae6000 rw-p 00000000 00:00 0 
62ae6000-62b3a000 r-xp 00000000 08:12 5255789    /usr/lib/jvm/java-9-openjdk-i386/lib/i386/libawt_xawt.so
62b3a000-62b3b000 r--p 00053000 08:12 5255789    /usr/lib/jvm/java-9-openjdk-i386/lib/i386/libawt_xawt.so
62b3b000-62b3d000 rw-p 00054000 08:12 5255789    /usr/lib/jvm/java-9-openjdk-i386/lib/i386/libawt_xawt.so
62b3d000-62b3e000 rw-p 00000000 00:00 0 
62b3e000-62bd4000 r-xp 00000000 08:12 5255731    /usr/lib/jvm/java-9-openjdk-i386/lib/i386/libawt.so
62bd4000-62bd5000 r--p 00095000 08:12 5255731    /usr/lib/jvm/java-9-openjdk-i386/lib/i386/libawt.so
62bd5000-62bdc000 rw-p 00096000 08:12 5255731    /usr/lib/jvm/java-9-openjdk-i386/lib/i386/libawt.so
62bdc000-62c00000 rw-p 00000000 00:00 0 
62c00000-62cfb000 rw-p 00000000 00:00 0 
62cfb000-62d00000 ---p 00000000 00:00 0 
62d04000-62d05000 ---p 00000000 00:00 0 
62d05000-62d85000 rw-p 00000000 00:00 0 
62d85000-62d89000 ---p 00000000 00:00 0 
62d89000-62dd6000 rw-p 00000000 00:00 0 
62dd6000-62dda000 ---p 00000000 00:00 0 
62dda000-62fe8000 rw-p 00000000 00:00 0 
62fe8000-62fec000 ---p 00000000 00:00 0 
62fec000-63039000 rw-p 00000000 00:00 0 
63039000-6303d000 ---p 00000000 00:00 0 
6303d000-630ba000 rw-p 00000000 00:00 0 
630ba000-630be000 ---p 00000000 00:00 0 
630be000-6313b000 rw-p 00000000 00:00 0 
6313b000-6313f000 ---p 00000000 00:00 0 
6313f000-631bc000 rw-p 00000000 00:00 0 
631bc000-631c0000 ---p 00000000 00:00 0 
631c0000-6320d000 rw-p 00000000 00:00 0 
6320d000-63211000 ---p 00000000 00:00 0 
63211000-6325e000 rw-p 00000000 00:00 0 
6325e000-6345e000 r--p 00000000 08:12 5116755    /usr/lib/locale/locale-archive
6345e000-63462000 ---p 00000000 00:00 0 
63462000-634af000 rw-p 00000000 00:00 0 
634af000-634b3000 ---p 00000000 00:00 0 
634b3000-63500000 rw-p 00000000 00:00 0 
63500000-63600000 rw-p 00000000 00:00 0 
63606000-6362f000 r-xp 00000000 08:12 1310827    /lib/i386-linux-gnu/libpng12.so.0.54.0
6362f000-63630000 r--p 00028000 08:12 1310827    /lib/i386-linux-gnu/libpng12.so.0.54.0
63630000-63631000 rw-p 00029000 08:12 1310827    /lib/i386-linux-gnu/libpng12.so.0.54.0
63631000-63632000 ---p 00000000 00:00 0 
63632000-63af8000 rw-p 00000000 00:00 0 
63af8000-63afe000 ---p 00000000 00:00 0 
63afe000-63aff000 ---p 00000000 00:00 0 
63aff000-63b7f000 rw-p 00000000 00:00 0 
63b7f000-63b80000 ---p 00000000 00:00 0 
63b80000-63d00000 rw-p 00000000 00:00 0 
63d00000-64c00000 ---p 00000000 00:00 0 
64c00000-64d00000 rw-p 00000000 00:00 0 
64d00000-65c00000 ---p 00000000 00:00 0 
65c00000-65c20000 rw-p 00000000 00:00 0 
65c20000-65e00000 ---p 00000000 00:00 0 
65e00000-65e20000 rw-p 00000000 00:00 0 
65e20000-66200000 ---p 00000000 00:00 0 
66200000-66220000 rw-p 00000000 00:00 0 
66220000-66400000 ---p 00000000 00:00 0 
66400000-6a400000 rw-p 00000000 00:00 0 
6a400000-a6400000 ---p 00000000 00:00 0 
a6424000-a647f000 rw-p 00000000 00:00 0 
a647f000-a6480000 ---p 00000000 00:00 0 
a6480000-a6500000 rw-p 00000000 00:00 0 
a6500000-a6521000 rw-p 00000000 00:00 0 
a6521000-a6600000 ---p 00000000 00:00 0 
a6616000-a663a000 r-xp 00000000 08:12 5117791    /usr/lib/i386-linux-gnu/libxcb.so.1.1.0
a663a000-a663b000 r--p 00023000 08:12 5117791    /usr/lib/i386-linux-gnu/libxcb.so.1.1.0
a663b000-a663c000 rw-p 00024000 08:12 5117791    /usr/lib/i386-linux-gnu/libxcb.so.1.1.0
a663c000-a667d000 rw-p 00000000 00:00 0 
a667d000-a667e000 ---p 00000000 00:00 0 
a667e000-a66fe000 rw-p 00000000 00:00 0 
a66fe000-a66ff000 ---p 00000000 00:00 0 
a66ff000-a677f000 rw-p 00000000 00:00 0 
a677f000-a6780000 ---p 00000000 00:00 0 
a6780000-a6800000 rw-p 00000000 00:00 0 
a6800000-a68ec000 rw-p 00000000 00:00 0 
a68ec000-a6900000 ---p 00000000 00:00 0 
a6904000-a6909000 r-xp 00000000 08:12 5118330    /usr/lib/i386-linux-gnu/libXfixes.so.3.1.0
a6909000-a690a000 r--p 00004000 08:12 5118330    /usr/lib/i386-linux-gnu/libXfixes.so.3.1.0
a690a000-a690b000 rw-p 00005000 08:12 5118330    /usr/lib/i386-linux-gnu/libXfixes.so.3.1.0
a690b000-a6914000 r-xp 00000000 08:12 5118332    /usr/lib/i386-linux-gnu/libXcursor.so.1.0.2
a6914000-a6915000 r--p 00008000 08:12 5118332    /usr/lib/i386-linux-gnu/libXcursor.so.1.0.2
a6915000-a6916000 rw-p 00009000 08:12 5118332    /usr/lib/i386-linux-gnu/libXcursor.so.1.0.2
a6916000-a6927000 r-xp 00000000 08:12 5118336    /usr/lib/i386-linux-gnu/libXi.so.6.1.0
a6927000-a6928000 r--p 00010000 08:12 5118336    /usr/lib/i386-linux-gnu/libXi.so.6.1.0
a6928000-a6929000 rw-p 00011000 08:12 5118336    /usr/lib/i386-linux-gnu/libXi.so.6.1.0
a6929000-a693c000 r-xp 00000000 08:12 5117843    /usr/lib/i386-linux-gnu/libXext.so.6.4.0
a693c000-a693d000 r--p 00012000 08:12 5117843    /usr/lib/i386-linux-gnu/libXext.so.6.4.0
a693d000-a693e000 rw-p 00013000 08:12 5117843    /usr/lib/i386-linux-gnu/libXext.so.6.4.0
a693e000-a697f000 rw-p 00000000 00:00 0 
a697f000-a6980000 ---p 00000000 00:00 0 
a6980000-a6a00000 rw-p 00000000 00:00 0 
a6a00000-a6ad0000 rw-p 00000000 00:00 0 
a6ad0000-a6b00000 ---p 00000000 00:00 0 
a6b00000-a6bb9000 rw-p 00000000 00:00 0 
a6bb9000-a6c00000 ---p 00000000 00:00 0 
a6c06000-a6c10000 r-xp 00000000 08:12 5118187    /usr/lib/i386-linux-gnu/libXrender.so.1.3.0
a6c10000-a6c11000 r--p 00009000 08:12 5118187    /usr/lib/i386-linux-gnu/libXrender.so.1.3.0
a6c11000-a6c12000 rw-p 0000a000 08:12 5118187    /usr/lib/i386-linux-gnu/libXrender.so.1.3.0
a6c27000-a6c3c000 r-xp 00000000 08:12 5255735    /usr/lib/jvm/java-9-openjdk-i386/lib/i386/libnet.so
a6c3c000-a6c3d000 r--p 00014000 08:12 5255735    /usr/lib/jvm/java-9-openjdk-i386/lib/i386/libnet.so
a6c3d000-a6c3e000 rw-p 00015000 08:12 5255735    /usr/lib/jvm/java-9-openjdk-i386/lib/i386/libnet.so
a6c3e000-a6c7f000 rw-p 00000000 00:00 0 
a6c7f000-a6c80000 ---p 00000000 00:00 0 
a6c80000-a6d00000 rw-p 00000000 00:00 0 
a6d00000-a6d21000 rw-p 00000000 00:00 0 
a6d21000-a6e00000 ---p 00000000 00:00 0 
a6e04000-a6e09000 r-xp 00000000 08:12 5117786    /usr/lib/i386-linux-gnu/libXdmcp.so.6.0.0
a6e09000-a6e0a000 r--p 00004000 08:12 5117786    /usr/lib/i386-linux-gnu/libXdmcp.so.6.0.0
a6e0a000-a6e0b000 rw-p 00005000 08:12 5117786    /usr/lib/i386-linux-gnu/libXdmcp.so.6.0.0
a6e0b000-a6e1c000 r-xp 00000000 08:12 5255791    /usr/lib/jvm/java-9-openjdk-i386/lib/i386/libnio.so
a6e1c000-a6e1d000 r--p 00010000 08:12 5255791    /usr/lib/jvm/java-9-openjdk-i386/lib/i386/libnio.so
a6e1d000-a6e1e000 rw-p 00011000 08:12 5255791    /usr/lib/jvm/java-9-openjdk-i386/lib/i386/libnio.so
a6e1e000-a6e7f000 rw-p 00000000 00:00 0 
a6e7f000-a6e80000 ---p 00000000 00:00 0 
a6e80000-a6f00000 rw-p 00000000 00:00 0 
a6f00000-a6f21000 rw-p 00000000 00:00 0 
a6f21000-a7000000 ---p 00000000 00:00 0 
a7001000-a7006000 r-xp 00000000 08:12 5118637    /usr/lib/i386-linux-gnu/libXtst.so.6.1.0
a7006000-a7007000 r--p 00004000 08:12 5118637    /usr/lib/i386-linux-gnu/libXtst.so.6.1.0
a7007000-a7008000 rw-p 00005000 08:12 5118637    /usr/lib/i386-linux-gnu/libXtst.so.6.1.0
a7008000-a7049000 rw-p 00000000 00:00 0 
a7049000-a704a000 ---p 00000000 00:00 0 
a704a000-a70ca000 rw-p 00000000 00:00 0 
a70ca000-a70cb000 ---p 00000000 00:00 0 
a70cb000-a7150000 rw-p 00000000 00:00 0 
a7150000-a7236000 ---p 00000000 00:00 0 
a7236000-a723b000 rw-p 00000000 00:00 0 
a723b000-a7321000 ---p 00000000 00:00 0 
a7321000-a7326000 rw-p 00000000 00:00 0 
a7326000-a732c000 ---p 00000000 00:00 0 
a732c000-a756c000 rwxp 00000000 00:00 0 
a756c000-a7875000 ---p 00000000 00:00 0 
a7875000-a7ab5000 rwxp 00000000 00:00 0 
a7ab5000-aedd0000 ---p 00000000 00:00 0 
aedd0000-af010000 rwxp 00000000 00:00 0 
af010000-b632c000 ---p 00000000 00:00 0 
b632c000-b64e6000 r--s 00000000 08:12 5255711    /usr/lib/jvm/java-9-openjdk-i386/lib/modules
b64e6000-b64eb000 r-xp 00000000 08:12 5255761    /usr/lib/jvm/java-9-openjdk-i386/lib/i386/libjimage.so
b64eb000-b64ec000 r--p 00004000 08:12 5255761    /usr/lib/jvm/java-9-openjdk-i386/lib/i386/libjimage.so
b64ec000-b64ed000 rw-p 00005000 08:12 5255761    /usr/lib/jvm/java-9-openjdk-i386/lib/i386/libjimage.so
b64ed000-b64f8000 r-xp 00000000 08:12 1310809    /lib/i386-linux-gnu/libnss_files-2.23.so
b64f8000-b64f9000 r--p 0000a000 08:12 1310809    /lib/i386-linux-gnu/libnss_files-2.23.so
b64f9000-b64fa000 rw-p 0000b000 08:12 1310809    /lib/i386-linux-gnu/libnss_files-2.23.so
b64fa000-b6500000 rw-p 00000000 00:00 0 
b6500000-b65fe000 rw-p 00000000 00:00 0 
b65fe000-b6600000 ---p 00000000 00:00 0 
b6604000-b660f000 r-xp 00000000 08:12 1310813    /lib/i386-linux-gnu/libnss_nis-2.23.so
b660f000-b6610000 r--p 0000a000 08:12 1310813    /lib/i386-linux-gnu/libnss_nis-2.23.so
b6610000-b6611000 rw-p 0000b000 08:12 1310813    /lib/i386-linux-gnu/libnss_nis-2.23.so
b6611000-b6628000 r-xp 00000000 08:12 1310803    /lib/i386-linux-gnu/libnsl-2.23.so
b6628000-b6629000 r--p 00016000 08:12 1310803    /lib/i386-linux-gnu/libnsl-2.23.so
b6629000-b662a000 rw-p 00017000 08:12 1310803    /lib/i386-linux-gnu/libnsl-2.23.so
b662a000-b662c000 rw-p 00000000 00:00 0 
b662c000-b6634000 r-xp 00000000 08:12 1310805    /lib/i386-linux-gnu/libnss_compat-2.23.so
b6634000-b6635000 r--p 00007000 08:12 1310805    /lib/i386-linux-gnu/libnss_compat-2.23.so
b6635000-b6636000 rw-p 00008000 08:12 1310805    /lib/i386-linux-gnu/libnss_compat-2.23.so
b663a000-b6641000 r-xp 00000000 08:12 5255753    /usr/lib/jvm/java-9-openjdk-i386/lib/i386/libzip.so
b6641000-b6642000 r--p 00006000 08:12 5255753    /usr/lib/jvm/java-9-openjdk-i386/lib/i386/libzip.so
b6642000-b6643000 rw-p 00007000 08:12 5255753    /usr/lib/jvm/java-9-openjdk-i386/lib/i386/libzip.so
b6643000-b664b000 rw-s 00000000 08:12 4980895    /tmp/hsperfdata_kevin/10766
b664b000-b6671000 r-xp 00000000 08:12 5255721    /usr/lib/jvm/java-9-openjdk-i386/lib/i386/libjava.so
b6671000-b6672000 r--p 00025000 08:12 5255721    /usr/lib/jvm/java-9-openjdk-i386/lib/i386/libjava.so
b6672000-b6673000 rw-p 00026000 08:12 5255721    /usr/lib/jvm/java-9-openjdk-i386/lib/i386/libjava.so
b6673000-b667a000 r-xp 00000000 08:12 1310838    /lib/i386-linux-gnu/librt-2.23.so
b667a000-b667b000 r--p 00006000 08:12 1310838    /lib/i386-linux-gnu/librt-2.23.so
b667b000-b667c000 rw-p 00007000 08:12 1310838    /lib/i386-linux-gnu/librt-2.23.so
b667c000-b6680000 ---p 00000000 00:00 0 
b6680000-b66cd000 rw-p 00000000 00:00 0 
b66cd000-b66e9000 r-xp 00000000 08:12 1310773    /lib/i386-linux-gnu/libgcc_s.so.1
b66e9000-b66ea000 rw-p 0001b000 08:12 1310773    /lib/i386-linux-gnu/libgcc_s.so.1
b66ea000-b673d000 r-xp 00000000 08:12 1310788    /lib/i386-linux-gnu/libm-2.23.so
b673d000-b673e000 r--p 00052000 08:12 1310788    /lib/i386-linux-gnu/libm-2.23.so
b673e000-b673f000 rw-p 00053000 08:12 1310788    /lib/i386-linux-gnu/libm-2.23.so
b673f000-b68ac000 r-xp 00000000 08:12 5118249    /usr/lib/i386-linux-gnu/libstdc++.so.6.0.21
b68ac000-b68ad000 ---p 0016d000 08:12 5118249    /usr/lib/i386-linux-gnu/libstdc++.so.6.0.21
b68ad000-b68b2000 r--p 0016d000 08:12 5118249    /usr/lib/i386-linux-gnu/libstdc++.so.6.0.21
b68b2000-b68b3000 rw-p 00172000 08:12 5118249    /usr/lib/i386-linux-gnu/libstdc++.so.6.0.21
b68b3000-b68b6000 rw-p 00000000 00:00 0 
b68b6000-b74e6000 r-xp 00000000 08:12 5255747    /usr/lib/jvm/java-9-openjdk-i386/lib/i386/server/libjvm.so
b74e6000-b74e7000 ---p 00c30000 08:12 5255747    /usr/lib/jvm/java-9-openjdk-i386/lib/i386/server/libjvm.so
b74e7000-b753c000 r--p 00c30000 08:12 5255747    /usr/lib/jvm/java-9-openjdk-i386/lib/i386/server/libjvm.so
b753c000-b755a000 rw-p 00c85000 08:12 5255747    /usr/lib/jvm/java-9-openjdk-i386/lib/i386/server/libjvm.so
b755a000-b7583000 rw-p 00000000 00:00 0 
b7583000-b759c000 r-xp 00000000 08:12 1310832    /lib/i386-linux-gnu/libpthread-2.23.so
b759c000-b759d000 r--p 00018000 08:12 1310832    /lib/i386-linux-gnu/libpthread-2.23.so
b759d000-b759e000 rw-p 00019000 08:12 1310832    /lib/i386-linux-gnu/libpthread-2.23.so
b759e000-b75a0000 rw-p 00000000 00:00 0 
b75a0000-b75a3000 r-xp 00000000 08:12 1310761    /lib/i386-linux-gnu/libdl-2.23.so
b75a3000-b75a4000 r--p 00002000 08:12 1310761    /lib/i386-linux-gnu/libdl-2.23.so
b75a4000-b75a5000 rw-p 00003000 08:12 1310761    /lib/i386-linux-gnu/libdl-2.23.so
b75a5000-b75be000 r-xp 00000000 08:12 1310868    /lib/i386-linux-gnu/libz.so.1.2.8
b75be000-b75bf000 r--p 00018000 08:12 1310868    /lib/i386-linux-gnu/libz.so.1.2.8
b75bf000-b75c0000 rw-p 00019000 08:12 1310868    /lib/i386-linux-gnu/libz.so.1.2.8
b75c0000-b776f000 r-xp 00000000 08:12 1310747    /lib/i386-linux-gnu/libc-2.23.so
b776f000-b7770000 ---p 001af000 08:12 1310747    /lib/i386-linux-gnu/libc-2.23.so
b7770000-b7772000 r--p 001af000 08:12 1310747    /lib/i386-linux-gnu/libc-2.23.so
b7772000-b7773000 rw-p 001b1000 08:12 1310747    /lib/i386-linux-gnu/libc-2.23.so
b7773000-b7776000 rw-p 00000000 00:00 0 
b7777000-b7779000 r-xp 00000000 08:12 5117781    /usr/lib/i386-linux-gnu/libXau.so.6.0.0
b7779000-b777a000 r--p 00001000 08:12 5117781    /usr/lib/i386-linux-gnu/libXau.so.6.0.0
b777a000-b777b000 rw-p 00002000 08:12 5117781    /usr/lib/i386-linux-gnu/libXau.so.6.0.0
b777b000-b777c000 rw-p 00000000 00:00 0 
b777c000-b777d000 r--p 00000000 00:00 0 
b777d000-b7788000 r-xp 00000000 08:12 5255723    /usr/lib/jvm/java-9-openjdk-i386/lib/i386/libverify.so
b7788000-b7789000 ---p 0000b000 08:12 5255723    /usr/lib/jvm/java-9-openjdk-i386/lib/i386/libverify.so
b7789000-b778a000 r--p 0000b000 08:12 5255723    /usr/lib/jvm/java-9-openjdk-i386/lib/i386/libverify.so
b778a000-b778b000 rw-p 0000c000 08:12 5255723    /usr/lib/jvm/java-9-openjdk-i386/lib/i386/libverify.so
b778b000-b7799000 r-xp 00000000 08:12 5255785    /usr/lib/jvm/java-9-openjdk-i386/lib/i386/jli/libjli.so
b7799000-b779a000 r--p 0000d000 08:12 5255785    /usr/lib/jvm/java-9-openjdk-i386/lib/i386/jli/libjli.so
b779a000-b779b000 rw-p 0000e000 08:12 5255785    /usr/lib/jvm/java-9-openjdk-i386/lib/i386/jli/libjli.so
b779b000-b779d000 rw-p 00000000 00:00 0 
b779d000-b779f000 r--p 00000000 00:00 0          [vvar]
b779f000-b77a0000 r-xp 00000000 00:00 0          [vdso]
b77a0000-b77c2000 r-xp 00000000 08:12 1310723    /lib/i386-linux-gnu/ld-2.23.so
b77c2000-b77c3000 rw-p 00000000 00:00 0 
b77c3000-b77c4000 r--p 00022000 08:12 1310723    /lib/i386-linux-gnu/ld-2.23.so
b77c4000-b77c5000 rw-p 00023000 08:12 1310723    /lib/i386-linux-gnu/ld-2.23.so
bff51000-bff52000 rwxp 00000000 00:00 0 
bff85000-bffa6000 rw-p 00000000 00:00 0          [stack]

VM Arguments:
java_command: Quiz1
java_class_path (initial): .
Launcher Type: SUN_STANDARD

Environment Variables:
PATH=/home/kevin/bin:/usr/sbin:/sbin:/home/kevin/bin:/usr/sbin:/sbin:/usr/local/bin:/usr/bin:/bin:/usr/local/games:/usr/games
SHELL=/bin/zsh
DISPLAY=:0.0

Signal Handlers:
SIGSEGV: [libjvm.so+0x9e3700], sa_mask[0]=11111111011111111101111111111110, sa_flags=SA_RESTART|SA_SIGINFO
SIGBUS: [libjvm.so+0x9e3700], sa_mask[0]=11111111011111111101111111111110, sa_flags=SA_RESTART|SA_SIGINFO
SIGFPE: [libjvm.so+0x9e3700], sa_mask[0]=11111111011111111101111111111110, sa_flags=SA_RESTART|SA_SIGINFO
SIGPIPE: [libjvm.so+0x82f8d0], sa_mask[0]=11111111011111111101111111111110, sa_flags=SA_RESTART|SA_SIGINFO
SIGXFSZ: [libjvm.so+0x82f8d0], sa_mask[0]=11111111011111111101111111111110, sa_flags=SA_RESTART|SA_SIGINFO
SIGILL: [libjvm.so+0x9e3700], sa_mask[0]=11111111011111111101111111111110, sa_flags=SA_RESTART|SA_SIGINFO
SIGUSR2: [libjvm.so+0x82f700], sa_mask[0]=00000000000000000000000000000000, sa_flags=SA_RESTART|SA_SIGINFO
SIGHUP: [libjvm.so+0x82fb40], sa_mask[0]=11111111011111111101111111111110, sa_flags=SA_RESTART|SA_SIGINFO
SIGINT: [libjvm.so+0x82fb40], sa_mask[0]=11111111011111111101111111111110, sa_flags=SA_RESTART|SA_SIGINFO
SIGTERM: [libjvm.so+0x82fb40], sa_mask[0]=11111111011111111101111111111110, sa_flags=SA_RESTART|SA_SIGINFO
SIGQUIT: [libjvm.so+0x82fb40], sa_mask[0]=11111111011111111101111111111110, sa_flags=SA_RESTART|SA_SIGINFO


---------------  S Y S T E M  ---------------

OS:DISTRIB_ID=Ubuntu
DISTRIB_RELEASE=16.04
DISTRIB_CODENAME=xenial
DISTRIB_DESCRIPTION="Ubuntu 16.04 LTS"
uname:Linux 4.4.0-36-generic #55-Ubuntu SMP Thu Aug 11 18:00:59 UTC 2016 i686
libc:glibc 2.23 NPTL 2.23 
rlimit: STACK 8192k, CORE 0k, NPROC 128745, NOFILE 65536, AS infinity
load average:0.14 0.30 0.28

/proc/meminfo:
MemTotal:       16510532 kB
MemFree:        11698644 kB
MemAvailable:   12723416 kB
Buffers:          223524 kB
Cached:          2052412 kB
SwapCached:            0 kB
Active:          3468204 kB
Inactive:        1144780 kB
Active(anon):    2338032 kB
Inactive(anon):   112556 kB
Active(file):    1130172 kB
Inactive(file):  1032224 kB
Unevictable:           0 kB
Mlocked:               0 kB
HighTotal:      15780524 kB
HighFree:       11370024 kB
LowTotal:         730008 kB
LowFree:          328620 kB
SwapTotal:       8300540 kB
SwapFree:        8300540 kB
Dirty:               140 kB
Writeback:             0 kB
AnonPages:       2337084 kB
Mapped:           448572 kB
Shmem:            113548 kB
Slab:             128784 kB
SReclaimable:     108624 kB
SUnreclaim:        20160 kB
KernelStack:        3632 kB
PageTables:        11800 kB
NFS_Unstable:          0 kB
Bounce:                0 kB
WritebackTmp:          0 kB
CommitLimit:    16555804 kB
Committed_AS:    6394596 kB
VmallocTotal:     122880 kB
VmallocUsed:           0 kB
VmallocChunk:          0 kB
AnonHugePages:   1447936 kB
CmaTotal:              0 kB
CmaFree:               0 kB
HugePages_Total:       0
HugePages_Free:        0
HugePages_Rsvd:        0
HugePages_Surp:        0
Hugepagesize:       2048 kB
DirectMap4k:       36856 kB
DirectMap2M:      876544 kB


CPU:total 4 (2 cores per cpu, 2 threads per core) family 6 model 78 stepping 3, cmov, cx8, fxsr, mmx, sse, sse2, sse3, ssse3, sse4.1, sse4.2, popcnt, avx, avx2, aes, clmul, erms, 3dnowpref, lzcnt, ht, tsc, tscinvbit, bmi1, bmi2, adx

CPU Model and flags from /proc/cpuinfo:
model name	: Intel(R) Core(TM) i7-6500U CPU @ 2.50GHz
flags		: fpu vme de pse tsc msr pae mce cx8 apic sep mtrr pge mca cmov pat pse36 clflush dts acpi mmx fxsr sse sse2 ss ht tm pbe nx pdpe1gb rdtscp lm constant_tsc art arch_perfmon pebs bts xtopology nonstop_tsc aperfmperf eagerfpu pni pclmulqdq dtes64 monitor ds_cpl vmx est tm2 ssse3 sdbg fma cx16 xtpr pdcm pcid sse4_1 sse4_2 x2apic movbe popcnt tsc_deadline_timer aes xsave avx f16c rdrand lahf_lm abm 3dnowprefetch epb intel_pt tpr_shadow vnmi flexpriority ept vpid fsgsbase tsc_adjust bmi1 avx2 smep bmi2 erms invpcid mpx rdseed adx smap clflushopt xsaveopt xsavec xgetbv1 dtherm ida arat pln pts hwp hwp_notify hwp_act_window hwp_epp

Memory: 4k page, physical 16510532k(11698644k free), swap 8300540k(8300540k free)

vm_info: OpenJDK Server VM (9-internal+0-2016-04-21-232257.buildd.src) for linux-x86 JRE (9-internal+0-2016-04-21-232257.buildd.src), built on Apr 21 2016 23:34:45 by "buildd" with gcc 5.3.1 20160413

END.
