#
# A fatal error has been detected by the Java Runtime Environment:
#
#  SIGSEGV (0xb) at pc=0xb65a2f08, pid=10836, tid=10837
#
# JRE version: OpenJDK Runtime Environment (9.0) (build 9-internal+0-2016-04-21-232257.buildd.src)
# Java VM: OpenJDK Server VM (9-internal+0-2016-04-21-232257.buildd.src, mixed mode, tiered, g1 gc, linux-x86)
# Problematic frame:
# C  [libjava.so+0x18f08]  JNU_GetEnv+0x18
#
# No core dump will be written. Core dumps have been disabled. To enable core dumping, try "ulimit -c unlimited" before starting Java again
#
# If you would like to submit a bug report, please visit:
#   http://bugreport.java.com/bugreport/crash.jsp
# The crash happened outside the Java Virtual Machine in native code.
# See problematic frame for where to report the bug.
#

---------------  S U M M A R Y ------------

Command Line: Quiz1

Host: Intel(R) Core(TM) i7-6500U CPU @ 2.50GHz, 4 cores, 15G, Ubuntu 16.04 LTS
Time: Wed Oct  5 10:52:56 2016 PDT elapsed time: 0 seconds (0d 0h 0m 0s)

---------------  T H R E A D  ---------------

Current thread (0xb640b400):  JavaThread "main" [_thread_in_native, id=10837, stack(0xb65bb000,0xb660c000)]

Stack: [0xb65bb000,0xb660c000],  sp=0xb660a10c,  free space=316k
Native frames: (J=compiled Java code, j=interpreted, Vv=VM code, C=native code)
C  [libjava.so+0x18f08]  JNU_GetEnv+0x18
C  [libfontmanager.so+0x2faf5]
C  [libfreetype.so.6+0xf4dc]  FT_Stream_Seek+0x1c

Java frames: (J=compiled Java code, j=interpreted, Vv=VM code)
j  sun.font.FreetypeFontScaler.initNativeScaler(Lsun/font/Font2D;IIZI)J+0 java.desktop@9-internal
j  sun.font.FreetypeFontScaler.<init>(Lsun/font/Font2D;IZI)V+26 java.desktop@9-internal
v  ~StubRoutines::call_stub
j  jdk.internal.reflect.NativeConstructorAccessorImpl.newInstance0(Ljava/lang/reflect/Constructor;[Ljava/lang/Object;)Ljava/lang/Object;+0 java.base@9-internal
j  jdk.internal.reflect.NativeConstructorAccessorImpl.newInstance([Ljava/lang/Object;)Ljava/lang/Object;+85 java.base@9-internal
j  jdk.internal.reflect.DelegatingConstructorAccessorImpl.newInstance([Ljava/lang/Object;)Ljava/lang/Object;+5 java.base@9-internal
j  java.lang.reflect.Constructor.newInstance([Ljava/lang/Object;)Ljava/lang/Object;+65 java.base@9-internal
j  sun.font.FontScaler.getScaler(Lsun/font/Font2D;IZI)Lsun/font/FontScaler;+39 java.desktop@9-internal
j  sun.font.TrueTypeFont.getScaler()Lsun/font/FontScaler;+21 java.desktop@9-internal
j  sun.font.FileFontStrike.<init>(Lsun/font/FileFont;Lsun/font/FontStrikeDesc;)V+204 java.desktop@9-internal
j  sun.font.FileFont.createStrike(Lsun/font/FontStrikeDesc;)Lsun/font/FontStrike;+18 java.desktop@9-internal
j  sun.font.Font2D.getStrike(Lsun/font/FontStrikeDesc;Z)Lsun/font/FontStrike;+92 java.desktop@9-internal
j  sun.font.Font2D.getStrike(Lsun/font/FontStrikeDesc;)Lsun/font/FontStrike;+3 java.desktop@9-internal
j  sun.font.CompositeStrike.getStrikeForSlot(I)Lsun/font/PhysicalStrike;+23 java.desktop@9-internal
j  sun.font.CompositeStrike.getFontMetrics()Lsun/font/StrikeMetrics;+31 java.desktop@9-internal
j  sun.font.FontDesignMetrics.initMatrixAndMetrics()V+28 java.desktop@9-internal
j  sun.font.FontDesignMetrics.<init>(Ljava/awt/Font;Ljava/awt/font/FontRenderContext;)V+62 java.desktop@9-internal
j  sun.font.FontDesignMetrics.getMetrics(Ljava/awt/Font;Ljava/awt/font/FontRenderContext;)Lsun/font/FontDesignMetrics;+128 java.desktop@9-internal
j  sun.swing.SwingUtilities2.getFontMetrics(Ljavax/swing/JComponent;Ljava/awt/Font;)Ljava/awt/FontMetrics;+15 java.desktop@9-internal
j  javax.swing.JComponent.getFontMetrics(Ljava/awt/Font;)Ljava/awt/FontMetrics;+2 java.desktop@9-internal
j  javax.swing.plaf.basic.BasicLabelUI.getPreferredSize(Ljavax/swing/JComponent;)Ljava/awt/Dimension;+144 java.desktop@9-internal
j  javax.swing.JComponent.getPreferredSize()Ljava/awt/Dimension;+26 java.desktop@9-internal
j  java.awt.FlowLayout.layoutContainer(Ljava/awt/Container;)V+127 java.desktop@9-internal
j  java.awt.Container.layout()V+11 java.desktop@9-internal
j  java.awt.Container.doLayout()V+1 java.desktop@9-internal
j  java.awt.Container.validateTree()V+47 java.desktop@9-internal
j  java.awt.Container.validateTree()V+110 java.desktop@9-internal
j  java.awt.Container.validateTree()V+110 java.desktop@9-internal
j  java.awt.Container.validateTree()V+110 java.desktop@9-internal
j  java.awt.Container.validateTree()V+110 java.desktop@9-internal
j  java.awt.Container.validate()V+60 java.desktop@9-internal
j  java.awt.Container.validateUnconditionally()V+14 java.desktop@9-internal
j  java.awt.Window.pack()V+68 java.desktop@9-internal
j  Quiz1.main([Ljava/lang/String;)V+33
v  ~StubRoutines::call_stub

siginfo: si_signo: 11 (SIGSEGV), si_code: 1 (SEGV_MAPERR), si_addr: 0x00000000

Register to memory mapping:

EAX=0x00000000 is an unknown value
EBX=0x6279a000: <offset 0x000c4000> in /usr/lib/jvm/java-9-openjdk-i386/lib/i386/libfontmanager.so at 0x626d6000
ECX=0x00010002 is an unknown value
EDX=0x00000000 is an unknown value
ESP=0xb660a10c is pointing into the stack for thread: 0xb640b400
EBP=0xb660a128 is pointing into the stack for thread: 0xb640b400
ESI=0x00000000 is an unknown value
EDI=0x00000000 is an unknown value


Registers:
EAX=0x00000000, EBX=0x6279a000, ECX=0x00010002, EDX=0x00000000
ESP=0xb660a10c, EBP=0xb660a128, ESI=0x00000000, EDI=0x00000000
EIP=0xb65a2f08, EFLAGS=0x00010246, CR2=0x0000000000000000

Top of Stack: (sp=0xb660a10c)
0xb660a10c:   00000000 b660a158 b76f3f10 6269cc9b
0xb660a11c:   5df72000 00000000 62a1d720 b660a158
0xb660a12c:   62705af5 00000000 00010002 b640003c
0xb660a13c:   62aa4fe4 b7703000 62a1d9d0 626340b9
0xb660a14c:   62aab490 00000000 00000000 62aab4c0
0xb660a15c:   626354dc 62aab490 00000000 00000000
0xb660a16c:   00000000 b76b1000 626d5000 62aab490
0xb660a17c:   626492b8 62aab490 00000000 00000001 

Instructions: (pc=0xb65a2f08)
0xb65a2ee8:   ff eb f3 90 8d 74 26 00 55 89 e5 83 ec 1c 8b 45
0xb65a2ef8:   08 65 8b 15 14 00 00 00 89 55 f4 31 d2 8b 4d 0c
0xb65a2f08:   8b 10 51 8d 4d f0 51 50 ff 52 18 8b 45 f0 8b 4d
0xb65a2f18:   f4 65 33 0d 14 00 00 00 75 02 c9 c3 e8 c7 5b 00 


---------------  P R O C E S S  ---------------

Java Threads: ( => current thread )
  0x62a95c00 JavaThread "AWT-EventQueue-0" [_thread_blocked, id=10864, stack(0x621e2000,0x62233000)]
  0x62a93800 JavaThread "AWT-Shutdown" [_thread_blocked, id=10863, stack(0x62233000,0x62284000)]
  0x62a3f000 JavaThread "AWT-XAWT" daemon [_thread_in_native, id=10862, stack(0x62484000,0x624d5000)]
  0x62a27c00 JavaThread "Java2D Disposer" daemon [_thread_blocked, id=10861, stack(0x624d5000,0x62526000)]
  0x634c5c00 JavaThread "Service Thread" daemon [_thread_blocked, id=10859, stack(0x62baf000,0x62c00000)]
  0x63468c00 JavaThread "Common-Cleaner" daemon [_thread_blocked, id=10858, stack(0x62d27000,0x62d78000)]
  0x63457000 JavaThread "Sweeper thread" daemon [_thread_blocked, id=10857, stack(0x62f39000,0x62f8a000)]
  0x63456000 JavaThread "C1 CompilerThread2" daemon [_thread_blocked, id=10856, stack(0x62f8a000,0x6300b000)]
  0x63454800 JavaThread "C2 CompilerThread1" daemon [_thread_blocked, id=10855, stack(0x6300b000,0x6308c000)]
  0x63453000 JavaThread "C2 CompilerThread0" daemon [_thread_in_native, id=10854, stack(0x6308c000,0x6310d000)]
  0x63451c00 JavaThread "Signal Dispatcher" daemon [_thread_blocked, id=10853, stack(0x6310d000,0x6315e000)]
  0x63450000 JavaThread "Reference Pending List Locker" daemon [_thread_blocked, id=10852, stack(0x6315e000,0x631af000)]
  0x6343d800 JavaThread "Finalizer" daemon [_thread_blocked, id=10851, stack(0x633af000,0x63400000)]
  0x63436000 JavaThread "Reference Handler" daemon [_thread_blocked, id=10850, stack(0xa620f000,0xa6260000)]
=>0xb640b400 JavaThread "main" [_thread_in_native, id=10837, stack(0xb65bb000,0xb660c000)]

Other Threads:
  0x63431000 VMThread [stack: 0x63533000,0x635b4000] [id=10849]
  0x634c7800 WatcherThread [stack: 0x62b2e000,0x62baf000] [id=10860]

Threads with active compile tasks:
C2 CompilerThread0 481       4       java.util.Properties::loadConvert (505 bytes)

VM state:not at safepoint (normal execution)

VM Mutex/Monitor currently owned by a thread: None

Heap:
 garbage-first heap   total 65536K, used 4096K [0x66200000, 0x66300100, 0xa6200000)
  region size 1024K, 5 young (5120K), 0 survivors (0K)
 Metaspace       used 6790K, capacity 7203K, committed 7320K, reserved 7472K
Heap Regions: E=young(eden), S=young(survivor), O=old, HS=humongous(starts), HC=humongous(continues), CS=collection set, F=free, A=archive, TS=gc time stamp, AC=allocation context, TAMS=top-at-mark-start (previous, next)
|   0|0x66200000, 0x66200000, 0x66300000|  0%| F|  |TS  0|AC  0|TAMS 0x66200000, 0x66200000|
|   1|0x66300000, 0x66300000, 0x66400000|  0%| F|  |TS  0|AC  0|TAMS 0x66300000, 0x66300000|
|   2|0x66400000, 0x66400000, 0x66500000|  0%| F|  |TS  0|AC  0|TAMS 0x66400000, 0x66400000|
|   3|0x66500000, 0x66500000, 0x66600000|  0%| F|  |TS  0|AC  0|TAMS 0x66500000, 0x66500000|
|   4|0x66600000, 0x66600000, 0x66700000|  0%| F|  |TS  0|AC  0|TAMS 0x66600000, 0x66600000|
|   5|0x66700000, 0x66700000, 0x66800000|  0%| F|  |TS  0|AC  0|TAMS 0x66700000, 0x66700000|
|   6|0x66800000, 0x66800000, 0x66900000|  0%| F|  |TS  0|AC  0|TAMS 0x66800000, 0x66800000|
|   7|0x66900000, 0x66900000, 0x66a00000|  0%| F|  |TS  0|AC  0|TAMS 0x66900000, 0x66900000|
|   8|0x66a00000, 0x66a00000, 0x66b00000|  0%| F|  |TS  0|AC  0|TAMS 0x66a00000, 0x66a00000|
|   9|0x66b00000, 0x66b00000, 0x66c00000|  0%| F|  |TS  0|AC  0|TAMS 0x66b00000, 0x66b00000|
|  10|0x66c00000, 0x66c00000, 0x66d00000|  0%| F|  |TS  0|AC  0|TAMS 0x66c00000, 0x66c00000|
|  11|0x66d00000, 0x66d00000, 0x66e00000|  0%| F|  |TS  0|AC  0|TAMS 0x66d00000, 0x66d00000|
|  12|0x66e00000, 0x66e00000, 0x66f00000|  0%| F|  |TS  0|AC  0|TAMS 0x66e00000, 0x66e00000|
|  13|0x66f00000, 0x66f00000, 0x67000000|  0%| F|  |TS  0|AC  0|TAMS 0x66f00000, 0x66f00000|
|  14|0x67000000, 0x67000000, 0x67100000|  0%| F|  |TS  0|AC  0|TAMS 0x67000000, 0x67000000|
|  15|0x67100000, 0x67100000, 0x67200000|  0%| F|  |TS  0|AC  0|TAMS 0x67100000, 0x67100000|
|  16|0x67200000, 0x67200000, 0x67300000|  0%| F|  |TS  0|AC  0|TAMS 0x67200000, 0x67200000|
|  17|0x67300000, 0x67300000, 0x67400000|  0%| F|  |TS  0|AC  0|TAMS 0x67300000, 0x67300000|
|  18|0x67400000, 0x67400000, 0x67500000|  0%| F|  |TS  0|AC  0|TAMS 0x67400000, 0x67400000|
|  19|0x67500000, 0x67500000, 0x67600000|  0%| F|  |TS  0|AC  0|TAMS 0x67500000, 0x67500000|
|  20|0x67600000, 0x67600000, 0x67700000|  0%| F|  |TS  0|AC  0|TAMS 0x67600000, 0x67600000|
|  21|0x67700000, 0x67700000, 0x67800000|  0%| F|  |TS  0|AC  0|TAMS 0x67700000, 0x67700000|
|  22|0x67800000, 0x67800000, 0x67900000|  0%| F|  |TS  0|AC  0|TAMS 0x67800000, 0x67800000|
|  23|0x67900000, 0x67900000, 0x67a00000|  0%| F|  |TS  0|AC  0|TAMS 0x67900000, 0x67900000|
|  24|0x67a00000, 0x67a00000, 0x67b00000|  0%| F|  |TS  0|AC  0|TAMS 0x67a00000, 0x67a00000|
|  25|0x67b00000, 0x67b00000, 0x67c00000|  0%| F|  |TS  0|AC  0|TAMS 0x67b00000, 0x67b00000|
|  26|0x67c00000, 0x67c00000, 0x67d00000|  0%| F|  |TS  0|AC  0|TAMS 0x67c00000, 0x67c00000|
|  27|0x67d00000, 0x67d00000, 0x67e00000|  0%| F|  |TS  0|AC  0|TAMS 0x67d00000, 0x67d00000|
|  28|0x67e00000, 0x67e00000, 0x67f00000|  0%| F|  |TS  0|AC  0|TAMS 0x67e00000, 0x67e00000|
|  29|0x67f00000, 0x67f00000, 0x68000000|  0%| F|  |TS  0|AC  0|TAMS 0x67f00000, 0x67f00000|
|  30|0x68000000, 0x68000000, 0x68100000|  0%| F|  |TS  0|AC  0|TAMS 0x68000000, 0x68000000|
|  31|0x68100000, 0x68100000, 0x68200000|  0%| F|  |TS  0|AC  0|TAMS 0x68100000, 0x68100000|
|  32|0x68200000, 0x68200000, 0x68300000|  0%| F|  |TS  0|AC  0|TAMS 0x68200000, 0x68200000|
|  33|0x68300000, 0x68300000, 0x68400000|  0%| F|  |TS  0|AC  0|TAMS 0x68300000, 0x68300000|
|  34|0x68400000, 0x68400000, 0x68500000|  0%| F|  |TS  0|AC  0|TAMS 0x68400000, 0x68400000|
|  35|0x68500000, 0x68500000, 0x68600000|  0%| F|  |TS  0|AC  0|TAMS 0x68500000, 0x68500000|
|  36|0x68600000, 0x68600000, 0x68700000|  0%| F|  |TS  0|AC  0|TAMS 0x68600000, 0x68600000|
|  37|0x68700000, 0x68700000, 0x68800000|  0%| F|  |TS  0|AC  0|TAMS 0x68700000, 0x68700000|
|  38|0x68800000, 0x68800000, 0x68900000|  0%| F|  |TS  0|AC  0|TAMS 0x68800000, 0x68800000|
|  39|0x68900000, 0x68900000, 0x68a00000|  0%| F|  |TS  0|AC  0|TAMS 0x68900000, 0x68900000|
|  40|0x68a00000, 0x68a00000, 0x68b00000|  0%| F|  |TS  0|AC  0|TAMS 0x68a00000, 0x68a00000|
|  41|0x68b00000, 0x68b00000, 0x68c00000|  0%| F|  |TS  0|AC  0|TAMS 0x68b00000, 0x68b00000|
|  42|0x68c00000, 0x68c00000, 0x68d00000|  0%| F|  |TS  0|AC  0|TAMS 0x68c00000, 0x68c00000|
|  43|0x68d00000, 0x68d00000, 0x68e00000|  0%| F|  |TS  0|AC  0|TAMS 0x68d00000, 0x68d00000|
|  44|0x68e00000, 0x68e00000, 0x68f00000|  0%| F|  |TS  0|AC  0|TAMS 0x68e00000, 0x68e00000|
|  45|0x68f00000, 0x68f00000, 0x69000000|  0%| F|  |TS  0|AC  0|TAMS 0x68f00000, 0x68f00000|
|  46|0x69000000, 0x69000000, 0x69100000|  0%| F|  |TS  0|AC  0|TAMS 0x69000000, 0x69000000|
|  47|0x69100000, 0x69100000, 0x69200000|  0%| F|  |TS  0|AC  0|TAMS 0x69100000, 0x69100000|
|  48|0x69200000, 0x69200000, 0x69300000|  0%| F|  |TS  0|AC  0|TAMS 0x69200000, 0x69200000|
|  49|0x69300000, 0x69300000, 0x69400000|  0%| F|  |TS  0|AC  0|TAMS 0x69300000, 0x69300000|
|  50|0x69400000, 0x69400000, 0x69500000|  0%| F|  |TS  0|AC  0|TAMS 0x69400000, 0x69400000|
|  51|0x69500000, 0x69500000, 0x69600000|  0%| F|  |TS  0|AC  0|TAMS 0x69500000, 0x69500000|
|  52|0x69600000, 0x69600000, 0x69700000|  0%| F|  |TS  0|AC  0|TAMS 0x69600000, 0x69600000|
|  53|0x69700000, 0x69700000, 0x69800000|  0%| F|  |TS  0|AC  0|TAMS 0x69700000, 0x69700000|
|  54|0x69800000, 0x69800000, 0x69900000|  0%| F|  |TS  0|AC  0|TAMS 0x69800000, 0x69800000|
|  55|0x69900000, 0x69900000, 0x69a00000|  0%| F|  |TS  0|AC  0|TAMS 0x69900000, 0x69900000|
|  56|0x69a00000, 0x69a00000, 0x69b00000|  0%| F|  |TS  0|AC  0|TAMS 0x69a00000, 0x69a00000|
|  57|0x69b00000, 0x69b00000, 0x69c00000|  0%| F|  |TS  0|AC  0|TAMS 0x69b00000, 0x69b00000|
|  58|0x69c00000, 0x69c00000, 0x69d00000|  0%| F|  |TS  0|AC  0|TAMS 0x69c00000, 0x69c00000|
|  59|0x69d00000, 0x69dda1c0, 0x69e00000| 85%| E|  |TS  0|AC  0|TAMS 0x69d00000, 0x69d00000|
|  60|0x69e00000, 0x69f00000, 0x69f00000|100%| E|CS|TS  0|AC  0|TAMS 0x69e00000, 0x69e00000|
|  61|0x69f00000, 0x6a000000, 0x6a000000|100%| E|CS|TS  0|AC  0|TAMS 0x69f00000, 0x69f00000|
|  62|0x6a000000, 0x6a100000, 0x6a100000|100%| E|CS|TS  0|AC  0|TAMS 0x6a000000, 0x6a000000|
|  63|0x6a100000, 0x6a200000, 0x6a200000|100%| E|CS|TS  0|AC  0|TAMS 0x6a100000, 0x6a100000|

Card table byte_map: [0x65c00000,0x65e00000] byte_map_base: 0x658cf000

Marking Bits (Prev, Next): (CMBitMap*) 0xb647ddd4, (CMBitMap*) 0xb647ddf0
 Prev Bits: [0x64a00000, 0x65a00000)
 Next Bits: [0x63a00000, 0x64a00000)

Polling page: 0xb76bb000

CodeHeap 'non-nmethods': size=5412Kb used=752Kb max_used=762Kb free=4659Kb
 bounds [0xa7246000, 0xa7486000, 0xa778f000]
CodeHeap 'profiled nmethods': size=120172Kb used=667Kb max_used=667Kb free=119504Kb
 bounds [0xa778f000, 0xa79cf000, 0xaecea000]
CodeHeap 'non-profiled nmethods': size=120176Kb used=120Kb max_used=120Kb free=120055Kb
 bounds [0xaecea000, 0xaef2a000, 0xb6246000]
 total_blobs=891 nmethods=498 adapters=184
 compilation: enabled

Compilation events (10 events):
Event: 0.297 Thread 0x63456000 nmethod 498 0xa7834b88 code [0xa7834ca0, 0xa7834e60]
Event: 0.297 Thread 0x63456000  493       3       java.lang.invoke.MemberName::isField (7 bytes)
Event: 0.297 Thread 0x63456000 nmethod 493 0xa7835008 code [0xa7835120, 0xa78352e0]
Event: 0.297 Thread 0x63456000  494       3       java.lang.invoke.DirectMethodHandle::maybeCompile (18 bytes)
Event: 0.297 Thread 0x63456000 nmethod 494 0xa7835408 code [0xa7835540, 0xa78356f8]
Event: 0.299 Thread 0x63454800 nmethod 486 0xaed07c88 code [0xaed07da0, 0xaed08110]
Event: 0.299 Thread 0x63456000  499       3       java.nio.HeapByteBuffer::_get (7 bytes)
Event: 0.299 Thread 0x63456000 nmethod 499 0xa7835808 code [0xa7835920, 0xa7835a20]
Event: 0.300 Thread 0x63456000  500       3       java.lang.Class::getComponentType (14 bytes)
Event: 0.300 Thread 0x63456000 nmethod 500 0xa7835b08 code [0xa7835c20, 0xa7835dcc]

GC Heap History (0 events):
No events

Deoptimization events (6 events):
Event: 0.088 Thread 0xb640b400 Uncommon trap: reason=unstable_if action=reinterpret pc=0xaeceb920 method=java.lang.String.hashCode()I @ 12
Event: 0.118 Thread 0xb640b400 Uncommon trap: reason=unstable_if action=reinterpret pc=0xaecf209c method=java.lang.StringLatin1.replace([BCC)Ljava/lang/String; @ 19
Event: 0.205 Thread 0xb640b400 Uncommon trap: reason=unstable_if action=reinterpret pc=0xaecf14b8 method=java.util.HashMap.putVal(ILjava/lang/Object;Ljava/lang/Object;ZZ)Ljava/lang/Object; @ 181
Event: 0.247 Thread 0xb640b400 Uncommon trap: reason=unstable_if action=reinterpret pc=0xaecf2b34 method=java.util.HashMap.hash(Ljava/lang/Object;)I @ 1
Event: 0.252 Thread 0xb640b400 Uncommon trap: reason=unstable_if action=reinterpret pc=0xaeceefe0 method=java.util.HashMap.hash(Ljava/lang/Object;)I @ 1
Event: 0.266 Thread 0xb640b400 Uncommon trap: reason=unstable_fused_if action=reinterpret pc=0xaecfafcc method=jdk.internal.org.objectweb.asm.ByteVector.putUTF8(Ljava/lang/String;)Ljdk/internal/org/objectweb/asm/ByteVector; @ 91

Classes redefined (0 events):
No events

Internal exceptions (7 events):
Event: 0.148 Thread 0xb640b400 Exception <a 'java/lang/ClassNotFoundException'{0x6a0f35c8}: sun/awt/resources/awtProvider> (0x6a0f35c8) thrown at [/build/openjdk-9-w1JaeN/openjdk-9-9~b115/src/hotspot/src/share/vm/classfile/systemDictionary.cpp, line 226]
Event: 0.159 Thread 0xb640b400 Exception <a 'java/io/FileNotFoundException'{0x69f2b028}> (0x69f2b028) thrown at [/build/openjdk-9-w1JaeN/openjdk-9-9~b115/src/hotspot/src/share/vm/prims/jni.cpp, line 606]
Event: 0.159 Thread 0xb640b400 Exception <a 'java/io/FileNotFoundException'{0x69f32eb0}> (0x69f32eb0) thrown at [/build/openjdk-9-w1JaeN/openjdk-9-9~b115/src/hotspot/src/share/vm/prims/jni.cpp, line 606]
Event: 0.240 Thread 0xb640b400 Exception <a 'java/lang/ClassNotFoundException'{0x69eccc00}: com/sun/swing/internal/plaf/metal/resources/metalProvider> (0x69eccc00) thrown at [/build/openjdk-9-w1JaeN/openjdk-9-9~b115/src/hotspot/src/share/vm/classfile/systemDictionary.cpp, line 226]
Event: 0.240 Thread 0xb640b400 Exception <a 'java/lang/ClassNotFoundException'{0x69ed01b0}: com/sun/swing/internal/plaf/basic/resources/basicProvider> (0x69ed01b0) thrown at [/build/openjdk-9-w1JaeN/openjdk-9-9~b115/src/hotspot/src/share/vm/classfile/systemDictionary.cpp, line 226]
Event: 0.247 Thread 0xb640b400 Implicit null exception at 0xaecf2abd to 0xaecf2b2a
Event: 0.252 Thread 0xb640b400 Implicit null exception at 0xaeceef8b to 0xaeceefd0

Events (10 events):
Event: 0.300 loading class sun/nio/cs/UTF_16$Decoder
Event: 0.300 loading class sun/nio/cs/UnicodeDecoder
Event: 0.300 loading class sun/nio/cs/UnicodeDecoder done
Event: 0.300 loading class sun/nio/cs/UTF_16$Decoder done
Event: 0.300 loading class sun/font/FileFontStrike
Event: 0.300 loading class sun/font/FileFontStrike done
Event: 0.300 loading class sun/font/FontScaler
Event: 0.301 loading class sun/font/FontScaler done
Event: 0.301 loading class sun/font/FreetypeFontScaler
Event: 0.301 loading class sun/font/FreetypeFontScaler done


Dynamic libraries:
08048000-08049000 r-xp 00000000 08:12 5123523    /usr/lib/jvm/java-9-openjdk-i386/bin/java
08049000-0804a000 r--p 00000000 08:12 5123523    /usr/lib/jvm/java-9-openjdk-i386/bin/java
0804a000-0804b000 rw-p 00001000 08:12 5123523    /usr/lib/jvm/java-9-openjdk-i386/bin/java
09673000-09694000 rw-p 00000000 00:00 0          [heap]
621e2000-621e6000 ---p 00000000 00:00 0 
621e6000-62233000 rw-p 00000000 00:00 0 
62233000-62237000 ---p 00000000 00:00 0 
62237000-62364000 rw-p 00000000 00:00 0 
62364000-62384000 ---p 00000000 00:00 0 
62384000-62484000 rw-p 00000000 00:00 0 
62484000-62488000 ---p 00000000 00:00 0 
62488000-624d5000 rw-p 00000000 00:00 0 
624d5000-624d9000 ---p 00000000 00:00 0 
624d9000-62626000 rw-p 00000000 00:00 0 
62626000-626d1000 r-xp 00000000 08:12 5116962    /usr/lib/i386-linux-gnu/libfreetype.so.6.12.1
626d1000-626d5000 r--p 000aa000 08:12 5116962    /usr/lib/i386-linux-gnu/libfreetype.so.6.12.1
626d5000-626d6000 rw-p 000ae000 08:12 5116962    /usr/lib/i386-linux-gnu/libfreetype.so.6.12.1
626d6000-62798000 r-xp 00000000 08:12 5255733    /usr/lib/jvm/java-9-openjdk-i386/lib/i386/libfontmanager.so
62798000-6279a000 r--p 000c1000 08:12 5255733    /usr/lib/jvm/java-9-openjdk-i386/lib/i386/libfontmanager.so
6279a000-6279b000 rw-p 000c3000 08:12 5255733    /usr/lib/jvm/java-9-openjdk-i386/lib/i386/libfontmanager.so
6279b000-628e1000 r-xp 00000000 08:12 5117841    /usr/lib/i386-linux-gnu/libX11.so.6.3.0
628e1000-628e2000 ---p 00146000 08:12 5117841    /usr/lib/i386-linux-gnu/libX11.so.6.3.0
628e2000-628e3000 r--p 00146000 08:12 5117841    /usr/lib/i386-linux-gnu/libX11.so.6.3.0
628e3000-628e5000 rw-p 00147000 08:12 5117841    /usr/lib/i386-linux-gnu/libX11.so.6.3.0
628e5000-628e6000 rw-p 00000000 00:00 0 
628e6000-6293a000 r-xp 00000000 08:12 5255789    /usr/lib/jvm/java-9-openjdk-i386/lib/i386/libawt_xawt.so
6293a000-6293b000 r--p 00053000 08:12 5255789    /usr/lib/jvm/java-9-openjdk-i386/lib/i386/libawt_xawt.so
6293b000-6293d000 rw-p 00054000 08:12 5255789    /usr/lib/jvm/java-9-openjdk-i386/lib/i386/libawt_xawt.so
6293d000-6293e000 rw-p 00000000 00:00 0 
6293e000-629d4000 r-xp 00000000 08:12 5255731    /usr/lib/jvm/java-9-openjdk-i386/lib/i386/libawt.so
629d4000-629d5000 r--p 00095000 08:12 5255731    /usr/lib/jvm/java-9-openjdk-i386/lib/i386/libawt.so
629d5000-629dc000 rw-p 00096000 08:12 5255731    /usr/lib/jvm/java-9-openjdk-i386/lib/i386/libawt.so
629dc000-62a00000 rw-p 00000000 00:00 0 
62a00000-62aaf000 rw-p 00000000 00:00 0 
62aaf000-62b00000 ---p 00000000 00:00 0 
62b2e000-62b2f000 ---p 00000000 00:00 0 
62b2f000-62baf000 rw-p 00000000 00:00 0 
62baf000-62bb3000 ---p 00000000 00:00 0 
62bb3000-62c00000 rw-p 00000000 00:00 0 
62c00000-62ca5000 rw-p 00000000 00:00 0 
62ca5000-62d00000 ---p 00000000 00:00 0 
62d27000-62d2b000 ---p 00000000 00:00 0 
62d2b000-62f39000 rw-p 00000000 00:00 0 
62f39000-62f3d000 ---p 00000000 00:00 0 
62f3d000-62f8a000 rw-p 00000000 00:00 0 
62f8a000-62f8e000 ---p 00000000 00:00 0 
62f8e000-6300b000 rw-p 00000000 00:00 0 
6300b000-6300f000 ---p 00000000 00:00 0 
6300f000-6308c000 rw-p 00000000 00:00 0 
6308c000-63090000 ---p 00000000 00:00 0 
63090000-6310d000 rw-p 00000000 00:00 0 
6310d000-63111000 ---p 00000000 00:00 0 
63111000-6315e000 rw-p 00000000 00:00 0 
6315e000-63162000 ---p 00000000 00:00 0 
63162000-631af000 rw-p 00000000 00:00 0 
631af000-633af000 r--p 00000000 08:12 5116755    /usr/lib/locale/locale-archive
633af000-633b3000 ---p 00000000 00:00 0 
633b3000-63400000 rw-p 00000000 00:00 0 
63400000-634fd000 rw-p 00000000 00:00 0 
634fd000-63500000 ---p 00000000 00:00 0 
63508000-63531000 r-xp 00000000 08:12 1310827    /lib/i386-linux-gnu/libpng12.so.0.54.0
63531000-63532000 r--p 00028000 08:12 1310827    /lib/i386-linux-gnu/libpng12.so.0.54.0
63532000-63533000 rw-p 00029000 08:12 1310827    /lib/i386-linux-gnu/libpng12.so.0.54.0
63533000-63534000 ---p 00000000 00:00 0 
63534000-639fa000 rw-p 00000000 00:00 0 
639fa000-63a00000 ---p 00000000 00:00 0 
63a00000-63b00000 rw-p 00000000 00:00 0 
63b00000-64a00000 ---p 00000000 00:00 0 
64a00000-64b00000 rw-p 00000000 00:00 0 
64b00000-65a00000 ---p 00000000 00:00 0 
65a00000-65a20000 rw-p 00000000 00:00 0 
65a20000-65c00000 ---p 00000000 00:00 0 
65c00000-65c20000 rw-p 00000000 00:00 0 
65c20000-66000000 ---p 00000000 00:00 0 
66000000-66020000 rw-p 00000000 00:00 0 
66020000-66200000 ---p 00000000 00:00 0 
66200000-6a200000 rw-p 00000000 00:00 0 
6a200000-a6200000 ---p 00000000 00:00 0 
a620f000-a6213000 ---p 00000000 00:00 0 
a6213000-a62fc000 rw-p 00000000 00:00 0 
a62fc000-a62fd000 ---p 00000000 00:00 0 
a62fd000-a637d000 rw-p 00000000 00:00 0 
a637d000-a637e000 ---p 00000000 00:00 0 
a637e000-a63fe000 rw-p 00000000 00:00 0 
a63fe000-a63ff000 ---p 00000000 00:00 0 
a63ff000-a647f000 rw-p 00000000 00:00 0 
a647f000-a6480000 ---p 00000000 00:00 0 
a6480000-a6500000 rw-p 00000000 00:00 0 
a6500000-a6521000 rw-p 00000000 00:00 0 
a6521000-a6600000 ---p 00000000 00:00 0 
a6618000-a663c000 r-xp 00000000 08:12 5117791    /usr/lib/i386-linux-gnu/libxcb.so.1.1.0
a663c000-a663d000 r--p 00023000 08:12 5117791    /usr/lib/i386-linux-gnu/libxcb.so.1.1.0
a663d000-a663e000 rw-p 00024000 08:12 5117791    /usr/lib/i386-linux-gnu/libxcb.so.1.1.0
a663e000-a667f000 rw-p 00000000 00:00 0 
a667f000-a6680000 ---p 00000000 00:00 0 
a6680000-a6700000 rw-p 00000000 00:00 0 
a6700000-a67fe000 rw-p 00000000 00:00 0 
a67fe000-a6800000 ---p 00000000 00:00 0 
a680d000-a6812000 r-xp 00000000 08:12 5118330    /usr/lib/i386-linux-gnu/libXfixes.so.3.1.0
a6812000-a6813000 r--p 00004000 08:12 5118330    /usr/lib/i386-linux-gnu/libXfixes.so.3.1.0
a6813000-a6814000 rw-p 00005000 08:12 5118330    /usr/lib/i386-linux-gnu/libXfixes.so.3.1.0
a6814000-a6825000 r-xp 00000000 08:12 5118336    /usr/lib/i386-linux-gnu/libXi.so.6.1.0
a6825000-a6826000 r--p 00010000 08:12 5118336    /usr/lib/i386-linux-gnu/libXi.so.6.1.0
a6826000-a6827000 rw-p 00011000 08:12 5118336    /usr/lib/i386-linux-gnu/libXi.so.6.1.0
a6827000-a683a000 r-xp 00000000 08:12 5117843    /usr/lib/i386-linux-gnu/libXext.so.6.4.0
a683a000-a683b000 r--p 00012000 08:12 5117843    /usr/lib/i386-linux-gnu/libXext.so.6.4.0
a683b000-a683c000 rw-p 00013000 08:12 5117843    /usr/lib/i386-linux-gnu/libXext.so.6.4.0
a683c000-a687d000 rw-p 00000000 00:00 0 
a687d000-a687e000 ---p 00000000 00:00 0 
a687e000-a68fe000 rw-p 00000000 00:00 0 
a68fe000-a68ff000 ---p 00000000 00:00 0 
a68ff000-a697f000 rw-p 00000000 00:00 0 
a697f000-a6980000 ---p 00000000 00:00 0 
a6980000-a6a00000 rw-p 00000000 00:00 0 
a6a00000-a6ac3000 rw-p 00000000 00:00 0 
a6ac3000-a6b00000 ---p 00000000 00:00 0 
a6b00000-a6bac000 rw-p 00000000 00:00 0 
a6bac000-a6c00000 ---p 00000000 00:00 0 
a6c00000-a6c21000 rw-p 00000000 00:00 0 
a6c21000-a6d00000 ---p 00000000 00:00 0 
a6d00000-a6d09000 r-xp 00000000 08:12 5118332    /usr/lib/i386-linux-gnu/libXcursor.so.1.0.2
a6d09000-a6d0a000 r--p 00008000 08:12 5118332    /usr/lib/i386-linux-gnu/libXcursor.so.1.0.2
a6d0a000-a6d0b000 rw-p 00009000 08:12 5118332    /usr/lib/i386-linux-gnu/libXcursor.so.1.0.2
a6d0b000-a6d10000 r-xp 00000000 08:12 5117786    /usr/lib/i386-linux-gnu/libXdmcp.so.6.0.0
a6d10000-a6d11000 r--p 00004000 08:12 5117786    /usr/lib/i386-linux-gnu/libXdmcp.so.6.0.0
a6d11000-a6d12000 rw-p 00005000 08:12 5117786    /usr/lib/i386-linux-gnu/libXdmcp.so.6.0.0
a6d27000-a6d3c000 r-xp 00000000 08:12 5255735    /usr/lib/jvm/java-9-openjdk-i386/lib/i386/libnet.so
a6d3c000-a6d3d000 r--p 00014000 08:12 5255735    /usr/lib/jvm/java-9-openjdk-i386/lib/i386/libnet.so
a6d3d000-a6d3e000 rw-p 00015000 08:12 5255735    /usr/lib/jvm/java-9-openjdk-i386/lib/i386/libnet.so
a6d3e000-a6d7f000 rw-p 00000000 00:00 0 
a6d7f000-a6d80000 ---p 00000000 00:00 0 
a6d80000-a6e00000 rw-p 00000000 00:00 0 
a6e00000-a6e21000 rw-p 00000000 00:00 0 
a6e21000-a6f00000 ---p 00000000 00:00 0 
a6f01000-a6f0b000 r-xp 00000000 08:12 5118187    /usr/lib/i386-linux-gnu/libXrender.so.1.3.0
a6f0b000-a6f0c000 r--p 00009000 08:12 5118187    /usr/lib/i386-linux-gnu/libXrender.so.1.3.0
a6f0c000-a6f0d000 rw-p 0000a000 08:12 5118187    /usr/lib/i386-linux-gnu/libXrender.so.1.3.0
a6f0d000-a6f6e000 rw-p 00000000 00:00 0 
a6f6e000-a6f6f000 ---p 00000000 00:00 0 
a6f6f000-a6fef000 rw-p 00000000 00:00 0 
a6fef000-a6ff0000 ---p 00000000 00:00 0 
a6ff0000-a7075000 rw-p 00000000 00:00 0 
a7075000-a715b000 ---p 00000000 00:00 0 
a715b000-a7160000 rw-p 00000000 00:00 0 
a7160000-a7246000 ---p 00000000 00:00 0 
a7246000-a7486000 rwxp 00000000 00:00 0 
a7486000-a778f000 ---p 00000000 00:00 0 
a778f000-a79cf000 rwxp 00000000 00:00 0 
a79cf000-aecea000 ---p 00000000 00:00 0 
aecea000-aef2a000 rwxp 00000000 00:00 0 
aef2a000-b6246000 ---p 00000000 00:00 0 
b6246000-b6400000 r--s 00000000 08:12 5255711    /usr/lib/jvm/java-9-openjdk-i386/lib/modules
b6400000-b64fe000 rw-p 00000000 00:00 0 
b64fe000-b6500000 ---p 00000000 00:00 0 
b6504000-b6509000 r-xp 00000000 08:12 5118637    /usr/lib/i386-linux-gnu/libXtst.so.6.1.0
b6509000-b650a000 r--p 00004000 08:12 5118637    /usr/lib/i386-linux-gnu/libXtst.so.6.1.0
b650a000-b650b000 rw-p 00005000 08:12 5118637    /usr/lib/i386-linux-gnu/libXtst.so.6.1.0
b650b000-b651c000 r-xp 00000000 08:12 5255791    /usr/lib/jvm/java-9-openjdk-i386/lib/i386/libnio.so
b651c000-b651d000 r--p 00010000 08:12 5255791    /usr/lib/jvm/java-9-openjdk-i386/lib/i386/libnio.so
b651d000-b651e000 rw-p 00011000 08:12 5255791    /usr/lib/jvm/java-9-openjdk-i386/lib/i386/libnio.so
b651e000-b6523000 rw-p 00000000 00:00 0 
b6523000-b6529000 ---p 00000000 00:00 0 
b6529000-b652e000 r-xp 00000000 08:12 5255761    /usr/lib/jvm/java-9-openjdk-i386/lib/i386/libjimage.so
b652e000-b652f000 r--p 00004000 08:12 5255761    /usr/lib/jvm/java-9-openjdk-i386/lib/i386/libjimage.so
b652f000-b6530000 rw-p 00005000 08:12 5255761    /usr/lib/jvm/java-9-openjdk-i386/lib/i386/libjimage.so
b6530000-b653b000 r-xp 00000000 08:12 1310809    /lib/i386-linux-gnu/libnss_files-2.23.so
b653b000-b653c000 r--p 0000a000 08:12 1310809    /lib/i386-linux-gnu/libnss_files-2.23.so
b653c000-b653d000 rw-p 0000b000 08:12 1310809    /lib/i386-linux-gnu/libnss_files-2.23.so
b653d000-b6543000 rw-p 00000000 00:00 0 
b6543000-b654e000 r-xp 00000000 08:12 1310813    /lib/i386-linux-gnu/libnss_nis-2.23.so
b654e000-b654f000 r--p 0000a000 08:12 1310813    /lib/i386-linux-gnu/libnss_nis-2.23.so
b654f000-b6550000 rw-p 0000b000 08:12 1310813    /lib/i386-linux-gnu/libnss_nis-2.23.so
b6550000-b6567000 r-xp 00000000 08:12 1310803    /lib/i386-linux-gnu/libnsl-2.23.so
b6567000-b6568000 r--p 00016000 08:12 1310803    /lib/i386-linux-gnu/libnsl-2.23.so
b6568000-b6569000 rw-p 00017000 08:12 1310803    /lib/i386-linux-gnu/libnsl-2.23.so
b6569000-b656b000 rw-p 00000000 00:00 0 
b656b000-b6573000 r-xp 00000000 08:12 1310805    /lib/i386-linux-gnu/libnss_compat-2.23.so
b6573000-b6574000 r--p 00007000 08:12 1310805    /lib/i386-linux-gnu/libnss_compat-2.23.so
b6574000-b6575000 rw-p 00008000 08:12 1310805    /lib/i386-linux-gnu/libnss_compat-2.23.so
b6579000-b6580000 r-xp 00000000 08:12 5255753    /usr/lib/jvm/java-9-openjdk-i386/lib/i386/libzip.so
b6580000-b6581000 r--p 00006000 08:12 5255753    /usr/lib/jvm/java-9-openjdk-i386/lib/i386/libzip.so
b6581000-b6582000 rw-p 00007000 08:12 5255753    /usr/lib/jvm/java-9-openjdk-i386/lib/i386/libzip.so
b6582000-b658a000 rw-s 00000000 08:12 4980895    /tmp/hsperfdata_kevin/10836
b658a000-b65b0000 r-xp 00000000 08:12 5255721    /usr/lib/jvm/java-9-openjdk-i386/lib/i386/libjava.so
b65b0000-b65b1000 r--p 00025000 08:12 5255721    /usr/lib/jvm/java-9-openjdk-i386/lib/i386/libjava.so
b65b1000-b65b2000 rw-p 00026000 08:12 5255721    /usr/lib/jvm/java-9-openjdk-i386/lib/i386/libjava.so
b65b2000-b65b9000 r-xp 00000000 08:12 1310838    /lib/i386-linux-gnu/librt-2.23.so
b65b9000-b65ba000 r--p 00006000 08:12 1310838    /lib/i386-linux-gnu/librt-2.23.so
b65ba000-b65bb000 rw-p 00007000 08:12 1310838    /lib/i386-linux-gnu/librt-2.23.so
b65bb000-b65bf000 ---p 00000000 00:00 0 
b65bf000-b660c000 rw-p 00000000 00:00 0 
b660c000-b6628000 r-xp 00000000 08:12 1310773    /lib/i386-linux-gnu/libgcc_s.so.1
b6628000-b6629000 rw-p 0001b000 08:12 1310773    /lib/i386-linux-gnu/libgcc_s.so.1
b6629000-b667c000 r-xp 00000000 08:12 1310788    /lib/i386-linux-gnu/libm-2.23.so
b667c000-b667d000 r--p 00052000 08:12 1310788    /lib/i386-linux-gnu/libm-2.23.so
b667d000-b667e000 rw-p 00053000 08:12 1310788    /lib/i386-linux-gnu/libm-2.23.so
b667e000-b67eb000 r-xp 00000000 08:12 5118249    /usr/lib/i386-linux-gnu/libstdc++.so.6.0.21
b67eb000-b67ec000 ---p 0016d000 08:12 5118249    /usr/lib/i386-linux-gnu/libstdc++.so.6.0.21
b67ec000-b67f1000 r--p 0016d000 08:12 5118249    /usr/lib/i386-linux-gnu/libstdc++.so.6.0.21
b67f1000-b67f2000 rw-p 00172000 08:12 5118249    /usr/lib/i386-linux-gnu/libstdc++.so.6.0.21
b67f2000-b67f5000 rw-p 00000000 00:00 0 
b67f5000-b7425000 r-xp 00000000 08:12 5255747    /usr/lib/jvm/java-9-openjdk-i386/lib/i386/server/libjvm.so
b7425000-b7426000 ---p 00c30000 08:12 5255747    /usr/lib/jvm/java-9-openjdk-i386/lib/i386/server/libjvm.so
b7426000-b747b000 r--p 00c30000 08:12 5255747    /usr/lib/jvm/java-9-openjdk-i386/lib/i386/server/libjvm.so
b747b000-b7499000 rw-p 00c85000 08:12 5255747    /usr/lib/jvm/java-9-openjdk-i386/lib/i386/server/libjvm.so
b7499000-b74c2000 rw-p 00000000 00:00 0 
b74c2000-b74db000 r-xp 00000000 08:12 1310832    /lib/i386-linux-gnu/libpthread-2.23.so
b74db000-b74dc000 r--p 00018000 08:12 1310832    /lib/i386-linux-gnu/libpthread-2.23.so
b74dc000-b74dd000 rw-p 00019000 08:12 1310832    /lib/i386-linux-gnu/libpthread-2.23.so
b74dd000-b74df000 rw-p 00000000 00:00 0 
b74df000-b74e2000 r-xp 00000000 08:12 1310761    /lib/i386-linux-gnu/libdl-2.23.so
b74e2000-b74e3000 r--p 00002000 08:12 1310761    /lib/i386-linux-gnu/libdl-2.23.so
b74e3000-b74e4000 rw-p 00003000 08:12 1310761    /lib/i386-linux-gnu/libdl-2.23.so
b74e4000-b74fd000 r-xp 00000000 08:12 1310868    /lib/i386-linux-gnu/libz.so.1.2.8
b74fd000-b74fe000 r--p 00018000 08:12 1310868    /lib/i386-linux-gnu/libz.so.1.2.8
b74fe000-b74ff000 rw-p 00019000 08:12 1310868    /lib/i386-linux-gnu/libz.so.1.2.8
b74ff000-b76ae000 r-xp 00000000 08:12 1310747    /lib/i386-linux-gnu/libc-2.23.so
b76ae000-b76af000 ---p 001af000 08:12 1310747    /lib/i386-linux-gnu/libc-2.23.so
b76af000-b76b1000 r--p 001af000 08:12 1310747    /lib/i386-linux-gnu/libc-2.23.so
b76b1000-b76b2000 rw-p 001b1000 08:12 1310747    /lib/i386-linux-gnu/libc-2.23.so
b76b2000-b76b5000 rw-p 00000000 00:00 0 
b76b6000-b76b8000 r-xp 00000000 08:12 5117781    /usr/lib/i386-linux-gnu/libXau.so.6.0.0
b76b8000-b76b9000 r--p 00001000 08:12 5117781    /usr/lib/i386-linux-gnu/libXau.so.6.0.0
b76b9000-b76ba000 rw-p 00002000 08:12 5117781    /usr/lib/i386-linux-gnu/libXau.so.6.0.0
b76ba000-b76bb000 rw-p 00000000 00:00 0 
b76bb000-b76bc000 r--p 00000000 00:00 0 
b76bc000-b76c7000 r-xp 00000000 08:12 5255723    /usr/lib/jvm/java-9-openjdk-i386/lib/i386/libverify.so
b76c7000-b76c8000 ---p 0000b000 08:12 5255723    /usr/lib/jvm/java-9-openjdk-i386/lib/i386/libverify.so
b76c8000-b76c9000 r--p 0000b000 08:12 5255723    /usr/lib/jvm/java-9-openjdk-i386/lib/i386/libverify.so
b76c9000-b76ca000 rw-p 0000c000 08:12 5255723    /usr/lib/jvm/java-9-openjdk-i386/lib/i386/libverify.so
b76ca000-b76d8000 r-xp 00000000 08:12 5255785    /usr/lib/jvm/java-9-openjdk-i386/lib/i386/jli/libjli.so
b76d8000-b76d9000 r--p 0000d000 08:12 5255785    /usr/lib/jvm/java-9-openjdk-i386/lib/i386/jli/libjli.so
b76d9000-b76da000 rw-p 0000e000 08:12 5255785    /usr/lib/jvm/java-9-openjdk-i386/lib/i386/jli/libjli.so
b76da000-b76dc000 rw-p 00000000 00:00 0 
b76dc000-b76de000 r--p 00000000 00:00 0          [vvar]
b76de000-b76df000 r-xp 00000000 00:00 0          [vdso]
b76df000-b7701000 r-xp 00000000 08:12 1310723    /lib/i386-linux-gnu/ld-2.23.so
b7701000-b7702000 rw-p 00000000 00:00 0 
b7702000-b7703000 r--p 00022000 08:12 1310723    /lib/i386-linux-gnu/ld-2.23.so
b7703000-b7704000 rw-p 00023000 08:12 1310723    /lib/i386-linux-gnu/ld-2.23.so
bf8f4000-bf8f5000 rwxp 00000000 00:00 0 
bf928000-bf949000 rw-p 00000000 00:00 0          [stack]

VM Arguments:
java_command: Quiz1
java_class_path (initial): .
Launcher Type: SUN_STANDARD

Environment Variables:
PATH=/home/kevin/bin:/usr/sbin:/sbin:/home/kevin/bin:/usr/sbin:/sbin:/usr/local/bin:/usr/bin:/bin:/usr/local/games:/usr/games
SHELL=/bin/zsh
DISPLAY=:0.0

Signal Handlers:
SIGSEGV: [libjvm.so+0x9e3700], sa_mask[0]=11111111011111111101111111111110, sa_flags=SA_RESTART|SA_SIGINFO
SIGBUS: [libjvm.so+0x9e3700], sa_mask[0]=11111111011111111101111111111110, sa_flags=SA_RESTART|SA_SIGINFO
SIGFPE: [libjvm.so+0x9e3700], sa_mask[0]=11111111011111111101111111111110, sa_flags=SA_RESTART|SA_SIGINFO
SIGPIPE: [libjvm.so+0x82f8d0], sa_mask[0]=11111111011111111101111111111110, sa_flags=SA_RESTART|SA_SIGINFO
SIGXFSZ: [libjvm.so+0x82f8d0], sa_mask[0]=11111111011111111101111111111110, sa_flags=SA_RESTART|SA_SIGINFO
SIGILL: [libjvm.so+0x9e3700], sa_mask[0]=11111111011111111101111111111110, sa_flags=SA_RESTART|SA_SIGINFO
SIGUSR2: [libjvm.so+0x82f700], sa_mask[0]=00000000000000000000000000000000, sa_flags=SA_RESTART|SA_SIGINFO
SIGHUP: [libjvm.so+0x82fb40], sa_mask[0]=11111111011111111101111111111110, sa_flags=SA_RESTART|SA_SIGINFO
SIGINT: [libjvm.so+0x82fb40], sa_mask[0]=11111111011111111101111111111110, sa_flags=SA_RESTART|SA_SIGINFO
SIGTERM: [libjvm.so+0x82fb40], sa_mask[0]=11111111011111111101111111111110, sa_flags=SA_RESTART|SA_SIGINFO
SIGQUIT: [libjvm.so+0x82fb40], sa_mask[0]=11111111011111111101111111111110, sa_flags=SA_RESTART|SA_SIGINFO


---------------  S Y S T E M  ---------------

OS:DISTRIB_ID=Ubuntu
DISTRIB_RELEASE=16.04
DISTRIB_CODENAME=xenial
DISTRIB_DESCRIPTION="Ubuntu 16.04 LTS"
uname:Linux 4.4.0-36-generic #55-Ubuntu SMP Thu Aug 11 18:00:59 UTC 2016 i686
libc:glibc 2.23 NPTL 2.23 
rlimit: STACK 8192k, CORE 0k, NPROC 128745, NOFILE 65536, AS infinity
load average:0.09 0.27 0.27

/proc/meminfo:
MemTotal:       16510532 kB
MemFree:        11720440 kB
MemAvailable:   12745272 kB
Buffers:          223544 kB
Cached:          2052452 kB
SwapCached:            0 kB
Active:          3445948 kB
Inactive:        1144780 kB
Active(anon):    2315716 kB
Inactive(anon):   112556 kB
Active(file):    1130232 kB
Inactive(file):  1032224 kB
Unevictable:           0 kB
Mlocked:               0 kB
HighTotal:      15780524 kB
HighFree:       11391848 kB
LowTotal:         730008 kB
LowFree:          328592 kB
SwapTotal:       8300540 kB
SwapFree:        8300540 kB
Dirty:               212 kB
Writeback:             0 kB
AnonPages:       2314880 kB
Mapped:           448588 kB
Shmem:            113548 kB
Slab:             128788 kB
SReclaimable:     108624 kB
SUnreclaim:        20164 kB
KernelStack:        3440 kB
PageTables:        11816 kB
NFS_Unstable:          0 kB
Bounce:                0 kB
WritebackTmp:          0 kB
CommitLimit:    16555804 kB
Committed_AS:    6364260 kB
VmallocTotal:     122880 kB
VmallocUsed:           0 kB
VmallocChunk:          0 kB
AnonHugePages:   1452032 kB
CmaTotal:              0 kB
CmaFree:               0 kB
HugePages_Total:       0
HugePages_Free:        0
HugePages_Rsvd:        0
HugePages_Surp:        0
Hugepagesize:       2048 kB
DirectMap4k:       36856 kB
DirectMap2M:      876544 kB


CPU:total 4 (2 cores per cpu, 2 threads per core) family 6 model 78 stepping 3, cmov, cx8, fxsr, mmx, sse, sse2, sse3, ssse3, sse4.1, sse4.2, popcnt, avx, avx2, aes, clmul, erms, 3dnowpref, lzcnt, ht, tsc, tscinvbit, bmi1, bmi2, adx

CPU Model and flags from /proc/cpuinfo:
model name	: Intel(R) Core(TM) i7-6500U CPU @ 2.50GHz
flags		: fpu vme de pse tsc msr pae mce cx8 apic sep mtrr pge mca cmov pat pse36 clflush dts acpi mmx fxsr sse sse2 ss ht tm pbe nx pdpe1gb rdtscp lm constant_tsc art arch_perfmon pebs bts xtopology nonstop_tsc aperfmperf eagerfpu pni pclmulqdq dtes64 monitor ds_cpl vmx est tm2 ssse3 sdbg fma cx16 xtpr pdcm pcid sse4_1 sse4_2 x2apic movbe popcnt tsc_deadline_timer aes xsave avx f16c rdrand lahf_lm abm 3dnowprefetch epb intel_pt tpr_shadow vnmi flexpriority ept vpid fsgsbase tsc_adjust bmi1 avx2 smep bmi2 erms invpcid mpx rdseed adx smap clflushopt xsaveopt xsavec xgetbv1 dtherm ida arat pln pts hwp hwp_notify hwp_act_window hwp_epp

Memory: 4k page, physical 16510532k(11720440k free), swap 8300540k(8300540k free)

vm_info: OpenJDK Server VM (9-internal+0-2016-04-21-232257.buildd.src) for linux-x86 JRE (9-internal+0-2016-04-21-232257.buildd.src), built on Apr 21 2016 23:34:45 by "buildd" with gcc 5.3.1 20160413

END.
