#
# A fatal error has been detected by the Java Runtime Environment:
#
#  SIGSEGV (0xb) at pc=0xb662cf08, pid=10121, tid=10122
#
# JRE version: OpenJDK Runtime Environment (9.0) (build 9-internal+0-2016-04-21-232257.buildd.src)
# Java VM: OpenJDK Server VM (9-internal+0-2016-04-21-232257.buildd.src, mixed mode, tiered, g1 gc, linux-x86)
# Problematic frame:
# C  [libjava.so+0x18f08]  JNU_GetEnv+0x18
#
# No core dump will be written. Core dumps have been disabled. To enable core dumping, try "ulimit -c unlimited" before starting Java again
#
# If you would like to submit a bug report, please visit:
#   http://bugreport.java.com/bugreport/crash.jsp
# The crash happened outside the Java Virtual Machine in native code.
# See problematic frame for where to report the bug.
#

---------------  S U M M A R Y ------------

Command Line: Quiz1

Host: Intel(R) Core(TM) i7-6500U CPU @ 2.50GHz, 4 cores, 15G, Ubuntu 16.04 LTS
Time: Wed Oct  5 10:47:55 2016 PDT elapsed time: 0 seconds (0d 0h 0m 0s)

---------------  T H R E A D  ---------------

Current thread (0xb650b400):  JavaThread "main" [_thread_in_native, id=10122, stack(0xb6645000,0xb6696000)]

Stack: [0xb6645000,0xb6696000],  sp=0xb669410c,  free space=316k
Native frames: (J=compiled Java code, j=interpreted, Vv=VM code, C=native code)
C  [libjava.so+0x18f08]  JNU_GetEnv+0x18
C  [libfontmanager.so+0x2faf5]
C  [libfreetype.so.6+0xf4dc]  FT_Stream_Seek+0x1c

Java frames: (J=compiled Java code, j=interpreted, Vv=VM code)
j  sun.font.FreetypeFontScaler.initNativeScaler(Lsun/font/Font2D;IIZI)J+0 java.desktop@9-internal
j  sun.font.FreetypeFontScaler.<init>(Lsun/font/Font2D;IZI)V+26 java.desktop@9-internal
v  ~StubRoutines::call_stub
j  jdk.internal.reflect.NativeConstructorAccessorImpl.newInstance0(Ljava/lang/reflect/Constructor;[Ljava/lang/Object;)Ljava/lang/Object;+0 java.base@9-internal
j  jdk.internal.reflect.NativeConstructorAccessorImpl.newInstance([Ljava/lang/Object;)Ljava/lang/Object;+85 java.base@9-internal
j  jdk.internal.reflect.DelegatingConstructorAccessorImpl.newInstance([Ljava/lang/Object;)Ljava/lang/Object;+5 java.base@9-internal
j  java.lang.reflect.Constructor.newInstance([Ljava/lang/Object;)Ljava/lang/Object;+65 java.base@9-internal
j  sun.font.FontScaler.getScaler(Lsun/font/Font2D;IZI)Lsun/font/FontScaler;+39 java.desktop@9-internal
j  sun.font.TrueTypeFont.getScaler()Lsun/font/FontScaler;+21 java.desktop@9-internal
j  sun.font.FileFontStrike.<init>(Lsun/font/FileFont;Lsun/font/FontStrikeDesc;)V+204 java.desktop@9-internal
j  sun.font.FileFont.createStrike(Lsun/font/FontStrikeDesc;)Lsun/font/FontStrike;+18 java.desktop@9-internal
j  sun.font.Font2D.getStrike(Lsun/font/FontStrikeDesc;Z)Lsun/font/FontStrike;+92 java.desktop@9-internal
j  sun.font.Font2D.getStrike(Lsun/font/FontStrikeDesc;)Lsun/font/FontStrike;+3 java.desktop@9-internal
j  sun.font.CompositeStrike.getStrikeForSlot(I)Lsun/font/PhysicalStrike;+23 java.desktop@9-internal
j  sun.font.CompositeStrike.getFontMetrics()Lsun/font/StrikeMetrics;+31 java.desktop@9-internal
j  sun.font.FontDesignMetrics.initMatrixAndMetrics()V+28 java.desktop@9-internal
j  sun.font.FontDesignMetrics.<init>(Ljava/awt/Font;Ljava/awt/font/FontRenderContext;)V+62 java.desktop@9-internal
j  sun.font.FontDesignMetrics.getMetrics(Ljava/awt/Font;Ljava/awt/font/FontRenderContext;)Lsun/font/FontDesignMetrics;+128 java.desktop@9-internal
j  sun.swing.SwingUtilities2.getFontMetrics(Ljavax/swing/JComponent;Ljava/awt/Font;)Ljava/awt/FontMetrics;+15 java.desktop@9-internal
j  javax.swing.JComponent.getFontMetrics(Ljava/awt/Font;)Ljava/awt/FontMetrics;+2 java.desktop@9-internal
j  javax.swing.plaf.basic.BasicLabelUI.getPreferredSize(Ljavax/swing/JComponent;)Ljava/awt/Dimension;+144 java.desktop@9-internal
j  javax.swing.JComponent.getPreferredSize()Ljava/awt/Dimension;+26 java.desktop@9-internal
j  java.awt.FlowLayout.layoutContainer(Ljava/awt/Container;)V+127 java.desktop@9-internal
j  java.awt.Container.layout()V+11 java.desktop@9-internal
j  java.awt.Container.doLayout()V+1 java.desktop@9-internal
j  java.awt.Container.validateTree()V+47 java.desktop@9-internal
j  java.awt.Container.validateTree()V+110 java.desktop@9-internal
j  java.awt.Container.validateTree()V+110 java.desktop@9-internal
j  java.awt.Container.validateTree()V+110 java.desktop@9-internal
j  java.awt.Container.validateTree()V+110 java.desktop@9-internal
j  java.awt.Container.validate()V+60 java.desktop@9-internal
j  java.awt.Container.validateUnconditionally()V+14 java.desktop@9-internal
j  java.awt.Window.pack()V+68 java.desktop@9-internal
j  Quiz1.main([Ljava/lang/String;)V+33
v  ~StubRoutines::call_stub

siginfo: si_signo: 11 (SIGSEGV), si_code: 1 (SEGV_MAPERR), si_addr: 0x00000000

Register to memory mapping:

EAX=0x00000000 is an unknown value
EBX=0x628f2000: <offset 0x000c4000> in /usr/lib/jvm/java-9-openjdk-i386/lib/i386/libfontmanager.so at 0x6282e000
ECX=0x00010002 is an unknown value
EDX=0x00000000 is an unknown value
ESP=0xb669410c is pointing into the stack for thread: 0xb650b400
EBP=0xb6694128 is pointing into the stack for thread: 0xb650b400
ESI=0x00000000 is an unknown value
EDI=0x00000000 is an unknown value


Registers:
EAX=0x00000000, EBX=0x628f2000, ECX=0x00010002, EDX=0x00000000
ESP=0xb669410c, EBP=0xb6694128, ESI=0x00000000, EDI=0x00000000
EIP=0xb662cf08, EFLAGS=0x00010246, CR2=0x0000000000000000

Top of Stack: (sp=0xb669410c)
0xb669410c:   00000000 b6694158 b777df10 626c6c9b
0xb669411c:   c97c4200 00000000 62705680 b6694158
0xb669412c:   6285daf5 00000000 00010002 b650003c
0xb669413c:   627a1bbc b778d000 62705930 6265e0b9
0xb669414c:   627a1a18 00000000 00000000 627a2400
0xb669415c:   6265f4dc 627a1a18 00000000 00000000
0xb669416c:   00000000 b773b000 626ff000 627a1a18
0xb669417c:   626732b8 627a1a18 00000000 00000001 

Instructions: (pc=0xb662cf08)
0xb662cee8:   ff eb f3 90 8d 74 26 00 55 89 e5 83 ec 1c 8b 45
0xb662cef8:   08 65 8b 15 14 00 00 00 89 55 f4 31 d2 8b 4d 0c
0xb662cf08:   8b 10 51 8d 4d f0 51 50 ff 52 18 8b 45 f0 8b 4d
0xb662cf18:   f4 65 33 0d 14 00 00 00 75 02 c9 c3 e8 c7 5b 00 


---------------  P R O C E S S  ---------------

Java Threads: ( => current thread )
  0x6278bc00 JavaThread "AWT-EventQueue-0" [_thread_blocked, id=10149, stack(0x6220c000,0x6225d000)]
  0x6278a800 JavaThread "AWT-Shutdown" [_thread_blocked, id=10148, stack(0x6225d000,0x622ae000)]
  0x62727000 JavaThread "AWT-XAWT" daemon [_thread_in_native, id=10147, stack(0x624ae000,0x624ff000)]
  0x6270fc00 JavaThread "Java2D Disposer" daemon [_thread_blocked, id=10146, stack(0x624ff000,0x62550000)]
  0x634b8000 JavaThread "Service Thread" daemon [_thread_blocked, id=10144, stack(0x62d27000,0x62d78000)]
  0x6346b400 JavaThread "Common-Cleaner" daemon [_thread_blocked, id=10143, stack(0x62d78000,0x62dc9000)]
  0x63451400 JavaThread "Sweeper thread" daemon [_thread_blocked, id=10142, stack(0x62f8a000,0x62fdb000)]
  0x63450000 JavaThread "C1 CompilerThread2" daemon [_thread_blocked, id=10141, stack(0x62fdb000,0x6305c000)]
  0x6344e800 JavaThread "C2 CompilerThread1" daemon [_thread_in_native, id=10140, stack(0x6305c000,0x630dd000)]
  0x6344d000 JavaThread "C2 CompilerThread0" daemon [_thread_in_native, id=10139, stack(0x630dd000,0x6315e000)]
  0x6344b800 JavaThread "Signal Dispatcher" daemon [_thread_blocked, id=10138, stack(0x6315e000,0x631af000)]
  0x6344a000 JavaThread "Reference Pending List Locker" daemon [_thread_blocked, id=10137, stack(0x631af000,0x63200000)]
  0x63437400 JavaThread "Finalizer" daemon [_thread_blocked, id=10136, stack(0x63512000,0x63563000)]
  0x63436000 JavaThread "Reference Handler" daemon [_thread_blocked, id=10135, stack(0x63563000,0x635b4000)]
=>0xb650b400 JavaThread "main" [_thread_in_native, id=10122, stack(0xb6645000,0xb6696000)]

Other Threads:
  0x63431000 VMThread [stack: 0xa6220000,0xa62a1000] [id=10134]
  0x634ba000 WatcherThread [stack: 0x62ca6000,0x62d27000] [id=10145]

Threads with active compile tasks:
C2 CompilerThread1 484       4       java.util.Properties::loadConvert (505 bytes)
C2 CompilerThread0 491       4       java.lang.AbstractStringBuilder::ensureCapacityInternal (39 bytes)

VM state:not at safepoint (normal execution)

VM Mutex/Monitor currently owned by a thread: None

Heap:
 garbage-first heap   total 65536K, used 4096K [0x66200000, 0x66300100, 0xa6200000)
  region size 1024K, 5 young (5120K), 0 survivors (0K)
 Metaspace       used 6786K, capacity 7205K, committed 7320K, reserved 7472K
Heap Regions: E=young(eden), S=young(survivor), O=old, HS=humongous(starts), HC=humongous(continues), CS=collection set, F=free, A=archive, TS=gc time stamp, AC=allocation context, TAMS=top-at-mark-start (previous, next)
|   0|0x66200000, 0x66200000, 0x66300000|  0%| F|  |TS  0|AC  0|TAMS 0x66200000, 0x66200000|
|   1|0x66300000, 0x66300000, 0x66400000|  0%| F|  |TS  0|AC  0|TAMS 0x66300000, 0x66300000|
|   2|0x66400000, 0x66400000, 0x66500000|  0%| F|  |TS  0|AC  0|TAMS 0x66400000, 0x66400000|
|   3|0x66500000, 0x66500000, 0x66600000|  0%| F|  |TS  0|AC  0|TAMS 0x66500000, 0x66500000|
|   4|0x66600000, 0x66600000, 0x66700000|  0%| F|  |TS  0|AC  0|TAMS 0x66600000, 0x66600000|
|   5|0x66700000, 0x66700000, 0x66800000|  0%| F|  |TS  0|AC  0|TAMS 0x66700000, 0x66700000|
|   6|0x66800000, 0x66800000, 0x66900000|  0%| F|  |TS  0|AC  0|TAMS 0x66800000, 0x66800000|
|   7|0x66900000, 0x66900000, 0x66a00000|  0%| F|  |TS  0|AC  0|TAMS 0x66900000, 0x66900000|
|   8|0x66a00000, 0x66a00000, 0x66b00000|  0%| F|  |TS  0|AC  0|TAMS 0x66a00000, 0x66a00000|
|   9|0x66b00000, 0x66b00000, 0x66c00000|  0%| F|  |TS  0|AC  0|TAMS 0x66b00000, 0x66b00000|
|  10|0x66c00000, 0x66c00000, 0x66d00000|  0%| F|  |TS  0|AC  0|TAMS 0x66c00000, 0x66c00000|
|  11|0x66d00000, 0x66d00000, 0x66e00000|  0%| F|  |TS  0|AC  0|TAMS 0x66d00000, 0x66d00000|
|  12|0x66e00000, 0x66e00000, 0x66f00000|  0%| F|  |TS  0|AC  0|TAMS 0x66e00000, 0x66e00000|
|  13|0x66f00000, 0x66f00000, 0x67000000|  0%| F|  |TS  0|AC  0|TAMS 0x66f00000, 0x66f00000|
|  14|0x67000000, 0x67000000, 0x67100000|  0%| F|  |TS  0|AC  0|TAMS 0x67000000, 0x67000000|
|  15|0x67100000, 0x67100000, 0x67200000|  0%| F|  |TS  0|AC  0|TAMS 0x67100000, 0x67100000|
|  16|0x67200000, 0x67200000, 0x67300000|  0%| F|  |TS  0|AC  0|TAMS 0x67200000, 0x67200000|
|  17|0x67300000, 0x67300000, 0x67400000|  0%| F|  |TS  0|AC  0|TAMS 0x67300000, 0x67300000|
|  18|0x67400000, 0x67400000, 0x67500000|  0%| F|  |TS  0|AC  0|TAMS 0x67400000, 0x67400000|
|  19|0x67500000, 0x67500000, 0x67600000|  0%| F|  |TS  0|AC  0|TAMS 0x67500000, 0x67500000|
|  20|0x67600000, 0x67600000, 0x67700000|  0%| F|  |TS  0|AC  0|TAMS 0x67600000, 0x67600000|
|  21|0x67700000, 0x67700000, 0x67800000|  0%| F|  |TS  0|AC  0|TAMS 0x67700000, 0x67700000|
|  22|0x67800000, 0x67800000, 0x67900000|  0%| F|  |TS  0|AC  0|TAMS 0x67800000, 0x67800000|
|  23|0x67900000, 0x67900000, 0x67a00000|  0%| F|  |TS  0|AC  0|TAMS 0x67900000, 0x67900000|
|  24|0x67a00000, 0x67a00000, 0x67b00000|  0%| F|  |TS  0|AC  0|TAMS 0x67a00000, 0x67a00000|
|  25|0x67b00000, 0x67b00000, 0x67c00000|  0%| F|  |TS  0|AC  0|TAMS 0x67b00000, 0x67b00000|
|  26|0x67c00000, 0x67c00000, 0x67d00000|  0%| F|  |TS  0|AC  0|TAMS 0x67c00000, 0x67c00000|
|  27|0x67d00000, 0x67d00000, 0x67e00000|  0%| F|  |TS  0|AC  0|TAMS 0x67d00000, 0x67d00000|
|  28|0x67e00000, 0x67e00000, 0x67f00000|  0%| F|  |TS  0|AC  0|TAMS 0x67e00000, 0x67e00000|
|  29|0x67f00000, 0x67f00000, 0x68000000|  0%| F|  |TS  0|AC  0|TAMS 0x67f00000, 0x67f00000|
|  30|0x68000000, 0x68000000, 0x68100000|  0%| F|  |TS  0|AC  0|TAMS 0x68000000, 0x68000000|
|  31|0x68100000, 0x68100000, 0x68200000|  0%| F|  |TS  0|AC  0|TAMS 0x68100000, 0x68100000|
|  32|0x68200000, 0x68200000, 0x68300000|  0%| F|  |TS  0|AC  0|TAMS 0x68200000, 0x68200000|
|  33|0x68300000, 0x68300000, 0x68400000|  0%| F|  |TS  0|AC  0|TAMS 0x68300000, 0x68300000|
|  34|0x68400000, 0x68400000, 0x68500000|  0%| F|  |TS  0|AC  0|TAMS 0x68400000, 0x68400000|
|  35|0x68500000, 0x68500000, 0x68600000|  0%| F|  |TS  0|AC  0|TAMS 0x68500000, 0x68500000|
|  36|0x68600000, 0x68600000, 0x68700000|  0%| F|  |TS  0|AC  0|TAMS 0x68600000, 0x68600000|
|  37|0x68700000, 0x68700000, 0x68800000|  0%| F|  |TS  0|AC  0|TAMS 0x68700000, 0x68700000|
|  38|0x68800000, 0x68800000, 0x68900000|  0%| F|  |TS  0|AC  0|TAMS 0x68800000, 0x68800000|
|  39|0x68900000, 0x68900000, 0x68a00000|  0%| F|  |TS  0|AC  0|TAMS 0x68900000, 0x68900000|
|  40|0x68a00000, 0x68a00000, 0x68b00000|  0%| F|  |TS  0|AC  0|TAMS 0x68a00000, 0x68a00000|
|  41|0x68b00000, 0x68b00000, 0x68c00000|  0%| F|  |TS  0|AC  0|TAMS 0x68b00000, 0x68b00000|
|  42|0x68c00000, 0x68c00000, 0x68d00000|  0%| F|  |TS  0|AC  0|TAMS 0x68c00000, 0x68c00000|
|  43|0x68d00000, 0x68d00000, 0x68e00000|  0%| F|  |TS  0|AC  0|TAMS 0x68d00000, 0x68d00000|
|  44|0x68e00000, 0x68e00000, 0x68f00000|  0%| F|  |TS  0|AC  0|TAMS 0x68e00000, 0x68e00000|
|  45|0x68f00000, 0x68f00000, 0x69000000|  0%| F|  |TS  0|AC  0|TAMS 0x68f00000, 0x68f00000|
|  46|0x69000000, 0x69000000, 0x69100000|  0%| F|  |TS  0|AC  0|TAMS 0x69000000, 0x69000000|
|  47|0x69100000, 0x69100000, 0x69200000|  0%| F|  |TS  0|AC  0|TAMS 0x69100000, 0x69100000|
|  48|0x69200000, 0x69200000, 0x69300000|  0%| F|  |TS  0|AC  0|TAMS 0x69200000, 0x69200000|
|  49|0x69300000, 0x69300000, 0x69400000|  0%| F|  |TS  0|AC  0|TAMS 0x69300000, 0x69300000|
|  50|0x69400000, 0x69400000, 0x69500000|  0%| F|  |TS  0|AC  0|TAMS 0x69400000, 0x69400000|
|  51|0x69500000, 0x69500000, 0x69600000|  0%| F|  |TS  0|AC  0|TAMS 0x69500000, 0x69500000|
|  52|0x69600000, 0x69600000, 0x69700000|  0%| F|  |TS  0|AC  0|TAMS 0x69600000, 0x69600000|
|  53|0x69700000, 0x69700000, 0x69800000|  0%| F|  |TS  0|AC  0|TAMS 0x69700000, 0x69700000|
|  54|0x69800000, 0x69800000, 0x69900000|  0%| F|  |TS  0|AC  0|TAMS 0x69800000, 0x69800000|
|  55|0x69900000, 0x69900000, 0x69a00000|  0%| F|  |TS  0|AC  0|TAMS 0x69900000, 0x69900000|
|  56|0x69a00000, 0x69a00000, 0x69b00000|  0%| F|  |TS  0|AC  0|TAMS 0x69a00000, 0x69a00000|
|  57|0x69b00000, 0x69b00000, 0x69c00000|  0%| F|  |TS  0|AC  0|TAMS 0x69b00000, 0x69b00000|
|  58|0x69c00000, 0x69c00000, 0x69d00000|  0%| F|  |TS  0|AC  0|TAMS 0x69c00000, 0x69c00000|
|  59|0x69d00000, 0x69dfddc0, 0x69e00000| 99%| E|  |TS  0|AC  0|TAMS 0x69d00000, 0x69d00000|
|  60|0x69e00000, 0x69f00000, 0x69f00000|100%| E|CS|TS  0|AC  0|TAMS 0x69e00000, 0x69e00000|
|  61|0x69f00000, 0x6a000000, 0x6a000000|100%| E|CS|TS  0|AC  0|TAMS 0x69f00000, 0x69f00000|
|  62|0x6a000000, 0x6a100000, 0x6a100000|100%| E|CS|TS  0|AC  0|TAMS 0x6a000000, 0x6a000000|
|  63|0x6a100000, 0x6a200000, 0x6a200000|100%| E|CS|TS  0|AC  0|TAMS 0x6a100000, 0x6a100000|

Card table byte_map: [0x65c00000,0x65e00000] byte_map_base: 0x658cf000

Marking Bits (Prev, Next): (CMBitMap*) 0xb657ddd4, (CMBitMap*) 0xb657ddf0
 Prev Bits: [0x64a00000, 0x65a00000)
 Next Bits: [0x63a00000, 0x64a00000)

Polling page: 0xb7745000

CodeHeap 'non-nmethods': size=5412Kb used=754Kb max_used=766Kb free=4657Kb
 bounds [0xa72f6000, 0xa7536000, 0xa783f000]
CodeHeap 'profiled nmethods': size=120172Kb used=647Kb max_used=647Kb free=119525Kb
 bounds [0xa783f000, 0xa7a7f000, 0xaed9a000]
CodeHeap 'non-profiled nmethods': size=120176Kb used=120Kb max_used=120Kb free=120055Kb
 bounds [0xaed9a000, 0xaefda000, 0xb62f6000]
 total_blobs=889 nmethods=498 adapters=184
 compilation: enabled

Compilation events (10 events):
Event: 0.251 Thread 0x63450000  497       3       java.lang.invoke.DirectMethodHandle::make (199 bytes)
Event: 0.252 Thread 0x6344d000 nmethod 483 0xaedb7688 code [0xaedb7780, 0xaedb7a10]
Event: 0.252 Thread 0x6344d000  491       4       java.lang.AbstractStringBuilder::ensureCapacityInternal (39 bytes)
Event: 0.252 Thread 0x63450000 nmethod 497 0xa78ddf88 code [0xa78de260, 0xa78df60c]
Event: 0.252 Thread 0x63450000  498       3       java.lang.Character::toLowerCase (9 bytes)
Event: 0.253 Thread 0x63450000 nmethod 498 0xa78e0108 code [0xa78e0240, 0xa78e03b8]
Event: 0.253 Thread 0x63450000  499       3       java.lang.CharacterDataLatin1::toLowerCase (39 bytes)
Event: 0.253 Thread 0x63450000 nmethod 499 0xa78e0488 code [0xa78e05a0, 0xa78e0760]
Event: 0.254 Thread 0x63450000  500       3       java.nio.HeapByteBuffer::_get (7 bytes)
Event: 0.254 Thread 0x63450000 nmethod 500 0xa78e0908 code [0xa78e0a20, 0xa78e0b20]

GC Heap History (0 events):
No events

Deoptimization events (9 events):
Event: 0.051 Thread 0xb650b400 Uncommon trap: reason=unstable_if action=reinterpret pc=0xaed9b600 method=java.lang.String.hashCode()I @ 12
Event: 0.092 Thread 0xb650b400 Uncommon trap: reason=bimorphic action=maybe_recompile pc=0xaeda1c0c method=java.util.Collections$UnmodifiableCollection$1.next()Ljava/lang/Object; @ 4
Event: 0.092 Thread 0xb650b400 Uncommon trap: reason=bimorphic action=maybe_recompile pc=0xaeda1c0c method=java.util.Collections$UnmodifiableCollection$1.next()Ljava/lang/Object; @ 4
Event: 0.092 Thread 0xb650b400 Uncommon trap: reason=bimorphic action=maybe_recompile pc=0xaeda1c0c method=java.util.Collections$UnmodifiableCollection$1.next()Ljava/lang/Object; @ 4
Event: 0.094 Thread 0xb650b400 Uncommon trap: reason=bimorphic action=maybe_recompile pc=0xaeda1c0c method=java.util.Collections$UnmodifiableCollection$1.next()Ljava/lang/Object; @ 4
Event: 0.165 Thread 0xb650b400 Uncommon trap: reason=unstable_if action=reinterpret pc=0xaeda10b8 method=java.util.HashMap.putVal(ILjava/lang/Object;Ljava/lang/Object;ZZ)Ljava/lang/Object; @ 181
Event: 0.203 Thread 0xb650b400 Uncommon trap: reason=unstable_if action=reinterpret pc=0xaeda2bb4 method=java.util.HashMap.hash(Ljava/lang/Object;)I @ 1
Event: 0.208 Thread 0xb650b400 Uncommon trap: reason=unstable_if action=reinterpret pc=0xaeda1fe0 method=java.util.HashMap.hash(Ljava/lang/Object;)I @ 1
Event: 0.220 Thread 0xb650b400 Uncommon trap: reason=unstable_fused_if action=reinterpret pc=0xaedab438 method=jdk.internal.org.objectweb.asm.ByteVector.putUTF8(Ljava/lang/String;)Ljdk/internal/org/objectweb/asm/ByteVector; @ 91

Classes redefined (0 events):
No events

Internal exceptions (7 events):
Event: 0.113 Thread 0xb650b400 Exception <a 'java/lang/ClassNotFoundException'{0x6a0f3980}: sun/awt/resources/awtProvider> (0x6a0f3980) thrown at [/build/openjdk-9-w1JaeN/openjdk-9-9~b115/src/hotspot/src/share/vm/classfile/systemDictionary.cpp, line 226]
Event: 0.123 Thread 0xb650b400 Exception <a 'java/io/FileNotFoundException'{0x69f2be68}> (0x69f2be68) thrown at [/build/openjdk-9-w1JaeN/openjdk-9-9~b115/src/hotspot/src/share/vm/prims/jni.cpp, line 606]
Event: 0.124 Thread 0xb650b400 Exception <a 'java/io/FileNotFoundException'{0x69f33cf0}> (0x69f33cf0) thrown at [/build/openjdk-9-w1JaeN/openjdk-9-9~b115/src/hotspot/src/share/vm/prims/jni.cpp, line 606]
Event: 0.196 Thread 0xb650b400 Exception <a 'java/lang/ClassNotFoundException'{0x69ecdfe0}: com/sun/swing/internal/plaf/metal/resources/metalProvider> (0x69ecdfe0) thrown at [/build/openjdk-9-w1JaeN/openjdk-9-9~b115/src/hotspot/src/share/vm/classfile/systemDictionary.cpp, line 226]
Event: 0.197 Thread 0xb650b400 Exception <a 'java/lang/ClassNotFoundException'{0x69ed1590}: com/sun/swing/internal/plaf/basic/resources/basicProvider> (0x69ed1590) thrown at [/build/openjdk-9-w1JaeN/openjdk-9-9~b115/src/hotspot/src/share/vm/classfile/systemDictionary.cpp, line 226]
Event: 0.203 Thread 0xb650b400 Implicit null exception at 0xaeda2b3d to 0xaeda2baa
Event: 0.208 Thread 0xb650b400 Implicit null exception at 0xaeda1f8b to 0xaeda1fd0

Events (10 events):
Event: 0.255 loading class sun/nio/cs/UTF_16$Decoder
Event: 0.255 loading class sun/nio/cs/UnicodeDecoder
Event: 0.255 loading class sun/nio/cs/UnicodeDecoder done
Event: 0.255 loading class sun/nio/cs/UTF_16$Decoder done
Event: 0.255 loading class sun/font/FileFontStrike
Event: 0.255 loading class sun/font/FileFontStrike done
Event: 0.255 loading class sun/font/FontScaler
Event: 0.255 loading class sun/font/FontScaler done
Event: 0.255 loading class sun/font/FreetypeFontScaler
Event: 0.255 loading class sun/font/FreetypeFontScaler done


Dynamic libraries:
08048000-08049000 r-xp 00000000 08:12 5123523    /usr/lib/jvm/java-9-openjdk-i386/bin/java
08049000-0804a000 r--p 00000000 08:12 5123523    /usr/lib/jvm/java-9-openjdk-i386/bin/java
0804a000-0804b000 rw-p 00001000 08:12 5123523    /usr/lib/jvm/java-9-openjdk-i386/bin/java
09544000-09565000 rw-p 00000000 00:00 0          [heap]
62100000-62143000 rw-p 00000000 00:00 0 
62143000-62200000 ---p 00000000 00:00 0 
6220c000-62210000 ---p 00000000 00:00 0 
62210000-6225d000 rw-p 00000000 00:00 0 
6225d000-62261000 ---p 00000000 00:00 0 
62261000-6238e000 rw-p 00000000 00:00 0 
6238e000-623ae000 ---p 00000000 00:00 0 
623ae000-624ae000 rw-p 00000000 00:00 0 
624ae000-624b2000 ---p 00000000 00:00 0 
624b2000-624ff000 rw-p 00000000 00:00 0 
624ff000-62503000 ---p 00000000 00:00 0 
62503000-62650000 rw-p 00000000 00:00 0 
62650000-626fb000 r-xp 00000000 08:12 5116962    /usr/lib/i386-linux-gnu/libfreetype.so.6.12.1
626fb000-626ff000 r--p 000aa000 08:12 5116962    /usr/lib/i386-linux-gnu/libfreetype.so.6.12.1
626ff000-62700000 rw-p 000ae000 08:12 5116962    /usr/lib/i386-linux-gnu/libfreetype.so.6.12.1
62700000-627a6000 rw-p 00000000 00:00 0 
627a6000-62800000 ---p 00000000 00:00 0 
6282e000-628f0000 r-xp 00000000 08:12 5255733    /usr/lib/jvm/java-9-openjdk-i386/lib/i386/libfontmanager.so
628f0000-628f2000 r--p 000c1000 08:12 5255733    /usr/lib/jvm/java-9-openjdk-i386/lib/i386/libfontmanager.so
628f2000-628f3000 rw-p 000c3000 08:12 5255733    /usr/lib/jvm/java-9-openjdk-i386/lib/i386/libfontmanager.so
628f3000-62a39000 r-xp 00000000 08:12 5117841    /usr/lib/i386-linux-gnu/libX11.so.6.3.0
62a39000-62a3a000 ---p 00146000 08:12 5117841    /usr/lib/i386-linux-gnu/libX11.so.6.3.0
62a3a000-62a3b000 r--p 00146000 08:12 5117841    /usr/lib/i386-linux-gnu/libX11.so.6.3.0
62a3b000-62a3d000 rw-p 00147000 08:12 5117841    /usr/lib/i386-linux-gnu/libX11.so.6.3.0
62a3d000-62a3e000 rw-p 00000000 00:00 0 
62a3e000-62ad4000 r-xp 00000000 08:12 5255731    /usr/lib/jvm/java-9-openjdk-i386/lib/i386/libawt.so
62ad4000-62ad5000 r--p 00095000 08:12 5255731    /usr/lib/jvm/java-9-openjdk-i386/lib/i386/libawt.so
62ad5000-62adc000 rw-p 00096000 08:12 5255731    /usr/lib/jvm/java-9-openjdk-i386/lib/i386/libawt.so
62adc000-62b00000 rw-p 00000000 00:00 0 
62b00000-62b86000 rw-p 00000000 00:00 0 
62b86000-62c00000 ---p 00000000 00:00 0 
62c4e000-62ca2000 r-xp 00000000 08:12 5255789    /usr/lib/jvm/java-9-openjdk-i386/lib/i386/libawt_xawt.so
62ca2000-62ca3000 r--p 00053000 08:12 5255789    /usr/lib/jvm/java-9-openjdk-i386/lib/i386/libawt_xawt.so
62ca3000-62ca5000 rw-p 00054000 08:12 5255789    /usr/lib/jvm/java-9-openjdk-i386/lib/i386/libawt_xawt.so
62ca5000-62ca6000 rw-p 00000000 00:00 0 
62ca6000-62ca7000 ---p 00000000 00:00 0 
62ca7000-62d27000 rw-p 00000000 00:00 0 
62d27000-62d2b000 ---p 00000000 00:00 0 
62d2b000-62d78000 rw-p 00000000 00:00 0 
62d78000-62d7c000 ---p 00000000 00:00 0 
62d7c000-62f8a000 rw-p 00000000 00:00 0 
62f8a000-62f8e000 ---p 00000000 00:00 0 
62f8e000-62fdb000 rw-p 00000000 00:00 0 
62fdb000-62fdf000 ---p 00000000 00:00 0 
62fdf000-6305c000 rw-p 00000000 00:00 0 
6305c000-63060000 ---p 00000000 00:00 0 
63060000-630dd000 rw-p 00000000 00:00 0 
630dd000-630e1000 ---p 00000000 00:00 0 
630e1000-6315e000 rw-p 00000000 00:00 0 
6315e000-63162000 ---p 00000000 00:00 0 
63162000-631af000 rw-p 00000000 00:00 0 
631af000-631b3000 ---p 00000000 00:00 0 
631b3000-63200000 rw-p 00000000 00:00 0 
63200000-63400000 r--p 00000000 08:12 5116755    /usr/lib/locale/locale-archive
63400000-63500000 rw-p 00000000 00:00 0 
63512000-63516000 ---p 00000000 00:00 0 
63516000-63563000 rw-p 00000000 00:00 0 
63563000-63567000 ---p 00000000 00:00 0 
63567000-639fa000 rw-p 00000000 00:00 0 
639fa000-63a00000 ---p 00000000 00:00 0 
63a00000-63b00000 rw-p 00000000 00:00 0 
63b00000-64a00000 ---p 00000000 00:00 0 
64a00000-64b00000 rw-p 00000000 00:00 0 
64b00000-65a00000 ---p 00000000 00:00 0 
65a00000-65a20000 rw-p 00000000 00:00 0 
65a20000-65c00000 ---p 00000000 00:00 0 
65c00000-65c20000 rw-p 00000000 00:00 0 
65c20000-66000000 ---p 00000000 00:00 0 
66000000-66020000 rw-p 00000000 00:00 0 
66020000-66200000 ---p 00000000 00:00 0 
66200000-6a200000 rw-p 00000000 00:00 0 
6a200000-a6200000 ---p 00000000 00:00 0 
a6220000-a6221000 ---p 00000000 00:00 0 
a6221000-a62fc000 rw-p 00000000 00:00 0 
a62fc000-a62fd000 ---p 00000000 00:00 0 
a62fd000-a637d000 rw-p 00000000 00:00 0 
a637d000-a637e000 ---p 00000000 00:00 0 
a637e000-a63fe000 rw-p 00000000 00:00 0 
a63fe000-a63ff000 ---p 00000000 00:00 0 
a63ff000-a647f000 rw-p 00000000 00:00 0 
a647f000-a6480000 ---p 00000000 00:00 0 
a6480000-a6500000 rw-p 00000000 00:00 0 
a6500000-a6521000 rw-p 00000000 00:00 0 
a6521000-a6600000 ---p 00000000 00:00 0 
a663e000-a667f000 rw-p 00000000 00:00 0 
a667f000-a6680000 ---p 00000000 00:00 0 
a6680000-a6700000 rw-p 00000000 00:00 0 
a6700000-a67fa000 rw-p 00000000 00:00 0 
a67fa000-a6800000 ---p 00000000 00:00 0 
a6801000-a6806000 r-xp 00000000 08:12 5118330    /usr/lib/i386-linux-gnu/libXfixes.so.3.1.0
a6806000-a6807000 r--p 00004000 08:12 5118330    /usr/lib/i386-linux-gnu/libXfixes.so.3.1.0
a6807000-a6808000 rw-p 00005000 08:12 5118330    /usr/lib/i386-linux-gnu/libXfixes.so.3.1.0
a6808000-a6811000 r-xp 00000000 08:12 5118332    /usr/lib/i386-linux-gnu/libXcursor.so.1.0.2
a6811000-a6812000 r--p 00008000 08:12 5118332    /usr/lib/i386-linux-gnu/libXcursor.so.1.0.2
a6812000-a6813000 rw-p 00009000 08:12 5118332    /usr/lib/i386-linux-gnu/libXcursor.so.1.0.2
a6813000-a683c000 r-xp 00000000 08:12 1310827    /lib/i386-linux-gnu/libpng12.so.0.54.0
a683c000-a683d000 r--p 00028000 08:12 1310827    /lib/i386-linux-gnu/libpng12.so.0.54.0
a683d000-a683e000 rw-p 00029000 08:12 1310827    /lib/i386-linux-gnu/libpng12.so.0.54.0
a683e000-a687f000 rw-p 00000000 00:00 0 
a687f000-a6880000 ---p 00000000 00:00 0 
a6880000-a6900000 rw-p 00000000 00:00 0 
a6900000-a69e8000 rw-p 00000000 00:00 0 
a69e8000-a6a00000 ---p 00000000 00:00 0 
a6a05000-a6a29000 r-xp 00000000 08:12 5117791    /usr/lib/i386-linux-gnu/libxcb.so.1.1.0
a6a29000-a6a2a000 r--p 00023000 08:12 5117791    /usr/lib/i386-linux-gnu/libxcb.so.1.1.0
a6a2a000-a6a2b000 rw-p 00024000 08:12 5117791    /usr/lib/i386-linux-gnu/libxcb.so.1.1.0
a6a2b000-a6a3c000 r-xp 00000000 08:12 5118336    /usr/lib/i386-linux-gnu/libXi.so.6.1.0
a6a3c000-a6a3d000 r--p 00010000 08:12 5118336    /usr/lib/i386-linux-gnu/libXi.so.6.1.0
a6a3d000-a6a3e000 rw-p 00011000 08:12 5118336    /usr/lib/i386-linux-gnu/libXi.so.6.1.0
a6a3e000-a6a7f000 rw-p 00000000 00:00 0 
a6a7f000-a6a80000 ---p 00000000 00:00 0 
a6a80000-a6b00000 rw-p 00000000 00:00 0 
a6b00000-a6be0000 rw-p 00000000 00:00 0 
a6be0000-a6c00000 ---p 00000000 00:00 0 
a6c01000-a6c06000 r-xp 00000000 08:12 5117786    /usr/lib/i386-linux-gnu/libXdmcp.so.6.0.0
a6c06000-a6c07000 r--p 00004000 08:12 5117786    /usr/lib/i386-linux-gnu/libXdmcp.so.6.0.0
a6c07000-a6c08000 rw-p 00005000 08:12 5117786    /usr/lib/i386-linux-gnu/libXdmcp.so.6.0.0
a6c08000-a6c12000 r-xp 00000000 08:12 5118187    /usr/lib/i386-linux-gnu/libXrender.so.1.3.0
a6c12000-a6c13000 r--p 00009000 08:12 5118187    /usr/lib/i386-linux-gnu/libXrender.so.1.3.0
a6c13000-a6c14000 rw-p 0000a000 08:12 5118187    /usr/lib/i386-linux-gnu/libXrender.so.1.3.0
a6c14000-a6c27000 r-xp 00000000 08:12 5117843    /usr/lib/i386-linux-gnu/libXext.so.6.4.0
a6c27000-a6c28000 r--p 00012000 08:12 5117843    /usr/lib/i386-linux-gnu/libXext.so.6.4.0
a6c28000-a6c29000 rw-p 00013000 08:12 5117843    /usr/lib/i386-linux-gnu/libXext.so.6.4.0
a6c3e000-a6c7f000 rw-p 00000000 00:00 0 
a6c7f000-a6c80000 ---p 00000000 00:00 0 
a6c80000-a6d00000 rw-p 00000000 00:00 0 
a6d00000-a6d21000 rw-p 00000000 00:00 0 
a6d21000-a6e00000 ---p 00000000 00:00 0 
a6e00000-a6e05000 r-xp 00000000 08:12 5118637    /usr/lib/i386-linux-gnu/libXtst.so.6.1.0
a6e05000-a6e06000 r--p 00004000 08:12 5118637    /usr/lib/i386-linux-gnu/libXtst.so.6.1.0
a6e06000-a6e07000 rw-p 00005000 08:12 5118637    /usr/lib/i386-linux-gnu/libXtst.so.6.1.0
a6e07000-a6e1c000 r-xp 00000000 08:12 5255735    /usr/lib/jvm/java-9-openjdk-i386/lib/i386/libnet.so
a6e1c000-a6e1d000 r--p 00014000 08:12 5255735    /usr/lib/jvm/java-9-openjdk-i386/lib/i386/libnet.so
a6e1d000-a6e1e000 rw-p 00015000 08:12 5255735    /usr/lib/jvm/java-9-openjdk-i386/lib/i386/libnet.so
a6e1e000-a6e7f000 rw-p 00000000 00:00 0 
a6e7f000-a6e80000 ---p 00000000 00:00 0 
a6e80000-a6f00000 rw-p 00000000 00:00 0 
a6f00000-a6f21000 rw-p 00000000 00:00 0 
a6f21000-a7000000 ---p 00000000 00:00 0 
a7000000-a7011000 r-xp 00000000 08:12 5255791    /usr/lib/jvm/java-9-openjdk-i386/lib/i386/libnio.so
a7011000-a7012000 r--p 00010000 08:12 5255791    /usr/lib/jvm/java-9-openjdk-i386/lib/i386/libnio.so
a7012000-a7013000 rw-p 00011000 08:12 5255791    /usr/lib/jvm/java-9-openjdk-i386/lib/i386/libnio.so
a7013000-a7014000 ---p 00000000 00:00 0 
a7014000-a7094000 rw-p 00000000 00:00 0 
a7094000-a7095000 ---p 00000000 00:00 0 
a7095000-a711a000 rw-p 00000000 00:00 0 
a711a000-a7200000 ---p 00000000 00:00 0 
a7200000-a7205000 rw-p 00000000 00:00 0 
a7205000-a72eb000 ---p 00000000 00:00 0 
a72eb000-a72f0000 rw-p 00000000 00:00 0 
a72f0000-a72f6000 ---p 00000000 00:00 0 
a72f6000-a7536000 rwxp 00000000 00:00 0 
a7536000-a783f000 ---p 00000000 00:00 0 
a783f000-a7a7f000 rwxp 00000000 00:00 0 
a7a7f000-aed9a000 ---p 00000000 00:00 0 
aed9a000-aefda000 rwxp 00000000 00:00 0 
aefda000-b62f6000 ---p 00000000 00:00 0 
b62f6000-b64b0000 r--s 00000000 08:12 5255711    /usr/lib/jvm/java-9-openjdk-i386/lib/modules
b64b0000-b64bb000 r-xp 00000000 08:12 1310809    /lib/i386-linux-gnu/libnss_files-2.23.so
b64bb000-b64bc000 r--p 0000a000 08:12 1310809    /lib/i386-linux-gnu/libnss_files-2.23.so
b64bc000-b64bd000 rw-p 0000b000 08:12 1310809    /lib/i386-linux-gnu/libnss_files-2.23.so
b64bd000-b64c3000 rw-p 00000000 00:00 0 
b64c3000-b64ce000 r-xp 00000000 08:12 1310813    /lib/i386-linux-gnu/libnss_nis-2.23.so
b64ce000-b64cf000 r--p 0000a000 08:12 1310813    /lib/i386-linux-gnu/libnss_nis-2.23.so
b64cf000-b64d0000 rw-p 0000b000 08:12 1310813    /lib/i386-linux-gnu/libnss_nis-2.23.so
b64d0000-b64e7000 r-xp 00000000 08:12 1310803    /lib/i386-linux-gnu/libnsl-2.23.so
b64e7000-b64e8000 r--p 00016000 08:12 1310803    /lib/i386-linux-gnu/libnsl-2.23.so
b64e8000-b64e9000 rw-p 00017000 08:12 1310803    /lib/i386-linux-gnu/libnsl-2.23.so
b64e9000-b64eb000 rw-p 00000000 00:00 0 
b64f0000-b64f5000 r-xp 00000000 08:12 5255761    /usr/lib/jvm/java-9-openjdk-i386/lib/i386/libjimage.so
b64f5000-b64f6000 r--p 00004000 08:12 5255761    /usr/lib/jvm/java-9-openjdk-i386/lib/i386/libjimage.so
b64f6000-b64f7000 rw-p 00005000 08:12 5255761    /usr/lib/jvm/java-9-openjdk-i386/lib/i386/libjimage.so
b64f7000-b64fe000 r-xp 00000000 08:12 5255753    /usr/lib/jvm/java-9-openjdk-i386/lib/i386/libzip.so
b64fe000-b64ff000 r--p 00006000 08:12 5255753    /usr/lib/jvm/java-9-openjdk-i386/lib/i386/libzip.so
b64ff000-b6500000 rw-p 00007000 08:12 5255753    /usr/lib/jvm/java-9-openjdk-i386/lib/i386/libzip.so
b6500000-b65fe000 rw-p 00000000 00:00 0 
b65fe000-b6600000 ---p 00000000 00:00 0 
b6602000-b660a000 rw-s 00000000 08:12 4980895    /tmp/hsperfdata_kevin/10121
b660a000-b6612000 r-xp 00000000 08:12 1310805    /lib/i386-linux-gnu/libnss_compat-2.23.so
b6612000-b6613000 r--p 00007000 08:12 1310805    /lib/i386-linux-gnu/libnss_compat-2.23.so
b6613000-b6614000 rw-p 00008000 08:12 1310805    /lib/i386-linux-gnu/libnss_compat-2.23.so
b6614000-b663a000 r-xp 00000000 08:12 5255721    /usr/lib/jvm/java-9-openjdk-i386/lib/i386/libjava.so
b663a000-b663b000 r--p 00025000 08:12 5255721    /usr/lib/jvm/java-9-openjdk-i386/lib/i386/libjava.so
b663b000-b663c000 rw-p 00026000 08:12 5255721    /usr/lib/jvm/java-9-openjdk-i386/lib/i386/libjava.so
b663c000-b6643000 r-xp 00000000 08:12 1310838    /lib/i386-linux-gnu/librt-2.23.so
b6643000-b6644000 r--p 00006000 08:12 1310838    /lib/i386-linux-gnu/librt-2.23.so
b6644000-b6645000 rw-p 00007000 08:12 1310838    /lib/i386-linux-gnu/librt-2.23.so
b6645000-b6649000 ---p 00000000 00:00 0 
b6649000-b6696000 rw-p 00000000 00:00 0 
b6696000-b66b2000 r-xp 00000000 08:12 1310773    /lib/i386-linux-gnu/libgcc_s.so.1
b66b2000-b66b3000 rw-p 0001b000 08:12 1310773    /lib/i386-linux-gnu/libgcc_s.so.1
b66b3000-b6706000 r-xp 00000000 08:12 1310788    /lib/i386-linux-gnu/libm-2.23.so
b6706000-b6707000 r--p 00052000 08:12 1310788    /lib/i386-linux-gnu/libm-2.23.so
b6707000-b6708000 rw-p 00053000 08:12 1310788    /lib/i386-linux-gnu/libm-2.23.so
b6708000-b6875000 r-xp 00000000 08:12 5118249    /usr/lib/i386-linux-gnu/libstdc++.so.6.0.21
b6875000-b6876000 ---p 0016d000 08:12 5118249    /usr/lib/i386-linux-gnu/libstdc++.so.6.0.21
b6876000-b687b000 r--p 0016d000 08:12 5118249    /usr/lib/i386-linux-gnu/libstdc++.so.6.0.21
b687b000-b687c000 rw-p 00172000 08:12 5118249    /usr/lib/i386-linux-gnu/libstdc++.so.6.0.21
b687c000-b687f000 rw-p 00000000 00:00 0 
b687f000-b74af000 r-xp 00000000 08:12 5255747    /usr/lib/jvm/java-9-openjdk-i386/lib/i386/server/libjvm.so
b74af000-b74b0000 ---p 00c30000 08:12 5255747    /usr/lib/jvm/java-9-openjdk-i386/lib/i386/server/libjvm.so
b74b0000-b7505000 r--p 00c30000 08:12 5255747    /usr/lib/jvm/java-9-openjdk-i386/lib/i386/server/libjvm.so
b7505000-b7523000 rw-p 00c85000 08:12 5255747    /usr/lib/jvm/java-9-openjdk-i386/lib/i386/server/libjvm.so
b7523000-b754c000 rw-p 00000000 00:00 0 
b754c000-b7565000 r-xp 00000000 08:12 1310832    /lib/i386-linux-gnu/libpthread-2.23.so
b7565000-b7566000 r--p 00018000 08:12 1310832    /lib/i386-linux-gnu/libpthread-2.23.so
b7566000-b7567000 rw-p 00019000 08:12 1310832    /lib/i386-linux-gnu/libpthread-2.23.so
b7567000-b7569000 rw-p 00000000 00:00 0 
b7569000-b756c000 r-xp 00000000 08:12 1310761    /lib/i386-linux-gnu/libdl-2.23.so
b756c000-b756d000 r--p 00002000 08:12 1310761    /lib/i386-linux-gnu/libdl-2.23.so
b756d000-b756e000 rw-p 00003000 08:12 1310761    /lib/i386-linux-gnu/libdl-2.23.so
b756e000-b7587000 r-xp 00000000 08:12 1310868    /lib/i386-linux-gnu/libz.so.1.2.8
b7587000-b7588000 r--p 00018000 08:12 1310868    /lib/i386-linux-gnu/libz.so.1.2.8
b7588000-b7589000 rw-p 00019000 08:12 1310868    /lib/i386-linux-gnu/libz.so.1.2.8
b7589000-b7738000 r-xp 00000000 08:12 1310747    /lib/i386-linux-gnu/libc-2.23.so
b7738000-b7739000 ---p 001af000 08:12 1310747    /lib/i386-linux-gnu/libc-2.23.so
b7739000-b773b000 r--p 001af000 08:12 1310747    /lib/i386-linux-gnu/libc-2.23.so
b773b000-b773c000 rw-p 001b1000 08:12 1310747    /lib/i386-linux-gnu/libc-2.23.so
b773c000-b773f000 rw-p 00000000 00:00 0 
b7740000-b7742000 r-xp 00000000 08:12 5117781    /usr/lib/i386-linux-gnu/libXau.so.6.0.0
b7742000-b7743000 r--p 00001000 08:12 5117781    /usr/lib/i386-linux-gnu/libXau.so.6.0.0
b7743000-b7744000 rw-p 00002000 08:12 5117781    /usr/lib/i386-linux-gnu/libXau.so.6.0.0
b7744000-b7745000 rw-p 00000000 00:00 0 
b7745000-b7746000 r--p 00000000 00:00 0 
b7746000-b7751000 r-xp 00000000 08:12 5255723    /usr/lib/jvm/java-9-openjdk-i386/lib/i386/libverify.so
b7751000-b7752000 ---p 0000b000 08:12 5255723    /usr/lib/jvm/java-9-openjdk-i386/lib/i386/libverify.so
b7752000-b7753000 r--p 0000b000 08:12 5255723    /usr/lib/jvm/java-9-openjdk-i386/lib/i386/libverify.so
b7753000-b7754000 rw-p 0000c000 08:12 5255723    /usr/lib/jvm/java-9-openjdk-i386/lib/i386/libverify.so
b7754000-b7762000 r-xp 00000000 08:12 5255785    /usr/lib/jvm/java-9-openjdk-i386/lib/i386/jli/libjli.so
b7762000-b7763000 r--p 0000d000 08:12 5255785    /usr/lib/jvm/java-9-openjdk-i386/lib/i386/jli/libjli.so
b7763000-b7764000 rw-p 0000e000 08:12 5255785    /usr/lib/jvm/java-9-openjdk-i386/lib/i386/jli/libjli.so
b7764000-b7766000 rw-p 00000000 00:00 0 
b7766000-b7768000 r--p 00000000 00:00 0          [vvar]
b7768000-b7769000 r-xp 00000000 00:00 0          [vdso]
b7769000-b778b000 r-xp 00000000 08:12 1310723    /lib/i386-linux-gnu/ld-2.23.so
b778b000-b778c000 rw-p 00000000 00:00 0 
b778c000-b778d000 r--p 00022000 08:12 1310723    /lib/i386-linux-gnu/ld-2.23.so
b778d000-b778e000 rw-p 00023000 08:12 1310723    /lib/i386-linux-gnu/ld-2.23.so
bfa76000-bfa77000 rwxp 00000000 00:00 0 
bfaaa000-bfacb000 rw-p 00000000 00:00 0          [stack]

VM Arguments:
java_command: Quiz1
java_class_path (initial): .
Launcher Type: SUN_STANDARD

Environment Variables:
PATH=/home/kevin/bin:/usr/sbin:/sbin:/home/kevin/bin:/usr/sbin:/sbin:/usr/local/bin:/usr/bin:/bin:/usr/local/games:/usr/games
SHELL=/bin/zsh
DISPLAY=:0.0

Signal Handlers:
SIGSEGV: [libjvm.so+0x9e3700], sa_mask[0]=11111111011111111101111111111110, sa_flags=SA_RESTART|SA_SIGINFO
SIGBUS: [libjvm.so+0x9e3700], sa_mask[0]=11111111011111111101111111111110, sa_flags=SA_RESTART|SA_SIGINFO
SIGFPE: [libjvm.so+0x9e3700], sa_mask[0]=11111111011111111101111111111110, sa_flags=SA_RESTART|SA_SIGINFO
SIGPIPE: [libjvm.so+0x82f8d0], sa_mask[0]=11111111011111111101111111111110, sa_flags=SA_RESTART|SA_SIGINFO
SIGXFSZ: [libjvm.so+0x82f8d0], sa_mask[0]=11111111011111111101111111111110, sa_flags=SA_RESTART|SA_SIGINFO
SIGILL: [libjvm.so+0x9e3700], sa_mask[0]=11111111011111111101111111111110, sa_flags=SA_RESTART|SA_SIGINFO
SIGUSR2: [libjvm.so+0x82f700], sa_mask[0]=00000000000000000000000000000000, sa_flags=SA_RESTART|SA_SIGINFO
SIGHUP: [libjvm.so+0x82fb40], sa_mask[0]=11111111011111111101111111111110, sa_flags=SA_RESTART|SA_SIGINFO
SIGINT: [libjvm.so+0x82fb40], sa_mask[0]=11111111011111111101111111111110, sa_flags=SA_RESTART|SA_SIGINFO
SIGTERM: [libjvm.so+0x82fb40], sa_mask[0]=11111111011111111101111111111110, sa_flags=SA_RESTART|SA_SIGINFO
SIGQUIT: [libjvm.so+0x82fb40], sa_mask[0]=11111111011111111101111111111110, sa_flags=SA_RESTART|SA_SIGINFO


---------------  S Y S T E M  ---------------

OS:DISTRIB_ID=Ubuntu
DISTRIB_RELEASE=16.04
DISTRIB_CODENAME=xenial
DISTRIB_DESCRIPTION="Ubuntu 16.04 LTS"
uname:Linux 4.4.0-36-generic #55-Ubuntu SMP Thu Aug 11 18:00:59 UTC 2016 i686
libc:glibc 2.23 NPTL 2.23 
rlimit: STACK 8192k, CORE 0k, NPROC 128745, NOFILE 65536, AS infinity
load average:0.62 0.45 0.31

/proc/meminfo:
MemTotal:       16510532 kB
MemFree:        11691248 kB
MemAvailable:   12714760 kB
Buffers:          223148 kB
Cached:          2060112 kB
SwapCached:            0 kB
Active:          3466800 kB
Inactive:        1153472 kB
Active(anon):    2338008 kB
Inactive(anon):   121120 kB
Active(file):    1128792 kB
Inactive(file):  1032352 kB
Unevictable:           0 kB
Mlocked:               0 kB
HighTotal:      15780524 kB
HighFree:       11362220 kB
LowTotal:         730008 kB
LowFree:          329028 kB
SwapTotal:       8300540 kB
SwapFree:        8300540 kB
Dirty:               464 kB
Writeback:             0 kB
AnonPages:       2337008 kB
Mapped:           455420 kB
Shmem:            122124 kB
Slab:             128748 kB
SReclaimable:     108608 kB
SUnreclaim:        20140 kB
KernelStack:        3424 kB
PageTables:        11708 kB
NFS_Unstable:          0 kB
Bounce:                0 kB
WritebackTmp:          0 kB
CommitLimit:    16555804 kB
Committed_AS:    6198768 kB
VmallocTotal:     122880 kB
VmallocUsed:           0 kB
VmallocChunk:          0 kB
AnonHugePages:   1439744 kB
CmaTotal:              0 kB
CmaFree:               0 kB
HugePages_Total:       0
HugePages_Free:        0
HugePages_Rsvd:        0
HugePages_Surp:        0
Hugepagesize:       2048 kB
DirectMap4k:       36856 kB
DirectMap2M:      876544 kB


CPU:total 4 (2 cores per cpu, 2 threads per core) family 6 model 78 stepping 3, cmov, cx8, fxsr, mmx, sse, sse2, sse3, ssse3, sse4.1, sse4.2, popcnt, avx, avx2, aes, clmul, erms, 3dnowpref, lzcnt, ht, tsc, tscinvbit, bmi1, bmi2, adx

CPU Model and flags from /proc/cpuinfo:
model name	: Intel(R) Core(TM) i7-6500U CPU @ 2.50GHz
flags		: fpu vme de pse tsc msr pae mce cx8 apic sep mtrr pge mca cmov pat pse36 clflush dts acpi mmx fxsr sse sse2 ss ht tm pbe nx pdpe1gb rdtscp lm constant_tsc art arch_perfmon pebs bts xtopology nonstop_tsc aperfmperf eagerfpu pni pclmulqdq dtes64 monitor ds_cpl vmx est tm2 ssse3 sdbg fma cx16 xtpr pdcm pcid sse4_1 sse4_2 x2apic movbe popcnt tsc_deadline_timer aes xsave avx f16c rdrand lahf_lm abm 3dnowprefetch epb intel_pt tpr_shadow vnmi flexpriority ept vpid fsgsbase tsc_adjust bmi1 avx2 smep bmi2 erms invpcid mpx rdseed adx smap clflushopt xsaveopt xsavec xgetbv1 dtherm ida arat pln pts hwp hwp_notify hwp_act_window hwp_epp

Memory: 4k page, physical 16510532k(11691248k free), swap 8300540k(8300540k free)

vm_info: OpenJDK Server VM (9-internal+0-2016-04-21-232257.buildd.src) for linux-x86 JRE (9-internal+0-2016-04-21-232257.buildd.src), built on Apr 21 2016 23:34:45 by "buildd" with gcc 5.3.1 20160413

END.
