#
# A fatal error has been detected by the Java Runtime Environment:
#
#  SIGSEGV (0xb) at pc=0xb6690f08, pid=10699, tid=10700
#
# JRE version: OpenJDK Runtime Environment (9.0) (build 9-internal+0-2016-04-21-232257.buildd.src)
# Java VM: OpenJDK Server VM (9-internal+0-2016-04-21-232257.buildd.src, mixed mode, tiered, g1 gc, linux-x86)
# Problematic frame:
# C  [libjava.so+0x18f08]  JNU_GetEnv+0x18
#
# No core dump will be written. Core dumps have been disabled. To enable core dumping, try "ulimit -c unlimited" before starting Java again
#
# If you would like to submit a bug report, please visit:
#   http://bugreport.java.com/bugreport/crash.jsp
# The crash happened outside the Java Virtual Machine in native code.
# See problematic frame for where to report the bug.
#

---------------  S U M M A R Y ------------

Command Line: Quiz1

Host: Intel(R) Core(TM) i7-6500U CPU @ 2.50GHz, 4 cores, 15G, Ubuntu 16.04 LTS
Time: Wed Oct  5 10:52:03 2016 PDT elapsed time: 0 seconds (0d 0h 0m 0s)

---------------  T H R E A D  ---------------

Current thread (0xb650b400):  JavaThread "main" [_thread_in_native, id=10700, stack(0xb66a9000,0xb66fa000)]

Stack: [0xb66a9000,0xb66fa000],  sp=0xb66f810c,  free space=316k
Native frames: (J=compiled Java code, j=interpreted, Vv=VM code, C=native code)
C  [libjava.so+0x18f08]  JNU_GetEnv+0x18
C  [libfontmanager.so+0x2faf5]
C  [libfreetype.so.6+0xf4dc]  FT_Stream_Seek+0x1c

Java frames: (J=compiled Java code, j=interpreted, Vv=VM code)
j  sun.font.FreetypeFontScaler.initNativeScaler(Lsun/font/Font2D;IIZI)J+0 java.desktop@9-internal
j  sun.font.FreetypeFontScaler.<init>(Lsun/font/Font2D;IZI)V+26 java.desktop@9-internal
v  ~StubRoutines::call_stub
j  jdk.internal.reflect.NativeConstructorAccessorImpl.newInstance0(Ljava/lang/reflect/Constructor;[Ljava/lang/Object;)Ljava/lang/Object;+0 java.base@9-internal
j  jdk.internal.reflect.NativeConstructorAccessorImpl.newInstance([Ljava/lang/Object;)Ljava/lang/Object;+85 java.base@9-internal
j  jdk.internal.reflect.DelegatingConstructorAccessorImpl.newInstance([Ljava/lang/Object;)Ljava/lang/Object;+5 java.base@9-internal
j  java.lang.reflect.Constructor.newInstance([Ljava/lang/Object;)Ljava/lang/Object;+65 java.base@9-internal
j  sun.font.FontScaler.getScaler(Lsun/font/Font2D;IZI)Lsun/font/FontScaler;+39 java.desktop@9-internal
j  sun.font.TrueTypeFont.getScaler()Lsun/font/FontScaler;+21 java.desktop@9-internal
j  sun.font.FileFontStrike.<init>(Lsun/font/FileFont;Lsun/font/FontStrikeDesc;)V+204 java.desktop@9-internal
j  sun.font.FileFont.createStrike(Lsun/font/FontStrikeDesc;)Lsun/font/FontStrike;+18 java.desktop@9-internal
j  sun.font.Font2D.getStrike(Lsun/font/FontStrikeDesc;Z)Lsun/font/FontStrike;+92 java.desktop@9-internal
j  sun.font.Font2D.getStrike(Lsun/font/FontStrikeDesc;)Lsun/font/FontStrike;+3 java.desktop@9-internal
j  sun.font.CompositeStrike.getStrikeForSlot(I)Lsun/font/PhysicalStrike;+23 java.desktop@9-internal
j  sun.font.CompositeStrike.getFontMetrics()Lsun/font/StrikeMetrics;+31 java.desktop@9-internal
j  sun.font.FontDesignMetrics.initMatrixAndMetrics()V+28 java.desktop@9-internal
j  sun.font.FontDesignMetrics.<init>(Ljava/awt/Font;Ljava/awt/font/FontRenderContext;)V+62 java.desktop@9-internal
j  sun.font.FontDesignMetrics.getMetrics(Ljava/awt/Font;Ljava/awt/font/FontRenderContext;)Lsun/font/FontDesignMetrics;+128 java.desktop@9-internal
j  sun.swing.SwingUtilities2.getFontMetrics(Ljavax/swing/JComponent;Ljava/awt/Font;)Ljava/awt/FontMetrics;+15 java.desktop@9-internal
j  javax.swing.JComponent.getFontMetrics(Ljava/awt/Font;)Ljava/awt/FontMetrics;+2 java.desktop@9-internal
j  javax.swing.plaf.basic.BasicLabelUI.getPreferredSize(Ljavax/swing/JComponent;)Ljava/awt/Dimension;+144 java.desktop@9-internal
j  javax.swing.JComponent.getPreferredSize()Ljava/awt/Dimension;+26 java.desktop@9-internal
j  java.awt.FlowLayout.layoutContainer(Ljava/awt/Container;)V+127 java.desktop@9-internal
j  java.awt.Container.layout()V+11 java.desktop@9-internal
j  java.awt.Container.doLayout()V+1 java.desktop@9-internal
j  java.awt.Container.validateTree()V+47 java.desktop@9-internal
j  java.awt.Container.validateTree()V+110 java.desktop@9-internal
j  java.awt.Container.validateTree()V+110 java.desktop@9-internal
j  java.awt.Container.validateTree()V+110 java.desktop@9-internal
j  java.awt.Container.validateTree()V+110 java.desktop@9-internal
j  java.awt.Container.validate()V+60 java.desktop@9-internal
j  java.awt.Container.validateUnconditionally()V+14 java.desktop@9-internal
j  java.awt.Window.pack()V+68 java.desktop@9-internal
j  Quiz1.main([Ljava/lang/String;)V+33
v  ~StubRoutines::call_stub

siginfo: si_signo: 11 (SIGSEGV), si_code: 1 (SEGV_MAPERR), si_addr: 0x00000000

Register to memory mapping:

EAX=0x00000000 is an unknown value
EBX=0x62aef000: <offset 0x000c4000> in /usr/lib/jvm/java-9-openjdk-i386/lib/i386/libfontmanager.so at 0x62a2b000
ECX=0x00010002 is an unknown value
EDX=0x00000000 is an unknown value
ESP=0xb66f810c is pointing into the stack for thread: 0xb650b400
EBP=0xb66f8128 is pointing into the stack for thread: 0xb650b400
ESI=0x00000000 is an unknown value
EDI=0x00000000 is an unknown value


Registers:
EAX=0x00000000, EBX=0x62aef000, ECX=0x00010002, EDX=0x00000000
ESP=0xb66f810c, EBP=0xb66f8128, ESI=0x00000000, EDI=0x00000000
EIP=0xb6690f08, EFLAGS=0x00010246, CR2=0x0000000000000000

Top of Stack: (sp=0xb66f810c)
0xb66f810c:   00000000 b66f8158 b77e1f10 628c6c9b
0xb66f811c:   8ad84100 00000000 62932e70 b66f8158
0xb66f812c:   62a5aaf5 00000000 00010002 b650003c
0xb66f813c:   629ab15c b77f1000 62933120 6285e0b9
0xb66f814c:   629ab0c0 00000000 00000000 629b1628
0xb66f815c:   6285f4dc 629ab0c0 00000000 00000000
0xb66f816c:   00000000 b779f000 628ff000 629ab0c0
0xb66f817c:   628732b8 629ab0c0 00000000 00000001 

Instructions: (pc=0xb6690f08)
0xb6690ee8:   ff eb f3 90 8d 74 26 00 55 89 e5 83 ec 1c 8b 45
0xb6690ef8:   08 65 8b 15 14 00 00 00 89 55 f4 31 d2 8b 4d 0c
0xb6690f08:   8b 10 51 8d 4d f0 51 50 ff 52 18 8b 45 f0 8b 4d
0xb6690f18:   f4 65 33 0d 14 00 00 00 75 02 c9 c3 e8 c7 5b 00 


---------------  P R O C E S S  ---------------

Java Threads: ( => current thread )
  0x6299bc00 JavaThread "AWT-EventQueue-0" [_thread_blocked, id=10727, stack(0x6250c000,0x6255d000)]
  0x62999800 JavaThread "AWT-Shutdown" [_thread_blocked, id=10726, stack(0x6255d000,0x625ae000)]
  0x62955000 JavaThread "AWT-XAWT" daemon [_thread_in_native, id=10725, stack(0x626ae000,0x626ff000)]
  0x6293d400 JavaThread "Java2D Disposer" daemon [_thread_blocked, id=10724, stack(0x626ff000,0x62750000)]
  0x635ce000 JavaThread "Service Thread" daemon [_thread_blocked, id=10722, stack(0x62dd6000,0x62e27000)]
  0x63581400 JavaThread "Common-Cleaner" daemon [_thread_blocked, id=10721, stack(0x62e27000,0x62e78000)]
  0x63557400 JavaThread "Sweeper thread" daemon [_thread_blocked, id=10720, stack(0x63039000,0x6308a000)]
  0x63556000 JavaThread "C1 CompilerThread2" daemon [_thread_blocked, id=10719, stack(0x6308a000,0x6310b000)]
  0x63554800 JavaThread "C2 CompilerThread1" daemon [_thread_in_native, id=10718, stack(0x6310b000,0x6318c000)]
  0x63553000 JavaThread "C2 CompilerThread0" daemon [_thread_blocked, id=10717, stack(0x6318c000,0x6320d000)]
  0x63551c00 JavaThread "Signal Dispatcher" daemon [_thread_blocked, id=10716, stack(0x6320d000,0x6325e000)]
  0x63550000 JavaThread "Reference Pending List Locker" daemon [_thread_blocked, id=10715, stack(0x6325e000,0x632af000)]
  0x6353d800 JavaThread "Finalizer" daemon [_thread_blocked, id=10714, stack(0x634af000,0x63500000)]
  0x63536000 JavaThread "Reference Handler" daemon [_thread_blocked, id=10713, stack(0x63606000,0x63657000)]
=>0xb650b400 JavaThread "main" [_thread_in_native, id=10700, stack(0xb66a9000,0xb66fa000)]

Other Threads:
  0x63531000 VMThread [stack: 0x63657000,0x636d8000] [id=10712]
  0x635cfc00 WatcherThread [stack: 0x62d55000,0x62dd6000] [id=10723]

Threads with active compile tasks:
C2 CompilerThread1 482       4       java.util.Properties::loadConvert (505 bytes)

VM state:not at safepoint (normal execution)

VM Mutex/Monitor currently owned by a thread: None

Heap:
 garbage-first heap   total 65536K, used 4096K [0x66400000, 0x66500100, 0xa6400000)
  region size 1024K, 5 young (5120K), 0 survivors (0K)
 Metaspace       used 6783K, capacity 7203K, committed 7320K, reserved 7472K
Heap Regions: E=young(eden), S=young(survivor), O=old, HS=humongous(starts), HC=humongous(continues), CS=collection set, F=free, A=archive, TS=gc time stamp, AC=allocation context, TAMS=top-at-mark-start (previous, next)
|   0|0x66400000, 0x66400000, 0x66500000|  0%| F|  |TS  0|AC  0|TAMS 0x66400000, 0x66400000|
|   1|0x66500000, 0x66500000, 0x66600000|  0%| F|  |TS  0|AC  0|TAMS 0x66500000, 0x66500000|
|   2|0x66600000, 0x66600000, 0x66700000|  0%| F|  |TS  0|AC  0|TAMS 0x66600000, 0x66600000|
|   3|0x66700000, 0x66700000, 0x66800000|  0%| F|  |TS  0|AC  0|TAMS 0x66700000, 0x66700000|
|   4|0x66800000, 0x66800000, 0x66900000|  0%| F|  |TS  0|AC  0|TAMS 0x66800000, 0x66800000|
|   5|0x66900000, 0x66900000, 0x66a00000|  0%| F|  |TS  0|AC  0|TAMS 0x66900000, 0x66900000|
|   6|0x66a00000, 0x66a00000, 0x66b00000|  0%| F|  |TS  0|AC  0|TAMS 0x66a00000, 0x66a00000|
|   7|0x66b00000, 0x66b00000, 0x66c00000|  0%| F|  |TS  0|AC  0|TAMS 0x66b00000, 0x66b00000|
|   8|0x66c00000, 0x66c00000, 0x66d00000|  0%| F|  |TS  0|AC  0|TAMS 0x66c00000, 0x66c00000|
|   9|0x66d00000, 0x66d00000, 0x66e00000|  0%| F|  |TS  0|AC  0|TAMS 0x66d00000, 0x66d00000|
|  10|0x66e00000, 0x66e00000, 0x66f00000|  0%| F|  |TS  0|AC  0|TAMS 0x66e00000, 0x66e00000|
|  11|0x66f00000, 0x66f00000, 0x67000000|  0%| F|  |TS  0|AC  0|TAMS 0x66f00000, 0x66f00000|
|  12|0x67000000, 0x67000000, 0x67100000|  0%| F|  |TS  0|AC  0|TAMS 0x67000000, 0x67000000|
|  13|0x67100000, 0x67100000, 0x67200000|  0%| F|  |TS  0|AC  0|TAMS 0x67100000, 0x67100000|
|  14|0x67200000, 0x67200000, 0x67300000|  0%| F|  |TS  0|AC  0|TAMS 0x67200000, 0x67200000|
|  15|0x67300000, 0x67300000, 0x67400000|  0%| F|  |TS  0|AC  0|TAMS 0x67300000, 0x67300000|
|  16|0x67400000, 0x67400000, 0x67500000|  0%| F|  |TS  0|AC  0|TAMS 0x67400000, 0x67400000|
|  17|0x67500000, 0x67500000, 0x67600000|  0%| F|  |TS  0|AC  0|TAMS 0x67500000, 0x67500000|
|  18|0x67600000, 0x67600000, 0x67700000|  0%| F|  |TS  0|AC  0|TAMS 0x67600000, 0x67600000|
|  19|0x67700000, 0x67700000, 0x67800000|  0%| F|  |TS  0|AC  0|TAMS 0x67700000, 0x67700000|
|  20|0x67800000, 0x67800000, 0x67900000|  0%| F|  |TS  0|AC  0|TAMS 0x67800000, 0x67800000|
|  21|0x67900000, 0x67900000, 0x67a00000|  0%| F|  |TS  0|AC  0|TAMS 0x67900000, 0x67900000|
|  22|0x67a00000, 0x67a00000, 0x67b00000|  0%| F|  |TS  0|AC  0|TAMS 0x67a00000, 0x67a00000|
|  23|0x67b00000, 0x67b00000, 0x67c00000|  0%| F|  |TS  0|AC  0|TAMS 0x67b00000, 0x67b00000|
|  24|0x67c00000, 0x67c00000, 0x67d00000|  0%| F|  |TS  0|AC  0|TAMS 0x67c00000, 0x67c00000|
|  25|0x67d00000, 0x67d00000, 0x67e00000|  0%| F|  |TS  0|AC  0|TAMS 0x67d00000, 0x67d00000|
|  26|0x67e00000, 0x67e00000, 0x67f00000|  0%| F|  |TS  0|AC  0|TAMS 0x67e00000, 0x67e00000|
|  27|0x67f00000, 0x67f00000, 0x68000000|  0%| F|  |TS  0|AC  0|TAMS 0x67f00000, 0x67f00000|
|  28|0x68000000, 0x68000000, 0x68100000|  0%| F|  |TS  0|AC  0|TAMS 0x68000000, 0x68000000|
|  29|0x68100000, 0x68100000, 0x68200000|  0%| F|  |TS  0|AC  0|TAMS 0x68100000, 0x68100000|
|  30|0x68200000, 0x68200000, 0x68300000|  0%| F|  |TS  0|AC  0|TAMS 0x68200000, 0x68200000|
|  31|0x68300000, 0x68300000, 0x68400000|  0%| F|  |TS  0|AC  0|TAMS 0x68300000, 0x68300000|
|  32|0x68400000, 0x68400000, 0x68500000|  0%| F|  |TS  0|AC  0|TAMS 0x68400000, 0x68400000|
|  33|0x68500000, 0x68500000, 0x68600000|  0%| F|  |TS  0|AC  0|TAMS 0x68500000, 0x68500000|
|  34|0x68600000, 0x68600000, 0x68700000|  0%| F|  |TS  0|AC  0|TAMS 0x68600000, 0x68600000|
|  35|0x68700000, 0x68700000, 0x68800000|  0%| F|  |TS  0|AC  0|TAMS 0x68700000, 0x68700000|
|  36|0x68800000, 0x68800000, 0x68900000|  0%| F|  |TS  0|AC  0|TAMS 0x68800000, 0x68800000|
|  37|0x68900000, 0x68900000, 0x68a00000|  0%| F|  |TS  0|AC  0|TAMS 0x68900000, 0x68900000|
|  38|0x68a00000, 0x68a00000, 0x68b00000|  0%| F|  |TS  0|AC  0|TAMS 0x68a00000, 0x68a00000|
|  39|0x68b00000, 0x68b00000, 0x68c00000|  0%| F|  |TS  0|AC  0|TAMS 0x68b00000, 0x68b00000|
|  40|0x68c00000, 0x68c00000, 0x68d00000|  0%| F|  |TS  0|AC  0|TAMS 0x68c00000, 0x68c00000|
|  41|0x68d00000, 0x68d00000, 0x68e00000|  0%| F|  |TS  0|AC  0|TAMS 0x68d00000, 0x68d00000|
|  42|0x68e00000, 0x68e00000, 0x68f00000|  0%| F|  |TS  0|AC  0|TAMS 0x68e00000, 0x68e00000|
|  43|0x68f00000, 0x68f00000, 0x69000000|  0%| F|  |TS  0|AC  0|TAMS 0x68f00000, 0x68f00000|
|  44|0x69000000, 0x69000000, 0x69100000|  0%| F|  |TS  0|AC  0|TAMS 0x69000000, 0x69000000|
|  45|0x69100000, 0x69100000, 0x69200000|  0%| F|  |TS  0|AC  0|TAMS 0x69100000, 0x69100000|
|  46|0x69200000, 0x69200000, 0x69300000|  0%| F|  |TS  0|AC  0|TAMS 0x69200000, 0x69200000|
|  47|0x69300000, 0x69300000, 0x69400000|  0%| F|  |TS  0|AC  0|TAMS 0x69300000, 0x69300000|
|  48|0x69400000, 0x69400000, 0x69500000|  0%| F|  |TS  0|AC  0|TAMS 0x69400000, 0x69400000|
|  49|0x69500000, 0x69500000, 0x69600000|  0%| F|  |TS  0|AC  0|TAMS 0x69500000, 0x69500000|
|  50|0x69600000, 0x69600000, 0x69700000|  0%| F|  |TS  0|AC  0|TAMS 0x69600000, 0x69600000|
|  51|0x69700000, 0x69700000, 0x69800000|  0%| F|  |TS  0|AC  0|TAMS 0x69700000, 0x69700000|
|  52|0x69800000, 0x69800000, 0x69900000|  0%| F|  |TS  0|AC  0|TAMS 0x69800000, 0x69800000|
|  53|0x69900000, 0x69900000, 0x69a00000|  0%| F|  |TS  0|AC  0|TAMS 0x69900000, 0x69900000|
|  54|0x69a00000, 0x69a00000, 0x69b00000|  0%| F|  |TS  0|AC  0|TAMS 0x69a00000, 0x69a00000|
|  55|0x69b00000, 0x69b00000, 0x69c00000|  0%| F|  |TS  0|AC  0|TAMS 0x69b00000, 0x69b00000|
|  56|0x69c00000, 0x69c00000, 0x69d00000|  0%| F|  |TS  0|AC  0|TAMS 0x69c00000, 0x69c00000|
|  57|0x69d00000, 0x69d00000, 0x69e00000|  0%| F|  |TS  0|AC  0|TAMS 0x69d00000, 0x69d00000|
|  58|0x69e00000, 0x69e00000, 0x69f00000|  0%| F|  |TS  0|AC  0|TAMS 0x69e00000, 0x69e00000|
|  59|0x69f00000, 0x69ffdb50, 0x6a000000| 99%| E|  |TS  0|AC  0|TAMS 0x69f00000, 0x69f00000|
|  60|0x6a000000, 0x6a100000, 0x6a100000|100%| E|CS|TS  0|AC  0|TAMS 0x6a000000, 0x6a000000|
|  61|0x6a100000, 0x6a200000, 0x6a200000|100%| E|CS|TS  0|AC  0|TAMS 0x6a100000, 0x6a100000|
|  62|0x6a200000, 0x6a300000, 0x6a300000|100%| E|CS|TS  0|AC  0|TAMS 0x6a200000, 0x6a200000|
|  63|0x6a300000, 0x6a400000, 0x6a400000|100%| E|CS|TS  0|AC  0|TAMS 0x6a300000, 0x6a300000|

Card table byte_map: [0x65e00000,0x66000000] byte_map_base: 0x65ace000

Marking Bits (Prev, Next): (CMBitMap*) 0xb657ddd4, (CMBitMap*) 0xb657ddf0
 Prev Bits: [0x64c00000, 0x65c00000)
 Next Bits: [0x63c00000, 0x64c00000)

Polling page: 0xb77a9000

CodeHeap 'non-nmethods': size=5412Kb used=755Kb max_used=767Kb free=4657Kb
 bounds [0xa7346000, 0xa7586000, 0xa788f000]
CodeHeap 'profiled nmethods': size=120172Kb used=654Kb max_used=654Kb free=119517Kb
 bounds [0xa788f000, 0xa7acf000, 0xaedea000]
CodeHeap 'non-profiled nmethods': size=120176Kb used=117Kb max_used=117Kb free=120058Kb
 bounds [0xaedea000, 0xaf02a000, 0xb6346000]
 total_blobs=881 nmethods=496 adapters=184
 compilation: enabled

Compilation events (10 events):
Event: 0.268 Thread 0x63553000  487       4       java.lang.AbstractStringBuilder::ensureCapacityInternal (39 bytes)
Event: 0.268 Thread 0x63556000 nmethod 496 0xa7931808 code [0xa7931940, 0xa7931ab8]
Event: 0.268 Thread 0x63556000  497       3       java.lang.CharacterDataLatin1::toLowerCase (39 bytes)
Event: 0.268 Thread 0x63556000 nmethod 497 0xa7931b88 code [0xa7931ca0, 0xa7931e60]
Event: 0.268 Thread 0x63556000  494       3       java.lang.invoke.MemberName::isField (7 bytes)
Event: 0.268 Thread 0x63556000 nmethod 494 0xa7932008 code [0xa7932120, 0xa79322e0]
Event: 0.268 Thread 0x63556000  495       3       java.lang.invoke.DirectMethodHandle::maybeCompile (18 bytes)
Event: 0.268 Thread 0x63556000 nmethod 495 0xa7932408 code [0xa7932540, 0xa79326f8]
Event: 0.270 Thread 0x63556000  498       3       java.nio.HeapByteBuffer::_get (7 bytes)
Event: 0.270 Thread 0x63556000 nmethod 498 0xa7932808 code [0xa7932920, 0xa7932a20]

GC Heap History (0 events):
No events

Deoptimization events (5 events):
Event: 0.053 Thread 0xb650b400 Uncommon trap: reason=unstable_if action=reinterpret pc=0xaedebc00 method=java.lang.String.hashCode()I @ 12
Event: 0.175 Thread 0xb650b400 Uncommon trap: reason=unstable_if action=reinterpret pc=0xaedf1038 method=java.util.HashMap.putVal(ILjava/lang/Object;Ljava/lang/Object;ZZ)Ljava/lang/Object; @ 181
Event: 0.219 Thread 0xb650b400 Uncommon trap: reason=unstable_if action=reinterpret pc=0xaedf2834 method=java.util.HashMap.hash(Ljava/lang/Object;)I @ 1
Event: 0.224 Thread 0xb650b400 Uncommon trap: reason=unstable_if action=reinterpret pc=0xaedf2560 method=java.util.HashMap.hash(Ljava/lang/Object;)I @ 1
Event: 0.234 Thread 0xb650b400 Uncommon trap: reason=unstable_fused_if action=reinterpret pc=0xaedfac4c method=jdk.internal.org.objectweb.asm.ByteVector.putUTF8(Ljava/lang/String;)Ljdk/internal/org/objectweb/asm/ByteVector; @ 91

Classes redefined (0 events):
No events

Internal exceptions (7 events):
Event: 0.117 Thread 0xb650b400 Exception <a 'java/lang/ClassNotFoundException'{0x6a2f35d0}: sun/awt/resources/awtProvider> (0x6a2f35d0) thrown at [/build/openjdk-9-w1JaeN/openjdk-9-9~b115/src/hotspot/src/share/vm/classfile/systemDictionary.cpp, line 226]
Event: 0.130 Thread 0xb650b400 Exception <a 'java/io/FileNotFoundException'{0x6a12b460}> (0x6a12b460) thrown at [/build/openjdk-9-w1JaeN/openjdk-9-9~b115/src/hotspot/src/share/vm/prims/jni.cpp, line 606]
Event: 0.131 Thread 0xb650b400 Exception <a 'java/io/FileNotFoundException'{0x6a1332e8}> (0x6a1332e8) thrown at [/build/openjdk-9-w1JaeN/openjdk-9-9~b115/src/hotspot/src/share/vm/prims/jni.cpp, line 606]
Event: 0.213 Thread 0xb650b400 Exception <a 'java/lang/ClassNotFoundException'{0x6a0cd410}: com/sun/swing/internal/plaf/metal/resources/metalProvider> (0x6a0cd410) thrown at [/build/openjdk-9-w1JaeN/openjdk-9-9~b115/src/hotspot/src/share/vm/classfile/systemDictionary.cpp, line 226]
Event: 0.214 Thread 0xb650b400 Exception <a 'java/lang/ClassNotFoundException'{0x6a0d09c0}: com/sun/swing/internal/plaf/basic/resources/basicProvider> (0x6a0d09c0) thrown at [/build/openjdk-9-w1JaeN/openjdk-9-9~b115/src/hotspot/src/share/vm/classfile/systemDictionary.cpp, line 226]
Event: 0.219 Thread 0xb650b400 Implicit null exception at 0xaedf27bd to 0xaedf282a
Event: 0.224 Thread 0xb650b400 Implicit null exception at 0xaedf250b to 0xaedf2550

Events (10 events):
Event: 0.270 loading class sun/nio/cs/UTF_16$Decoder
Event: 0.270 loading class sun/nio/cs/UnicodeDecoder
Event: 0.270 loading class sun/nio/cs/UnicodeDecoder done
Event: 0.270 loading class sun/nio/cs/UTF_16$Decoder done
Event: 0.270 loading class sun/font/FileFontStrike
Event: 0.270 loading class sun/font/FileFontStrike done
Event: 0.271 loading class sun/font/FontScaler
Event: 0.271 loading class sun/font/FontScaler done
Event: 0.271 loading class sun/font/FreetypeFontScaler
Event: 0.271 loading class sun/font/FreetypeFontScaler done


Dynamic libraries:
08048000-08049000 r-xp 00000000 08:12 5123523    /usr/lib/jvm/java-9-openjdk-i386/bin/java
08049000-0804a000 r--p 00000000 08:12 5123523    /usr/lib/jvm/java-9-openjdk-i386/bin/java
0804a000-0804b000 rw-p 00001000 08:12 5123523    /usr/lib/jvm/java-9-openjdk-i386/bin/java
0809f000-080c0000 rw-p 00000000 00:00 0          [heap]
62200000-62239000 rw-p 00000000 00:00 0 
62239000-62300000 ---p 00000000 00:00 0 
62300000-623e0000 rw-p 00000000 00:00 0 
623e0000-62400000 ---p 00000000 00:00 0 
62400000-6243f000 rw-p 00000000 00:00 0 
6243f000-62500000 ---p 00000000 00:00 0 
6250c000-62510000 ---p 00000000 00:00 0 
62510000-6255d000 rw-p 00000000 00:00 0 
6255d000-62561000 ---p 00000000 00:00 0 
62561000-626ae000 rw-p 00000000 00:00 0 
626ae000-626b2000 ---p 00000000 00:00 0 
626b2000-626ff000 rw-p 00000000 00:00 0 
626ff000-62703000 ---p 00000000 00:00 0 
62703000-62850000 rw-p 00000000 00:00 0 
62850000-628fb000 r-xp 00000000 08:12 5116962    /usr/lib/i386-linux-gnu/libfreetype.so.6.12.1
628fb000-628ff000 r--p 000aa000 08:12 5116962    /usr/lib/i386-linux-gnu/libfreetype.so.6.12.1
628ff000-62900000 rw-p 000ae000 08:12 5116962    /usr/lib/i386-linux-gnu/libfreetype.so.6.12.1
62900000-629b5000 rw-p 00000000 00:00 0 
629b5000-62a00000 ---p 00000000 00:00 0 
62a2b000-62aed000 r-xp 00000000 08:12 5255733    /usr/lib/jvm/java-9-openjdk-i386/lib/i386/libfontmanager.so
62aed000-62aef000 r--p 000c1000 08:12 5255733    /usr/lib/jvm/java-9-openjdk-i386/lib/i386/libfontmanager.so
62aef000-62af0000 rw-p 000c3000 08:12 5255733    /usr/lib/jvm/java-9-openjdk-i386/lib/i386/libfontmanager.so
62af0000-62c36000 r-xp 00000000 08:12 5117841    /usr/lib/i386-linux-gnu/libX11.so.6.3.0
62c36000-62c37000 ---p 00146000 08:12 5117841    /usr/lib/i386-linux-gnu/libX11.so.6.3.0
62c37000-62c38000 r--p 00146000 08:12 5117841    /usr/lib/i386-linux-gnu/libX11.so.6.3.0
62c38000-62c3a000 rw-p 00147000 08:12 5117841    /usr/lib/i386-linux-gnu/libX11.so.6.3.0
62c3a000-62c3b000 rw-p 00000000 00:00 0 
62c3b000-62c8f000 r-xp 00000000 08:12 5255789    /usr/lib/jvm/java-9-openjdk-i386/lib/i386/libawt_xawt.so
62c8f000-62c90000 r--p 00053000 08:12 5255789    /usr/lib/jvm/java-9-openjdk-i386/lib/i386/libawt_xawt.so
62c90000-62c92000 rw-p 00054000 08:12 5255789    /usr/lib/jvm/java-9-openjdk-i386/lib/i386/libawt_xawt.so
62c92000-62c93000 rw-p 00000000 00:00 0 
62c93000-62d29000 r-xp 00000000 08:12 5255731    /usr/lib/jvm/java-9-openjdk-i386/lib/i386/libawt.so
62d29000-62d2a000 r--p 00095000 08:12 5255731    /usr/lib/jvm/java-9-openjdk-i386/lib/i386/libawt.so
62d2a000-62d31000 rw-p 00096000 08:12 5255731    /usr/lib/jvm/java-9-openjdk-i386/lib/i386/libawt.so
62d31000-62d55000 rw-p 00000000 00:00 0 
62d55000-62d56000 ---p 00000000 00:00 0 
62d56000-62dd6000 rw-p 00000000 00:00 0 
62dd6000-62dda000 ---p 00000000 00:00 0 
62dda000-62e27000 rw-p 00000000 00:00 0 
62e27000-62e2b000 ---p 00000000 00:00 0 
62e2b000-63039000 rw-p 00000000 00:00 0 
63039000-6303d000 ---p 00000000 00:00 0 
6303d000-6308a000 rw-p 00000000 00:00 0 
6308a000-6308e000 ---p 00000000 00:00 0 
6308e000-6310b000 rw-p 00000000 00:00 0 
6310b000-6310f000 ---p 00000000 00:00 0 
6310f000-6318c000 rw-p 00000000 00:00 0 
6318c000-63190000 ---p 00000000 00:00 0 
63190000-6320d000 rw-p 00000000 00:00 0 
6320d000-63211000 ---p 00000000 00:00 0 
63211000-6325e000 rw-p 00000000 00:00 0 
6325e000-63262000 ---p 00000000 00:00 0 
63262000-632af000 rw-p 00000000 00:00 0 
632af000-634af000 r--p 00000000 08:12 5116755    /usr/lib/locale/locale-archive
634af000-634b3000 ---p 00000000 00:00 0 
634b3000-63500000 rw-p 00000000 00:00 0 
63500000-63600000 rw-p 00000000 00:00 0 
63606000-6360a000 ---p 00000000 00:00 0 
6360a000-63657000 rw-p 00000000 00:00 0 
63657000-63658000 ---p 00000000 00:00 0 
63658000-63b79000 rw-p 00000000 00:00 0 
63b79000-63b7f000 ---p 00000000 00:00 0 
63b7f000-63b80000 ---p 00000000 00:00 0 
63b80000-63d00000 rw-p 00000000 00:00 0 
63d00000-64c00000 ---p 00000000 00:00 0 
64c00000-64d00000 rw-p 00000000 00:00 0 
64d00000-65c00000 ---p 00000000 00:00 0 
65c00000-65c20000 rw-p 00000000 00:00 0 
65c20000-65e00000 ---p 00000000 00:00 0 
65e00000-65e20000 rw-p 00000000 00:00 0 
65e20000-66200000 ---p 00000000 00:00 0 
66200000-66220000 rw-p 00000000 00:00 0 
66220000-66400000 ---p 00000000 00:00 0 
66400000-6a400000 rw-p 00000000 00:00 0 
6a400000-a6400000 ---p 00000000 00:00 0 
a6411000-a643a000 r-xp 00000000 08:12 1310827    /lib/i386-linux-gnu/libpng12.so.0.54.0
a643a000-a643b000 r--p 00028000 08:12 1310827    /lib/i386-linux-gnu/libpng12.so.0.54.0
a643b000-a643c000 rw-p 00029000 08:12 1310827    /lib/i386-linux-gnu/libpng12.so.0.54.0
a643c000-a647d000 rw-p 00000000 00:00 0 
a647d000-a647e000 ---p 00000000 00:00 0 
a647e000-a64fe000 rw-p 00000000 00:00 0 
a64fe000-a64ff000 ---p 00000000 00:00 0 
a64ff000-a657f000 rw-p 00000000 00:00 0 
a657f000-a6580000 ---p 00000000 00:00 0 
a6580000-a6600000 rw-p 00000000 00:00 0 
a6600000-a6621000 rw-p 00000000 00:00 0 
a6621000-a6700000 ---p 00000000 00:00 0 
a6711000-a6716000 r-xp 00000000 08:12 5118330    /usr/lib/i386-linux-gnu/libXfixes.so.3.1.0
a6716000-a6717000 r--p 00004000 08:12 5118330    /usr/lib/i386-linux-gnu/libXfixes.so.3.1.0
a6717000-a6718000 rw-p 00005000 08:12 5118330    /usr/lib/i386-linux-gnu/libXfixes.so.3.1.0
a6718000-a673c000 r-xp 00000000 08:12 5117791    /usr/lib/i386-linux-gnu/libxcb.so.1.1.0
a673c000-a673d000 r--p 00023000 08:12 5117791    /usr/lib/i386-linux-gnu/libxcb.so.1.1.0
a673d000-a673e000 rw-p 00024000 08:12 5117791    /usr/lib/i386-linux-gnu/libxcb.so.1.1.0
a673e000-a677f000 rw-p 00000000 00:00 0 
a677f000-a6780000 ---p 00000000 00:00 0 
a6780000-a6800000 rw-p 00000000 00:00 0 
a6800000-a68fa000 rw-p 00000000 00:00 0 
a68fa000-a6900000 ---p 00000000 00:00 0 
a6900000-a6909000 r-xp 00000000 08:12 5118332    /usr/lib/i386-linux-gnu/libXcursor.so.1.0.2
a6909000-a690a000 r--p 00008000 08:12 5118332    /usr/lib/i386-linux-gnu/libXcursor.so.1.0.2
a690a000-a690b000 rw-p 00009000 08:12 5118332    /usr/lib/i386-linux-gnu/libXcursor.so.1.0.2
a690b000-a6910000 r-xp 00000000 08:12 5117786    /usr/lib/i386-linux-gnu/libXdmcp.so.6.0.0
a6910000-a6911000 r--p 00004000 08:12 5117786    /usr/lib/i386-linux-gnu/libXdmcp.so.6.0.0
a6911000-a6912000 rw-p 00005000 08:12 5117786    /usr/lib/i386-linux-gnu/libXdmcp.so.6.0.0
a6912000-a6925000 r-xp 00000000 08:12 5117843    /usr/lib/i386-linux-gnu/libXext.so.6.4.0
a6925000-a6926000 r--p 00012000 08:12 5117843    /usr/lib/i386-linux-gnu/libXext.so.6.4.0
a6926000-a6927000 rw-p 00013000 08:12 5117843    /usr/lib/i386-linux-gnu/libXext.so.6.4.0
a693c000-a697d000 rw-p 00000000 00:00 0 
a697d000-a697e000 ---p 00000000 00:00 0 
a697e000-a69fe000 rw-p 00000000 00:00 0 
a69fe000-a69ff000 ---p 00000000 00:00 0 
a69ff000-a6a7f000 rw-p 00000000 00:00 0 
a6a7f000-a6a80000 ---p 00000000 00:00 0 
a6a80000-a6b00000 rw-p 00000000 00:00 0 
a6b00000-a6bd2000 rw-p 00000000 00:00 0 
a6bd2000-a6c00000 ---p 00000000 00:00 0 
a6c00000-a6cfc000 rw-p 00000000 00:00 0 
a6cfc000-a6d00000 ---p 00000000 00:00 0 
a6d00000-a6d21000 rw-p 00000000 00:00 0 
a6d21000-a6e00000 ---p 00000000 00:00 0 
a6e01000-a6e12000 r-xp 00000000 08:12 5118336    /usr/lib/i386-linux-gnu/libXi.so.6.1.0
a6e12000-a6e13000 r--p 00010000 08:12 5118336    /usr/lib/i386-linux-gnu/libXi.so.6.1.0
a6e13000-a6e14000 rw-p 00011000 08:12 5118336    /usr/lib/i386-linux-gnu/libXi.so.6.1.0
a6e14000-a6e29000 r-xp 00000000 08:12 5255735    /usr/lib/jvm/java-9-openjdk-i386/lib/i386/libnet.so
a6e29000-a6e2a000 r--p 00014000 08:12 5255735    /usr/lib/jvm/java-9-openjdk-i386/lib/i386/libnet.so
a6e2a000-a6e2b000 rw-p 00015000 08:12 5255735    /usr/lib/jvm/java-9-openjdk-i386/lib/i386/libnet.so
a6e2b000-a6e3c000 r-xp 00000000 08:12 5255791    /usr/lib/jvm/java-9-openjdk-i386/lib/i386/libnio.so
a6e3c000-a6e3d000 r--p 00010000 08:12 5255791    /usr/lib/jvm/java-9-openjdk-i386/lib/i386/libnio.so
a6e3d000-a6e3e000 rw-p 00011000 08:12 5255791    /usr/lib/jvm/java-9-openjdk-i386/lib/i386/libnio.so
a6e3e000-a6e7f000 rw-p 00000000 00:00 0 
a6e7f000-a6e80000 ---p 00000000 00:00 0 
a6e80000-a6f00000 rw-p 00000000 00:00 0 
a6f00000-a6f21000 rw-p 00000000 00:00 0 
a6f21000-a7000000 ---p 00000000 00:00 0 
a7006000-a700b000 r-xp 00000000 08:12 5118637    /usr/lib/i386-linux-gnu/libXtst.so.6.1.0
a700b000-a700c000 r--p 00004000 08:12 5118637    /usr/lib/i386-linux-gnu/libXtst.so.6.1.0
a700c000-a700d000 rw-p 00005000 08:12 5118637    /usr/lib/i386-linux-gnu/libXtst.so.6.1.0
a700d000-a706e000 rw-p 00000000 00:00 0 
a706e000-a706f000 ---p 00000000 00:00 0 
a706f000-a70ef000 rw-p 00000000 00:00 0 
a70ef000-a70f0000 ---p 00000000 00:00 0 
a70f0000-a7175000 rw-p 00000000 00:00 0 
a7175000-a725b000 ---p 00000000 00:00 0 
a725b000-a7260000 rw-p 00000000 00:00 0 
a7260000-a7346000 ---p 00000000 00:00 0 
a7346000-a7586000 rwxp 00000000 00:00 0 
a7586000-a788f000 ---p 00000000 00:00 0 
a788f000-a7acf000 rwxp 00000000 00:00 0 
a7acf000-aedea000 ---p 00000000 00:00 0 
aedea000-af02a000 rwxp 00000000 00:00 0 
af02a000-b6346000 ---p 00000000 00:00 0 
b6346000-b6500000 r--s 00000000 08:12 5255711    /usr/lib/jvm/java-9-openjdk-i386/lib/modules
b6500000-b65fe000 rw-p 00000000 00:00 0 
b65fe000-b6600000 ---p 00000000 00:00 0 
b6600000-b660a000 r-xp 00000000 08:12 5118187    /usr/lib/i386-linux-gnu/libXrender.so.1.3.0
b660a000-b660b000 r--p 00009000 08:12 5118187    /usr/lib/i386-linux-gnu/libXrender.so.1.3.0
b660b000-b660c000 rw-p 0000a000 08:12 5118187    /usr/lib/i386-linux-gnu/libXrender.so.1.3.0
b660c000-b6611000 rw-p 00000000 00:00 0 
b6611000-b6617000 ---p 00000000 00:00 0 
b6617000-b661c000 r-xp 00000000 08:12 5255761    /usr/lib/jvm/java-9-openjdk-i386/lib/i386/libjimage.so
b661c000-b661d000 r--p 00004000 08:12 5255761    /usr/lib/jvm/java-9-openjdk-i386/lib/i386/libjimage.so
b661d000-b661e000 rw-p 00005000 08:12 5255761    /usr/lib/jvm/java-9-openjdk-i386/lib/i386/libjimage.so
b661e000-b6629000 r-xp 00000000 08:12 1310809    /lib/i386-linux-gnu/libnss_files-2.23.so
b6629000-b662a000 r--p 0000a000 08:12 1310809    /lib/i386-linux-gnu/libnss_files-2.23.so
b662a000-b662b000 rw-p 0000b000 08:12 1310809    /lib/i386-linux-gnu/libnss_files-2.23.so
b662b000-b6631000 rw-p 00000000 00:00 0 
b6631000-b663c000 r-xp 00000000 08:12 1310813    /lib/i386-linux-gnu/libnss_nis-2.23.so
b663c000-b663d000 r--p 0000a000 08:12 1310813    /lib/i386-linux-gnu/libnss_nis-2.23.so
b663d000-b663e000 rw-p 0000b000 08:12 1310813    /lib/i386-linux-gnu/libnss_nis-2.23.so
b663e000-b6655000 r-xp 00000000 08:12 1310803    /lib/i386-linux-gnu/libnsl-2.23.so
b6655000-b6656000 r--p 00016000 08:12 1310803    /lib/i386-linux-gnu/libnsl-2.23.so
b6656000-b6657000 rw-p 00017000 08:12 1310803    /lib/i386-linux-gnu/libnsl-2.23.so
b6657000-b6659000 rw-p 00000000 00:00 0 
b6659000-b6661000 r-xp 00000000 08:12 1310805    /lib/i386-linux-gnu/libnss_compat-2.23.so
b6661000-b6662000 r--p 00007000 08:12 1310805    /lib/i386-linux-gnu/libnss_compat-2.23.so
b6662000-b6663000 rw-p 00008000 08:12 1310805    /lib/i386-linux-gnu/libnss_compat-2.23.so
b6667000-b666e000 r-xp 00000000 08:12 5255753    /usr/lib/jvm/java-9-openjdk-i386/lib/i386/libzip.so
b666e000-b666f000 r--p 00006000 08:12 5255753    /usr/lib/jvm/java-9-openjdk-i386/lib/i386/libzip.so
b666f000-b6670000 rw-p 00007000 08:12 5255753    /usr/lib/jvm/java-9-openjdk-i386/lib/i386/libzip.so
b6670000-b6678000 rw-s 00000000 08:12 4980895    /tmp/hsperfdata_kevin/10699
b6678000-b669e000 r-xp 00000000 08:12 5255721    /usr/lib/jvm/java-9-openjdk-i386/lib/i386/libjava.so
b669e000-b669f000 r--p 00025000 08:12 5255721    /usr/lib/jvm/java-9-openjdk-i386/lib/i386/libjava.so
b669f000-b66a0000 rw-p 00026000 08:12 5255721    /usr/lib/jvm/java-9-openjdk-i386/lib/i386/libjava.so
b66a0000-b66a7000 r-xp 00000000 08:12 1310838    /lib/i386-linux-gnu/librt-2.23.so
b66a7000-b66a8000 r--p 00006000 08:12 1310838    /lib/i386-linux-gnu/librt-2.23.so
b66a8000-b66a9000 rw-p 00007000 08:12 1310838    /lib/i386-linux-gnu/librt-2.23.so
b66a9000-b66ad000 ---p 00000000 00:00 0 
b66ad000-b66fa000 rw-p 00000000 00:00 0 
b66fa000-b6716000 r-xp 00000000 08:12 1310773    /lib/i386-linux-gnu/libgcc_s.so.1
b6716000-b6717000 rw-p 0001b000 08:12 1310773    /lib/i386-linux-gnu/libgcc_s.so.1
b6717000-b676a000 r-xp 00000000 08:12 1310788    /lib/i386-linux-gnu/libm-2.23.so
b676a000-b676b000 r--p 00052000 08:12 1310788    /lib/i386-linux-gnu/libm-2.23.so
b676b000-b676c000 rw-p 00053000 08:12 1310788    /lib/i386-linux-gnu/libm-2.23.so
b676c000-b68d9000 r-xp 00000000 08:12 5118249    /usr/lib/i386-linux-gnu/libstdc++.so.6.0.21
b68d9000-b68da000 ---p 0016d000 08:12 5118249    /usr/lib/i386-linux-gnu/libstdc++.so.6.0.21
b68da000-b68df000 r--p 0016d000 08:12 5118249    /usr/lib/i386-linux-gnu/libstdc++.so.6.0.21
b68df000-b68e0000 rw-p 00172000 08:12 5118249    /usr/lib/i386-linux-gnu/libstdc++.so.6.0.21
b68e0000-b68e3000 rw-p 00000000 00:00 0 
b68e3000-b7513000 r-xp 00000000 08:12 5255747    /usr/lib/jvm/java-9-openjdk-i386/lib/i386/server/libjvm.so
b7513000-b7514000 ---p 00c30000 08:12 5255747    /usr/lib/jvm/java-9-openjdk-i386/lib/i386/server/libjvm.so
b7514000-b7569000 r--p 00c30000 08:12 5255747    /usr/lib/jvm/java-9-openjdk-i386/lib/i386/server/libjvm.so
b7569000-b7587000 rw-p 00c85000 08:12 5255747    /usr/lib/jvm/java-9-openjdk-i386/lib/i386/server/libjvm.so
b7587000-b75b0000 rw-p 00000000 00:00 0 
b75b0000-b75c9000 r-xp 00000000 08:12 1310832    /lib/i386-linux-gnu/libpthread-2.23.so
b75c9000-b75ca000 r--p 00018000 08:12 1310832    /lib/i386-linux-gnu/libpthread-2.23.so
b75ca000-b75cb000 rw-p 00019000 08:12 1310832    /lib/i386-linux-gnu/libpthread-2.23.so
b75cb000-b75cd000 rw-p 00000000 00:00 0 
b75cd000-b75d0000 r-xp 00000000 08:12 1310761    /lib/i386-linux-gnu/libdl-2.23.so
b75d0000-b75d1000 r--p 00002000 08:12 1310761    /lib/i386-linux-gnu/libdl-2.23.so
b75d1000-b75d2000 rw-p 00003000 08:12 1310761    /lib/i386-linux-gnu/libdl-2.23.so
b75d2000-b75eb000 r-xp 00000000 08:12 1310868    /lib/i386-linux-gnu/libz.so.1.2.8
b75eb000-b75ec000 r--p 00018000 08:12 1310868    /lib/i386-linux-gnu/libz.so.1.2.8
b75ec000-b75ed000 rw-p 00019000 08:12 1310868    /lib/i386-linux-gnu/libz.so.1.2.8
b75ed000-b779c000 r-xp 00000000 08:12 1310747    /lib/i386-linux-gnu/libc-2.23.so
b779c000-b779d000 ---p 001af000 08:12 1310747    /lib/i386-linux-gnu/libc-2.23.so
b779d000-b779f000 r--p 001af000 08:12 1310747    /lib/i386-linux-gnu/libc-2.23.so
b779f000-b77a0000 rw-p 001b1000 08:12 1310747    /lib/i386-linux-gnu/libc-2.23.so
b77a0000-b77a3000 rw-p 00000000 00:00 0 
b77a4000-b77a6000 r-xp 00000000 08:12 5117781    /usr/lib/i386-linux-gnu/libXau.so.6.0.0
b77a6000-b77a7000 r--p 00001000 08:12 5117781    /usr/lib/i386-linux-gnu/libXau.so.6.0.0
b77a7000-b77a8000 rw-p 00002000 08:12 5117781    /usr/lib/i386-linux-gnu/libXau.so.6.0.0
b77a8000-b77a9000 rw-p 00000000 00:00 0 
b77a9000-b77aa000 r--p 00000000 00:00 0 
b77aa000-b77b5000 r-xp 00000000 08:12 5255723    /usr/lib/jvm/java-9-openjdk-i386/lib/i386/libverify.so
b77b5000-b77b6000 ---p 0000b000 08:12 5255723    /usr/lib/jvm/java-9-openjdk-i386/lib/i386/libverify.so
b77b6000-b77b7000 r--p 0000b000 08:12 5255723    /usr/lib/jvm/java-9-openjdk-i386/lib/i386/libverify.so
b77b7000-b77b8000 rw-p 0000c000 08:12 5255723    /usr/lib/jvm/java-9-openjdk-i386/lib/i386/libverify.so
b77b8000-b77c6000 r-xp 00000000 08:12 5255785    /usr/lib/jvm/java-9-openjdk-i386/lib/i386/jli/libjli.so
b77c6000-b77c7000 r--p 0000d000 08:12 5255785    /usr/lib/jvm/java-9-openjdk-i386/lib/i386/jli/libjli.so
b77c7000-b77c8000 rw-p 0000e000 08:12 5255785    /usr/lib/jvm/java-9-openjdk-i386/lib/i386/jli/libjli.so
b77c8000-b77ca000 rw-p 00000000 00:00 0 
b77ca000-b77cc000 r--p 00000000 00:00 0          [vvar]
b77cc000-b77cd000 r-xp 00000000 00:00 0          [vdso]
b77cd000-b77ef000 r-xp 00000000 08:12 1310723    /lib/i386-linux-gnu/ld-2.23.so
b77ef000-b77f0000 rw-p 00000000 00:00 0 
b77f0000-b77f1000 r--p 00022000 08:12 1310723    /lib/i386-linux-gnu/ld-2.23.so
b77f1000-b77f2000 rw-p 00023000 08:12 1310723    /lib/i386-linux-gnu/ld-2.23.so
bfba3000-bfba4000 rwxp 00000000 00:00 0 
bfbd7000-bfbf8000 rw-p 00000000 00:00 0          [stack]

VM Arguments:
java_command: Quiz1
java_class_path (initial): .
Launcher Type: SUN_STANDARD

Environment Variables:
PATH=/home/kevin/bin:/usr/sbin:/sbin:/home/kevin/bin:/usr/sbin:/sbin:/usr/local/bin:/usr/bin:/bin:/usr/local/games:/usr/games
SHELL=/bin/zsh
DISPLAY=:0.0

Signal Handlers:
SIGSEGV: [libjvm.so+0x9e3700], sa_mask[0]=11111111011111111101111111111110, sa_flags=SA_RESTART|SA_SIGINFO
SIGBUS: [libjvm.so+0x9e3700], sa_mask[0]=11111111011111111101111111111110, sa_flags=SA_RESTART|SA_SIGINFO
SIGFPE: [libjvm.so+0x9e3700], sa_mask[0]=11111111011111111101111111111110, sa_flags=SA_RESTART|SA_SIGINFO
SIGPIPE: [libjvm.so+0x82f8d0], sa_mask[0]=11111111011111111101111111111110, sa_flags=SA_RESTART|SA_SIGINFO
SIGXFSZ: [libjvm.so+0x82f8d0], sa_mask[0]=11111111011111111101111111111110, sa_flags=SA_RESTART|SA_SIGINFO
SIGILL: [libjvm.so+0x9e3700], sa_mask[0]=11111111011111111101111111111110, sa_flags=SA_RESTART|SA_SIGINFO
SIGUSR2: [libjvm.so+0x82f700], sa_mask[0]=00000000000000000000000000000000, sa_flags=SA_RESTART|SA_SIGINFO
SIGHUP: [libjvm.so+0x82fb40], sa_mask[0]=11111111011111111101111111111110, sa_flags=SA_RESTART|SA_SIGINFO
SIGINT: [libjvm.so+0x82fb40], sa_mask[0]=11111111011111111101111111111110, sa_flags=SA_RESTART|SA_SIGINFO
SIGTERM: [libjvm.so+0x82fb40], sa_mask[0]=11111111011111111101111111111110, sa_flags=SA_RESTART|SA_SIGINFO
SIGQUIT: [libjvm.so+0x82fb40], sa_mask[0]=11111111011111111101111111111110, sa_flags=SA_RESTART|SA_SIGINFO


---------------  S Y S T E M  ---------------

OS:DISTRIB_ID=Ubuntu
DISTRIB_RELEASE=16.04
DISTRIB_CODENAME=xenial
DISTRIB_DESCRIPTION="Ubuntu 16.04 LTS"
uname:Linux 4.4.0-36-generic #55-Ubuntu SMP Thu Aug 11 18:00:59 UTC 2016 i686
libc:glibc 2.23 NPTL 2.23 
rlimit: STACK 8192k, CORE 0k, NPROC 128745, NOFILE 65536, AS infinity
load average:0.22 0.33 0.29

/proc/meminfo:
MemTotal:       16510532 kB
MemFree:        11710828 kB
MemAvailable:   12735464 kB
Buffers:          223496 kB
Cached:          2050596 kB
SwapCached:            0 kB
Active:          3457380 kB
Inactive:        1143020 kB
Active(anon):    2327288 kB
Inactive(anon):   110852 kB
Active(file):    1130092 kB
Inactive(file):  1032168 kB
Unevictable:           0 kB
Mlocked:               0 kB
HighTotal:      15780524 kB
HighFree:       11382300 kB
LowTotal:         730008 kB
LowFree:          328528 kB
SwapTotal:       8300540 kB
SwapFree:        8300540 kB
Dirty:               364 kB
Writeback:            48 kB
AnonPages:       2326424 kB
Mapped:           447000 kB
Shmem:            111840 kB
Slab:             128776 kB
SReclaimable:     108624 kB
SUnreclaim:        20152 kB
KernelStack:        3456 kB
PageTables:        11752 kB
NFS_Unstable:          0 kB
Bounce:               36 kB
WritebackTmp:          0 kB
CommitLimit:    16555804 kB
Committed_AS:    6339692 kB
VmallocTotal:     122880 kB
VmallocUsed:           0 kB
VmallocChunk:          0 kB
AnonHugePages:   1445888 kB
CmaTotal:              0 kB
CmaFree:               0 kB
HugePages_Total:       0
HugePages_Free:        0
HugePages_Rsvd:        0
HugePages_Surp:        0
Hugepagesize:       2048 kB
DirectMap4k:       36856 kB
DirectMap2M:      876544 kB


CPU:total 4 (2 cores per cpu, 2 threads per core) family 6 model 78 stepping 3, cmov, cx8, fxsr, mmx, sse, sse2, sse3, ssse3, sse4.1, sse4.2, popcnt, avx, avx2, aes, clmul, erms, 3dnowpref, lzcnt, ht, tsc, tscinvbit, bmi1, bmi2, adx

CPU Model and flags from /proc/cpuinfo:
model name	: Intel(R) Core(TM) i7-6500U CPU @ 2.50GHz
flags		: fpu vme de pse tsc msr pae mce cx8 apic sep mtrr pge mca cmov pat pse36 clflush dts acpi mmx fxsr sse sse2 ss ht tm pbe nx pdpe1gb rdtscp lm constant_tsc art arch_perfmon pebs bts xtopology nonstop_tsc aperfmperf eagerfpu pni pclmulqdq dtes64 monitor ds_cpl vmx est tm2 ssse3 sdbg fma cx16 xtpr pdcm pcid sse4_1 sse4_2 x2apic movbe popcnt tsc_deadline_timer aes xsave avx f16c rdrand lahf_lm abm 3dnowprefetch epb intel_pt tpr_shadow vnmi flexpriority ept vpid fsgsbase tsc_adjust bmi1 avx2 smep bmi2 erms invpcid mpx rdseed adx smap clflushopt xsaveopt xsavec xgetbv1 dtherm ida arat pln pts hwp hwp_notify hwp_act_window hwp_epp

Memory: 4k page, physical 16510532k(11710828k free), swap 8300540k(8300540k free)

vm_info: OpenJDK Server VM (9-internal+0-2016-04-21-232257.buildd.src) for linux-x86 JRE (9-internal+0-2016-04-21-232257.buildd.src), built on Apr 21 2016 23:34:45 by "buildd" with gcc 5.3.1 20160413

END.
